2026-03-12 14:19:27,211 - INFO - ============================================================
2026-03-12 14:19:27,211 - INFO - 🎭 24AFISHA парсер запущен
2026-03-12 14:19:27,211 - INFO - ============================================================
2026-03-12 14:19:27,346 - INFO - Индекс: 7666 событий из других источников
2026-03-12 14:19:27,347 - INFO - 
📥 Театр Горького: https://24afisha.by/ru/minsk/events/gorkogo
2026-03-12 14:19:27,347 - INFO - Попытка 1/3: https://24afisha.by/ru/minsk/events/gorkogo
2026-03-12 14:19:27,525 - INFO - Загружено (120161 симв.)
2026-03-12 14:19:27,557 - INFO - Распарсено событий: 22
2026-03-12 14:19:27,562 - INFO -   Найдено: 22, уникальных: 18, сохранено: 18
2026-03-12 14:19:28,567 - INFO - 
📥 Большой театр: https://24afisha.by/ru/minsk/events/bolshoj
2026-03-12 14:19:28,567 - INFO - Попытка 1/3: https://24afisha.by/ru/minsk/events/bolshoj
2026-03-12 14:19:28,807 - INFO - Загружено (239460 симв.)
2026-03-12 14:19:28,887 - INFO - Распарсено событий: 70
2026-03-12 14:19:28,894 - INFO -   Найдено: 70, уникальных: 29, сохранено: 29
2026-03-12 14:19:29,895 - INFO - 
📥 Театры (общая): https://24afisha.by/ru/minsk/events/theatre
2026-03-12 14:19:29,895 - INFO - Попытка 1/3: https://24afisha.by/ru/minsk/events/theatre
2026-03-12 14:19:30,380 - INFO - Загружено (1037752 симв.)
2026-03-12 14:19:30,671 - INFO - Распарсено событий: 0
2026-03-12 14:19:30,672 - INFO -   Найдено: 0, уникальных: 0, сохранено: 0
2026-03-12 14:19:31,677 - INFO - 
📥 Спорт: https://24afisha.by/ru/minsk/events/sport
2026-03-12 14:19:31,677 - INFO - Попытка 1/3: https://24afisha.by/ru/minsk/events/sport
2026-03-12 14:19:32,099 - INFO - Загружено (64351 симв.)
2026-03-12 14:19:32,113 - INFO - Распарсено событий: 0
2026-03-12 14:19:32,113 - INFO -   Найдено: 0, уникальных: 0, сохранено: 0
2026-03-12 14:19:33,117 - INFO - 
📊 Итог: найдено 92, дублей 45, сохранено 47
2026-03-12 14:19:33,117 - INFO - ============================================================
2026-03-12 14:42:27,301 - INFO - ============================================================
2026-03-12 14:42:27,301 - INFO - 🎭 24AFISHA парсер запущен
2026-03-12 14:42:27,301 - INFO - ============================================================
2026-03-12 14:42:27,424 - INFO - Индекс: 7666 событий из других источников
2026-03-12 14:42:27,425 - INFO - Попытка 1/3: https://24afisha.by/ru/minsk/events/gorkogo
2026-03-12 14:42:28,260 - INFO - Загружено (119485 симв.)
2026-03-12 14:42:28,295 - INFO - Распарсено событий: 22
2026-03-12 14:42:28,299 - INFO -   gorkogo: найдено 22, уник. 2, сохр. 2
2026-03-12 14:42:29,303 - INFO - Попытка 1/3: https://24afisha.by/ru/minsk/events/bolshoj
2026-03-12 14:42:30,064 - INFO - Загружено (239460 симв.)
2026-03-12 14:42:30,143 - INFO - Распарсено событий: 70
2026-03-12 14:42:30,151 - INFO -   bolshoj: найдено 70, уник. 29, сохр. 29
2026-03-12 14:42:31,155 - INFO - Попытка 1/3: https://24afisha.by/ru/minsk/events/theatre/12032026
2026-03-12 14:42:32,001 - INFO - Загружено (371974 симв.)
2026-03-12 14:42:32,019 - INFO - Распарсено событий: 0
2026-03-12 14:42:32,525 - INFO - Попытка 1/3: https://24afisha.by/ru/minsk/events/theatre/13032026
2026-03-12 14:42:34,792 - INFO - Загружено (373047 симв.)
2026-03-12 14:42:34,810 - INFO - Распарсено событий: 0
2026-03-12 14:42:35,312 - INFO - Попытка 1/3: https://24afisha.by/ru/minsk/events/theatre/14032026
2026-03-12 14:42:37,746 - INFO - Загружено (392349 симв.)
2026-03-12 14:42:37,772 - INFO - Распарсено событий: 0
2026-03-12 14:42:38,274 - INFO - Попытка 1/3: https://24afisha.by/ru/minsk/events/theatre/15032026
2026-03-12 14:42:40,298 - INFO - Загружено (386265 симв.)
2026-03-12 14:42:40,322 - INFO - Распарсено событий: 0
2026-03-12 14:42:40,826 - INFO - Попытка 1/3: https://24afisha.by/ru/minsk/events/theatre/16032026
2026-03-12 14:42:43,095 - INFO - Загружено (345032 симв.)
2026-03-12 14:42:43,108 - INFO - Распарсено событий: 0
2026-03-12 14:42:43,612 - INFO - Попытка 1/3: https://24afisha.by/ru/minsk/events/theatre/17032026
2026-03-12 14:42:45,675 - INFO - Загружено (356228 симв.)
2026-03-12 14:42:45,690 - INFO - Распарсено событий: 0
2026-03-12 14:42:46,196 - INFO - Попытка 1/3: https://24afisha.by/ru/minsk/events/theatre/18032026
2026-03-12 14:42:48,783 - INFO - Загружено (364648 симв.)
2026-03-12 14:42:48,803 - INFO - Распарсено событий: 0
2026-03-12 14:42:49,305 - INFO - Попытка 1/3: https://24afisha.by/ru/minsk/events/theatre/19032026
2026-03-12 14:42:50,081 - INFO - Загружено (354173 симв.)
2026-03-12 14:42:50,097 - INFO - Распарсено событий: 0
2026-03-12 14:42:50,599 - INFO - Попытка 1/3: https://24afisha.by/ru/minsk/events/theatre/20032026
2026-03-12 14:42:52,705 - INFO - Загружено (363981 симв.)
2026-03-12 14:42:52,722 - INFO - Распарсено событий: 0
2026-03-12 14:42:53,226 - INFO - Попытка 1/3: https://24afisha.by/ru/minsk/events/theatre/21032026
2026-03-12 14:42:55,451 - INFO - Загружено (391660 симв.)
2026-03-12 14:42:55,480 - INFO - Распарсено событий: 0
2026-03-12 14:42:55,984 - INFO - Попытка 1/3: https://24afisha.by/ru/minsk/events/theatre/22032026
2026-03-12 14:42:58,321 - INFO - Загружено (380781 симв.)
2026-03-12 14:42:58,358 - INFO - Распарсено событий: 0
2026-03-12 14:42:58,862 - INFO - Попытка 1/3: https://24afisha.by/ru/minsk/events/theatre/23032026
2026-03-12 14:43:01,193 - INFO - Загружено (327941 симв.)
2026-03-12 14:43:01,205 - INFO - Распарсено событий: 0
2026-03-12 14:43:01,706 - INFO - Попытка 1/3: https://24afisha.by/ru/minsk/events/theatre/24032026
2026-03-12 14:43:03,901 - INFO - Загружено (364599 симв.)
2026-03-12 14:43:03,925 - INFO - Распарсено событий: 0
2026-03-12 14:43:04,429 - INFO - Попытка 1/3: https://24afisha.by/ru/minsk/events/theatre/25032026
2026-03-12 14:43:06,924 - INFO - Загружено (359095 симв.)
2026-03-12 14:43:06,948 - INFO - Распарсено событий: 0
2026-03-12 14:43:07,454 - INFO - Попытка 1/3: https://24afisha.by/ru/minsk/events/theatre/26032026
2026-03-12 14:43:08,419 - INFO - Загружено (341908 симв.)
2026-03-12 14:43:08,440 - INFO - Распарсено событий: 0
2026-03-12 14:43:08,945 - INFO - Попытка 1/3: https://24afisha.by/ru/minsk/events/theatre/27032026
2026-03-12 14:43:10,931 - INFO - Загружено (332084 симв.)
2026-03-12 14:43:10,959 - INFO - Распарсено событий: 0
2026-03-12 14:43:11,463 - INFO - Попытка 1/3: https://24afisha.by/ru/minsk/events/theatre/28032026
2026-03-12 14:43:13,382 - INFO - Загружено (343954 симв.)
2026-03-12 14:43:13,411 - INFO - Распарсено событий: 0
2026-03-12 14:43:13,913 - INFO - Попытка 1/3: https://24afisha.by/ru/minsk/events/theatre/29032026
2026-03-12 14:43:15,751 - INFO - Загружено (325149 симв.)
2026-03-12 14:43:15,772 - INFO - Распарсено событий: 0
2026-03-12 14:43:16,275 - INFO - Попытка 1/3: https://24afisha.by/ru/minsk/events/theatre/30032026
2026-03-12 14:43:18,000 - INFO - Загружено (281308 симв.)
2026-03-12 14:43:18,012 - INFO - Распарсено событий: 0
2026-03-12 14:43:18,516 - INFO - Попытка 1/3: https://24afisha.by/ru/minsk/events/theatre/31032026
2026-03-12 14:43:20,511 - INFO - Загружено (299252 симв.)
2026-03-12 14:43:20,528 - INFO - Распарсено событий: 0
2026-03-12 14:43:21,029 - INFO - Попытка 1/3: https://24afisha.by/ru/minsk/events/theatre/01042026
2026-03-12 14:43:22,640 - INFO - Загружено (302237 симв.)
2026-03-12 14:43:22,661 - INFO - Распарсено событий: 0
2026-03-12 14:43:23,163 - INFO - Попытка 1/3: https://24afisha.by/ru/minsk/events/theatre/02042026
2026-03-12 14:43:25,039 - INFO - Загружено (300398 симв.)
2026-03-12 14:43:25,057 - INFO - Распарсено событий: 0
2026-03-12 14:43:25,558 - INFO - Попытка 1/3: https://24afisha.by/ru/minsk/events/theatre/03042026
2026-03-12 14:43:26,806 - INFO - Загружено (294904 симв.)
2026-03-12 14:43:26,824 - INFO - Распарсено событий: 0
2026-03-12 14:43:27,330 - INFO - Попытка 1/3: https://24afisha.by/ru/minsk/events/theatre/04042026
2026-03-12 14:43:29,164 - INFO - Загружено (305877 симв.)
2026-03-12 14:43:29,186 - INFO - Распарсено событий: 0
2026-03-12 14:43:29,689 - INFO - Попытка 1/3: https://24afisha.by/ru/minsk/events/theatre/05042026
2026-03-12 14:43:31,600 - INFO - Загружено (286336 симв.)
2026-03-12 14:43:31,620 - INFO - Распарсено событий: 0
2026-03-12 14:43:32,122 - INFO - Попытка 1/3: https://24afisha.by/ru/minsk/events/theatre/06042026
2026-03-12 14:43:33,674 - INFO - Загружено (263351 симв.)
2026-03-12 14:43:33,685 - INFO - Распарсено событий: 0
2026-03-12 14:43:34,189 - INFO - Попытка 1/3: https://24afisha.by/ru/minsk/events/theatre/07042026
2026-03-12 14:43:36,200 - INFO - Загружено (274258 симв.)
2026-03-12 14:43:36,215 - INFO - Распарсено событий: 0
2026-03-12 14:43:36,721 - INFO - Попытка 1/3: https://24afisha.by/ru/minsk/events/theatre/08042026
2026-03-12 14:43:38,517 - INFO - Загружено (292225 симв.)
2026-03-12 14:43:38,538 - INFO - Распарсено событий: 0
2026-03-12 14:43:39,042 - INFO - Попытка 1/3: https://24afisha.by/ru/minsk/events/theatre/09042026
2026-03-12 14:43:40,820 - INFO - Загружено (279740 симв.)
2026-03-12 14:43:40,840 - INFO - Распарсено событий: 0
2026-03-12 14:43:41,342 - INFO - Попытка 1/3: https://24afisha.by/ru/minsk/events/theatre/10042026
2026-03-12 14:43:43,089 - INFO - Загружено (277181 симв.)
2026-03-12 14:43:43,112 - INFO - Распарсено событий: 0
2026-03-12 14:43:43,614 - INFO - Попытка 1/3: https://24afisha.by/ru/minsk/events/sport/12032026
2026-03-12 14:43:44,222 - INFO - Загружено (54197 симв.)
2026-03-12 14:43:44,232 - INFO - Распарсено событий: 0
2026-03-12 14:43:44,737 - INFO - Попытка 1/3: https://24afisha.by/ru/minsk/events/sport/13032026
2026-03-12 14:43:45,839 - INFO - Загружено (54250 симв.)
2026-03-12 14:43:45,848 - INFO - Распарсено событий: 0
2026-03-12 14:43:46,350 - INFO - Попытка 1/3: https://24afisha.by/ru/minsk/events/sport/14032026
2026-03-12 14:43:47,255 - INFO - Загружено (58637 симв.)
2026-03-12 14:43:47,265 - INFO - Распарсено событий: 0
2026-03-12 14:43:47,767 - INFO - Попытка 1/3: https://24afisha.by/ru/minsk/events/sport/15032026
2026-03-12 14:43:48,510 - INFO - Загружено (52420 симв.)
2026-03-12 14:43:48,519 - INFO - Распарсено событий: 0
2026-03-12 14:43:49,021 - INFO - Попытка 1/3: https://24afisha.by/ru/minsk/events/sport/16032026
2026-03-12 14:43:49,817 - INFO - Загружено (56453 симв.)
2026-03-12 14:43:49,828 - INFO - Распарсено событий: 0
2026-03-12 14:43:50,330 - INFO - Попытка 1/3: https://24afisha.by/ru/minsk/events/sport/17032026
2026-03-12 14:43:51,380 - INFO - Загружено (50622 симв.)
2026-03-12 14:43:51,389 - INFO - Распарсено событий: 0
2026-03-12 14:43:51,892 - INFO - Попытка 1/3: https://24afisha.by/ru/minsk/events/sport/18032026
2026-03-12 14:43:52,628 - INFO - Загружено (50620 симв.)
2026-03-12 14:43:52,638 - INFO - Распарсено событий: 0
2026-03-12 14:43:53,139 - INFO - Попытка 1/3: https://24afisha.by/ru/minsk/events/sport/19032026
2026-03-12 14:43:53,961 - INFO - Загружено (50622 симв.)
2026-03-12 14:43:53,972 - INFO - Распарсено событий: 0
2026-03-12 14:43:54,473 - INFO - Попытка 1/3: https://24afisha.by/ru/minsk/events/sport/20032026
2026-03-12 14:43:55,173 - INFO - Загружено (50622 симв.)
2026-03-12 14:43:55,182 - INFO - Распарсено событий: 0
2026-03-12 14:43:55,687 - INFO - Попытка 1/3: https://24afisha.by/ru/minsk/events/sport/21032026
2026-03-12 14:43:56,452 - INFO - Загружено (50622 симв.)
2026-03-12 14:43:56,462 - INFO - Распарсено событий: 0
2026-03-12 14:43:56,966 - INFO - Попытка 1/3: https://24afisha.by/ru/minsk/events/sport/22032026
2026-03-12 14:43:57,715 - INFO - Загружено (50626 симв.)
2026-03-12 14:43:57,724 - INFO - Распарсено событий: 0
2026-03-12 14:43:58,226 - INFO - Попытка 1/3: https://24afisha.by/ru/minsk/events/sport/23032026
2026-03-12 14:43:58,980 - INFO - Загружено (49719 симв.)
2026-03-12 14:43:58,990 - INFO - Распарсено событий: 0
2026-03-12 14:43:59,494 - INFO - Попытка 1/3: https://24afisha.by/ru/minsk/events/sport/24032026
2026-03-12 14:44:00,227 - INFO - Загружено (49715 симв.)
2026-03-12 14:44:00,244 - INFO - Распарсено событий: 0
2026-03-12 14:44:00,744 - INFO - Попытка 1/3: https://24afisha.by/ru/minsk/events/sport/25032026
2026-03-12 14:44:01,552 - INFO - Загружено (49713 симв.)
2026-03-12 14:44:01,562 - INFO - Распарсено событий: 0
2026-03-12 14:44:02,066 - INFO - Попытка 1/3: https://24afisha.by/ru/minsk/events/sport/26032026
2026-03-12 14:44:02,876 - INFO - Загружено (49715 симв.)
2026-03-12 14:44:02,889 - INFO - Распарсено событий: 0
2026-03-12 14:44:03,390 - INFO - Попытка 1/3: https://24afisha.by/ru/minsk/events/sport/27032026
2026-03-12 14:44:04,165 - INFO - Загружено (49715 симв.)
2026-03-12 14:44:04,174 - INFO - Распарсено событий: 0
2026-03-12 14:44:04,676 - INFO - Попытка 1/3: https://24afisha.by/ru/minsk/events/sport/28032026
2026-03-12 14:44:05,403 - INFO - Загружено (49715 симв.)
2026-03-12 14:44:05,413 - INFO - Распарсено событий: 0
2026-03-12 14:44:05,914 - INFO - Попытка 1/3: https://24afisha.by/ru/minsk/events/sport/29032026
2026-03-12 14:44:06,760 - INFO - Загружено (49719 симв.)
2026-03-12 14:44:06,770 - INFO - Распарсено событий: 0
2026-03-12 14:44:07,274 - INFO - Попытка 1/3: https://24afisha.by/ru/minsk/events/sport/30032026
2026-03-12 14:44:08,009 - INFO - Загружено (49719 симв.)
2026-03-12 14:44:08,019 - INFO - Распарсено событий: 0
2026-03-12 14:44:08,522 - INFO - Попытка 1/3: https://24afisha.by/ru/minsk/events/sport/31032026
2026-03-12 14:44:09,284 - INFO - Загружено (49715 симв.)
2026-03-12 14:44:09,293 - INFO - Распарсено событий: 0
2026-03-12 14:44:09,793 - INFO - Попытка 1/3: https://24afisha.by/ru/minsk/events/sport/01042026
2026-03-12 14:44:10,512 - INFO - Загружено (49714 симв.)
2026-03-12 14:44:10,523 - INFO - Распарсено событий: 0
2026-03-12 14:44:11,026 - INFO - Попытка 1/3: https://24afisha.by/ru/minsk/events/sport/02042026
2026-03-12 14:44:11,767 - INFO - Загружено (49716 симв.)
2026-03-12 14:44:11,788 - INFO - Распарсено событий: 0
2026-03-12 14:44:12,288 - INFO - Попытка 1/3: https://24afisha.by/ru/minsk/events/sport/03042026
2026-03-12 14:44:13,013 - INFO - Загружено (49716 симв.)
2026-03-12 14:44:13,023 - INFO - Распарсено событий: 0
2026-03-12 14:44:13,526 - INFO - Попытка 1/3: https://24afisha.by/ru/minsk/events/sport/04042026
2026-03-12 14:44:14,288 - INFO - Загружено (49716 симв.)
2026-03-12 14:44:14,300 - INFO - Распарсено событий: 0
2026-03-12 14:44:14,803 - INFO - Попытка 1/3: https://24afisha.by/ru/minsk/events/sport/05042026
2026-03-12 14:44:15,511 - INFO - Загружено (49720 симв.)
2026-03-12 14:44:15,520 - INFO - Распарсено событий: 0
2026-03-12 14:44:16,023 - INFO - Попытка 1/3: https://24afisha.by/ru/minsk/events/sport/06042026
2026-03-12 14:44:16,875 - INFO - Загружено (49720 симв.)
2026-03-12 14:44:16,884 - INFO - Распарсено событий: 0
2026-03-12 14:44:17,389 - INFO - Попытка 1/3: https://24afisha.by/ru/minsk/events/sport/07042026
2026-03-12 14:44:18,166 - INFO - Загружено (49716 симв.)
2026-03-12 14:44:18,175 - INFO - Распарсено событий: 0
2026-03-12 14:44:18,676 - INFO - Попытка 1/3: https://24afisha.by/ru/minsk/events/sport/08042026
2026-03-12 14:44:19,508 - INFO - Загружено (49714 симв.)
2026-03-12 14:44:19,518 - INFO - Распарсено событий: 0
2026-03-12 14:44:20,023 - INFO - Попытка 1/3: https://24afisha.by/ru/minsk/events/sport/09042026
2026-03-12 14:44:20,756 - INFO - Загружено (49716 симв.)
2026-03-12 14:44:20,766 - INFO - Распарсено событий: 0
2026-03-12 14:44:21,266 - INFO - Попытка 1/3: https://24afisha.by/ru/minsk/events/sport/10042026
2026-03-12 14:44:22,056 - INFO - Загружено (49717 симв.)
2026-03-12 14:44:22,065 - INFO - Распарсено событий: 0
2026-03-12 14:44:22,569 - INFO - 
📊 Итог: найдено 92, дублей 61, сохранено 31
2026-03-12 14:44:22,570 - INFO - ============================================================
2026-03-12 14:51:35,223 - INFO - Попытка 1/3: https://24afisha.by/ru/minsk/events/theatre/12032026
2026-03-12 14:51:36,120 - INFO - Загружено (371974 симв.)
2026-03-12 14:51:36,160 - INFO - Попытка 1/3: https://24afisha.by/ru/minsk/events/sport/12032026
2026-03-12 14:51:36,745 - INFO - Загружено (54197 симв.)
2026-03-12 14:59:08,970 - INFO - ============================================================
2026-03-12 14:59:08,970 - INFO - 🎭 24AFISHA парсер запущен
2026-03-12 14:59:08,970 - INFO - ============================================================
2026-03-12 14:59:09,090 - INFO - Индекс: 7666 событий из других источников
2026-03-12 14:59:09,091 - INFO - 
📥 Театр Горького: https://24afisha.by/ru/minsk/events/gorkogo
2026-03-12 14:59:09,091 - INFO - Попытка 1/3: https://24afisha.by/ru/minsk/events/gorkogo
2026-03-12 14:59:10,538 - INFO - Загружено (119485 симв.)
2026-03-12 14:59:10,582 - INFO - Распарсено событий: 22
2026-03-12 14:59:10,588 - INFO -   Найдено: 22, уникальных: 2, сохранено: 2
2026-03-12 14:59:11,593 - INFO - 
📥 Большой театр: https://24afisha.by/ru/minsk/events/bolshoj
2026-03-12 14:59:11,593 - INFO - Попытка 1/3: https://24afisha.by/ru/minsk/events/bolshoj
2026-03-12 14:59:12,359 - INFO - Загружено (239460 симв.)
2026-03-12 14:59:12,444 - INFO - Распарсено событий: 70
2026-03-12 14:59:12,453 - INFO -   Найдено: 70, уникальных: 29, сохранено: 29
2026-03-12 14:59:13,458 - INFO - 
📅 Театры (dated, 30 дней)
2026-03-12 14:59:13,458 - INFO - Попытка 1/3: https://24afisha.by/ru/minsk/events/theatre/12032026
2026-03-12 14:59:14,233 - INFO - Загружено (371974 симв.)
2026-03-12 14:59:14,253 - INFO - Распарсено событий: 8
2026-03-12 14:59:14,262 - INFO -   2026-03-12: найдено 8, сохранено 6
2026-03-12 14:59:14,764 - INFO - Попытка 1/3: https://24afisha.by/ru/minsk/events/theatre/13032026
2026-03-12 14:59:15,772 - INFO - Загружено (373047 симв.)
2026-03-12 14:59:15,793 - INFO - Распарсено событий: 10
2026-03-12 14:59:15,801 - INFO -   2026-03-13: найдено 10, сохранено 5
2026-03-12 14:59:16,303 - INFO - Попытка 1/3: https://24afisha.by/ru/minsk/events/theatre/14032026
2026-03-12 14:59:17,079 - INFO - Загружено (392349 симв.)
2026-03-12 14:59:17,111 - INFO - Распарсено событий: 20
2026-03-12 14:59:17,120 - INFO -   2026-03-14: найдено 20, сохранено 11
2026-03-12 14:59:17,624 - INFO - Попытка 1/3: https://24afisha.by/ru/minsk/events/theatre/15032026
2026-03-12 14:59:18,486 - INFO - Загружено (386265 симв.)
2026-03-12 14:59:18,516 - INFO - Распарсено событий: 17
2026-03-12 14:59:18,519 - INFO -   2026-03-15: найдено 17, сохранено 9
2026-03-12 14:59:19,023 - INFO - Попытка 1/3: https://24afisha.by/ru/minsk/events/theatre/16032026
2026-03-12 14:59:19,745 - INFO - Загружено (345032 симв.)
2026-03-12 14:59:19,759 - INFO - Распарсено событий: 2
2026-03-12 14:59:19,764 - INFO -   2026-03-16: найдено 2, сохранено 1
2026-03-12 14:59:20,264 - INFO - Попытка 1/3: https://24afisha.by/ru/minsk/events/theatre/17032026
2026-03-12 14:59:21,177 - INFO - Загружено (356228 симв.)
2026-03-12 14:59:21,193 - INFO - Распарсено событий: 7
2026-03-12 14:59:21,195 - INFO -   2026-03-17: найдено 7, сохранено 4
2026-03-12 14:59:21,696 - INFO - Попытка 1/3: https://24afisha.by/ru/minsk/events/theatre/18032026
2026-03-12 14:59:22,480 - INFO - Загружено (364648 симв.)
2026-03-12 14:59:22,506 - INFO - Распарсено событий: 12
2026-03-12 14:59:22,509 - INFO -   2026-03-18: найдено 12, сохранено 7
2026-03-12 14:59:23,013 - INFO - Попытка 1/3: https://24afisha.by/ru/minsk/events/theatre/19032026
2026-03-12 14:59:24,918 - INFO - Загружено (354173 симв.)
2026-03-12 14:59:24,942 - INFO - Распарсено событий: 8
2026-03-12 14:59:24,947 - INFO -   2026-03-19: найдено 8, сохранено 5
2026-03-12 14:59:25,448 - INFO - Попытка 1/3: https://24afisha.by/ru/minsk/events/theatre/20032026
2026-03-12 14:59:26,336 - INFO - Загружено (363981 симв.)
2026-03-12 14:59:26,360 - INFO - Распарсено событий: 12
2026-03-12 14:59:26,364 - INFO -   2026-03-20: найдено 12, сохранено 6
2026-03-12 14:59:26,867 - INFO - Попытка 1/3: https://24afisha.by/ru/minsk/events/theatre/21032026
2026-03-12 14:59:27,691 - INFO - Загружено (391660 симв.)
2026-03-12 14:59:27,732 - INFO - Распарсено событий: 25
2026-03-12 14:59:27,736 - INFO -   2026-03-21: найдено 25, сохранено 14
2026-03-12 14:59:28,237 - INFO - Попытка 1/3: https://24afisha.by/ru/minsk/events/theatre/22032026
2026-03-12 14:59:29,017 - INFO - Загружено (380781 симв.)
2026-03-12 14:59:29,066 - INFO - Распарсено событий: 22
2026-03-12 14:59:29,071 - INFO -   2026-03-22: найдено 22, сохранено 12
2026-03-12 14:59:29,576 - INFO - Попытка 1/3: https://24afisha.by/ru/minsk/events/theatre/23032026
2026-03-12 14:59:30,508 - INFO - Загружено (327941 симв.)
2026-03-12 14:59:30,523 - INFO - Распарсено событий: 3
2026-03-12 14:59:30,530 - INFO -   2026-03-23: найдено 3, сохранено 1
2026-03-12 14:59:31,031 - INFO - Попытка 1/3: https://24afisha.by/ru/minsk/events/theatre/24032026
2026-03-12 14:59:31,796 - INFO - Загружено (364599 симв.)
2026-03-12 14:59:31,826 - INFO - Распарсено событий: 20
2026-03-12 14:59:31,831 - INFO -   2026-03-24: найдено 20, сохранено 11
2026-03-12 14:59:32,333 - INFO - Попытка 1/3: https://24afisha.by/ru/minsk/events/theatre/25032026
2026-03-12 14:59:33,096 - INFO - Загружено (359095 симв.)
2026-03-12 14:59:33,127 - INFO - Распарсено событий: 19
2026-03-12 14:59:33,131 - INFO -   2026-03-25: найдено 19, сохранено 6
2026-03-12 14:59:33,632 - INFO - Попытка 1/3: https://24afisha.by/ru/minsk/events/theatre/26032026
2026-03-12 14:59:34,538 - INFO - Загружено (341908 симв.)
2026-03-12 14:59:34,564 - INFO - Распарсено событий: 15
2026-03-12 14:59:34,567 - INFO -   2026-03-26: найдено 15, сохранено 9
2026-03-12 14:59:35,070 - INFO - Попытка 1/3: https://24afisha.by/ru/minsk/events/theatre/27032026
2026-03-12 14:59:35,817 - INFO - Загружено (332084 симв.)
2026-03-12 14:59:35,842 - INFO - Распарсено событий: 14
2026-03-12 14:59:35,850 - INFO -   2026-03-27: найдено 14, сохранено 5
2026-03-12 14:59:36,354 - INFO - Попытка 1/3: https://24afisha.by/ru/minsk/events/theatre/28032026
2026-03-12 14:59:37,323 - INFO - Загружено (343954 симв.)
2026-03-12 14:59:37,354 - INFO - Распарсено событий: 21
2026-03-12 14:59:37,362 - INFO -   2026-03-28: найдено 21, сохранено 10
2026-03-12 14:59:37,864 - INFO - Попытка 1/3: https://24afisha.by/ru/minsk/events/theatre/29032026
2026-03-12 14:59:38,674 - INFO - Загружено (325149 симв.)
2026-03-12 14:59:38,702 - INFO - Распарсено событий: 15
2026-03-12 14:59:38,710 - INFO -   2026-03-29: найдено 15, сохранено 7
2026-03-12 14:59:39,215 - INFO - Попытка 1/3: https://24afisha.by/ru/minsk/events/theatre/30032026
2026-03-12 14:59:40,102 - INFO - Загружено (281308 симв.)
2026-03-12 14:59:40,113 - INFO - Распарсено событий: 1
2026-03-12 14:59:40,113 - INFO -   2026-03-30: найдено 1, сохранено 0
2026-03-12 14:59:40,616 - INFO - Попытка 1/3: https://24afisha.by/ru/minsk/events/theatre/31032026
2026-03-12 14:59:41,489 - INFO - Загружено (299252 симв.)
2026-03-12 14:59:41,509 - INFO - Распарсено событий: 9
2026-03-12 14:59:41,513 - INFO -   2026-03-31: найдено 9, сохранено 2
2026-03-12 14:59:42,014 - INFO - Попытка 1/3: https://24afisha.by/ru/minsk/events/theatre/01042026
2026-03-12 14:59:42,744 - INFO - Загружено (302237 симв.)
2026-03-12 14:59:42,765 - INFO - Распарсено событий: 11
2026-03-12 14:59:42,767 - INFO -   2026-04-01: найдено 11, сохранено 1
2026-03-12 14:59:43,272 - INFO - Попытка 1/3: https://24afisha.by/ru/minsk/events/theatre/02042026
2026-03-12 14:59:44,047 - INFO - Загружено (300398 симв.)
2026-03-12 14:59:44,072 - INFO - Распарсено событий: 12
2026-03-12 14:59:44,080 - INFO -   2026-04-02: найдено 12, сохранено 5
2026-03-12 14:59:44,584 - INFO - Попытка 1/3: https://24afisha.by/ru/minsk/events/theatre/03042026
2026-03-12 14:59:45,339 - INFO - Загружено (294904 симв.)
2026-03-12 14:59:45,360 - INFO - Распарсено событий: 11
2026-03-12 14:59:45,368 - INFO -   2026-04-03: найдено 11, сохранено 2
2026-03-12 14:59:45,873 - INFO - Попытка 1/3: https://24afisha.by/ru/minsk/events/theatre/04042026
2026-03-12 14:59:46,636 - INFO - Загружено (305877 симв.)
2026-03-12 14:59:46,663 - INFO - Распарсено событий: 17
2026-03-12 14:59:46,667 - INFO -   2026-04-04: найдено 17, сохранено 2
2026-03-12 14:59:47,169 - INFO - Попытка 1/3: https://24afisha.by/ru/minsk/events/theatre/05042026
2026-03-12 14:59:47,934 - INFO - Загружено (286336 симв.)
2026-03-12 14:59:47,955 - INFO - Распарсено событий: 11
2026-03-12 14:59:47,964 - INFO -   2026-04-05: найдено 11, сохранено 2
2026-03-12 14:59:48,464 - INFO - Попытка 1/3: https://24afisha.by/ru/minsk/events/theatre/06042026
2026-03-12 14:59:49,223 - INFO - Загружено (263351 симв.)
2026-03-12 14:59:49,236 - INFO - Распарсено событий: 2
2026-03-12 14:59:49,236 - INFO -   2026-04-06: найдено 2, сохранено 0
2026-03-12 14:59:49,737 - INFO - Попытка 1/3: https://24afisha.by/ru/minsk/events/theatre/07042026
2026-03-12 14:59:50,447 - INFO - Загружено (274258 симв.)
2026-03-12 14:59:50,468 - INFO - Распарсено событий: 7
2026-03-12 14:59:50,475 - INFO -   2026-04-07: найдено 7, сохранено 1
2026-03-12 14:59:50,976 - INFO - Попытка 1/3: https://24afisha.by/ru/minsk/events/theatre/08042026
2026-03-12 14:59:51,767 - INFO - Загружено (292225 симв.)
2026-03-12 14:59:51,791 - INFO - Распарсено событий: 14
2026-03-12 14:59:51,795 - INFO -   2026-04-08: найдено 14, сохранено 2
2026-03-12 14:59:52,297 - INFO - Попытка 1/3: https://24afisha.by/ru/minsk/events/theatre/09042026
2026-03-12 14:59:53,037 - INFO - Загружено (279740 симв.)
2026-03-12 14:59:53,060 - INFO - Распарсено событий: 12
2026-03-12 14:59:53,068 - INFO -   2026-04-09: найдено 12, сохранено 2
2026-03-12 14:59:53,572 - INFO - Попытка 1/3: https://24afisha.by/ru/minsk/events/theatre/10042026
2026-03-12 14:59:54,457 - INFO - Загружено (277181 симв.)
2026-03-12 14:59:54,479 - INFO - Распарсено событий: 12
2026-03-12 14:59:54,488 - INFO -   2026-04-10: найдено 12, сохранено 2
2026-03-12 14:59:54,993 - INFO - 
📊 Итог: найдено 461, дублей 280, сохранено 181
2026-03-12 14:59:54,993 - INFO - ============================================================
2026-03-12 15:23:07,012 - INFO - ============================================================
2026-03-12 15:23:07,013 - INFO - 🎭 24AFISHA парсер запущен
2026-03-12 15:23:07,013 - INFO - ============================================================
2026-03-12 15:23:07,128 - INFO - Индекс: 7666 событий из других источников
2026-03-12 15:23:07,128 - INFO - 
📥 Театр Горького: https://24afisha.by/ru/minsk/events/gorkogo
2026-03-12 15:23:07,129 - INFO - Попытка 1/3: https://24afisha.by/ru/minsk/events/gorkogo
2026-03-12 15:23:07,856 - INFO - Загружено (119485 симв.)
2026-03-12 15:23:07,900 - INFO - Распарсено событий: 22
2026-03-12 15:23:07,903 - INFO -   Найдено: 22, уникальных: 2, сохранено: 2
2026-03-12 15:23:08,905 - INFO - 
📥 Большой театр: https://24afisha.by/ru/minsk/events/bolshoj
2026-03-12 15:23:08,905 - INFO - Попытка 1/3: https://24afisha.by/ru/minsk/events/bolshoj
2026-03-12 15:23:09,788 - INFO - Загружено (239460 симв.)
2026-03-12 15:23:09,870 - INFO - Распарсено событий: 70
2026-03-12 15:23:09,877 - INFO -   Найдено: 70, уникальных: 29, сохранено: 29
2026-03-12 15:23:10,880 - INFO - 
📅 Театры (dated, 30 дней)
2026-03-12 15:23:10,880 - INFO - Попытка 1/3: https://24afisha.by/ru/minsk/events/theatre/12032026
2026-03-12 15:23:11,652 - INFO - Загружено (371974 симв.)
2026-03-12 15:23:21,237 - INFO - Распарсено событий: 8
2026-03-12 15:23:21,245 - INFO -   2026-03-12: найдено 8, сохранено 6
2026-03-12 15:23:21,748 - INFO - Попытка 1/3: https://24afisha.by/ru/minsk/events/theatre/13032026
2026-03-12 15:23:24,284 - INFO - Загружено (373029 симв.)
2026-03-12 15:23:36,658 - INFO - Распарсено событий: 10
2026-03-12 15:23:36,666 - INFO -   2026-03-13: найдено 10, сохранено 5
2026-03-12 15:23:37,168 - INFO - Попытка 1/3: https://24afisha.by/ru/minsk/events/theatre/14032026
2026-03-12 15:23:39,199 - INFO - Загружено (389767 симв.)
2026-03-12 15:24:01,705 - INFO - Распарсено событий: 19
2026-03-12 15:24:01,714 - INFO -   2026-03-14: найдено 19, сохранено 11
2026-03-12 15:24:02,215 - INFO - Попытка 1/3: https://24afisha.by/ru/minsk/events/theatre/15032026
2026-03-12 15:24:04,623 - INFO - Загружено (386245 симв.)
2026-03-12 15:24:24,806 - INFO - Распарсено событий: 17
2026-03-12 15:24:24,816 - INFO -   2026-03-15: найдено 17, сохранено 9
2026-03-12 15:24:25,316 - INFO - Попытка 1/3: https://24afisha.by/ru/minsk/events/theatre/16032026
2026-03-12 15:24:27,787 - INFO - Загружено (345013 симв.)
2026-03-12 15:24:30,090 - INFO - Распарсено событий: 2
2026-03-12 15:24:30,094 - INFO -   2026-03-16: найдено 2, сохранено 1
2026-03-12 15:24:30,598 - INFO - Попытка 1/3: https://24afisha.by/ru/minsk/events/theatre/17032026
2026-03-12 15:24:33,002 - INFO - Загружено (356209 симв.)
2026-03-12 15:24:38,592 - INFO - Распарсено событий: 7
2026-03-12 15:24:38,595 - INFO -   2026-03-17: найдено 7, сохранено 4
2026-03-12 15:24:39,097 - INFO - Попытка 1/3: https://24afisha.by/ru/minsk/events/theatre/18032026
2026-03-12 15:24:40,914 - INFO - Загружено (364629 симв.)
2026-03-12 15:24:55,720 - INFO - Распарсено событий: 12
2026-03-12 15:24:55,729 - INFO -   2026-03-18: найдено 12, сохранено 7
2026-03-12 15:24:56,233 - INFO - Попытка 1/3: https://24afisha.by/ru/minsk/events/theatre/19032026
2026-03-12 15:24:58,160 - INFO - Загружено (355857 симв.)
2026-03-12 15:25:07,811 - INFO - Распарсено событий: 8
2026-03-12 15:25:07,820 - INFO -   2026-03-19: найдено 8, сохранено 5
2026-03-12 15:25:08,320 - INFO - Попытка 1/3: https://24afisha.by/ru/minsk/events/theatre/20032026
2026-03-12 15:25:10,357 - INFO - Загружено (364303 симв.)
2026-03-12 15:25:21,980 - INFO - Распарсено событий: 12
2026-03-12 15:25:21,985 - INFO -   2026-03-20: найдено 12, сохранено 6
2026-03-12 15:25:22,489 - INFO - Попытка 1/3: https://24afisha.by/ru/minsk/events/theatre/21032026
2026-03-12 15:25:24,590 - INFO - Загружено (391639 симв.)
2026-03-12 15:25:50,150 - INFO - Распарсено событий: 25
2026-03-12 15:25:50,157 - INFO -   2026-03-21: найдено 25, сохранено 14
2026-03-12 15:25:50,661 - INFO - Попытка 1/3: https://24afisha.by/ru/minsk/events/theatre/22032026
2026-03-12 15:25:52,968 - INFO - Загружено (380760 симв.)
2026-03-12 15:26:17,791 - INFO - Распарсено событий: 22
2026-03-12 15:26:17,797 - INFO -   2026-03-22: найдено 22, сохранено 12
2026-03-12 15:26:18,301 - INFO - Попытка 1/3: https://24afisha.by/ru/minsk/events/theatre/23032026
2026-03-12 15:26:20,483 - INFO - Загружено (327922 симв.)
2026-03-12 15:26:23,154 - INFO - Распарсено событий: 3
2026-03-12 15:26:23,162 - INFO -   2026-03-23: найдено 3, сохранено 1
2026-03-12 15:26:23,663 - INFO - Попытка 1/3: https://24afisha.by/ru/minsk/events/theatre/24032026
2026-03-12 15:26:25,808 - INFO - Загружено (364569 симв.)
2026-03-12 15:26:50,265 - INFO - Распарсено событий: 20
2026-03-12 15:26:50,270 - INFO -   2026-03-24: найдено 20, сохранено 11
2026-03-12 15:26:50,773 - INFO - Попытка 1/3: https://24afisha.by/ru/minsk/events/theatre/25032026
2026-03-12 15:26:52,732 - INFO - Загружено (359065 симв.)
2026-03-12 15:27:07,197 - INFO - Распарсено событий: 19
2026-03-12 15:27:07,206 - INFO -   2026-03-25: найдено 19, сохранено 6
2026-03-12 15:27:07,708 - INFO - Попытка 1/3: https://24afisha.by/ru/minsk/events/theatre/26032026
2026-03-12 15:27:09,574 - INFO - Загружено (341890 симв.)
2026-03-12 15:27:25,714 - INFO - Распарсено событий: 15
2026-03-12 15:27:25,720 - INFO -   2026-03-26: найдено 15, сохранено 9
2026-03-12 15:27:26,224 - INFO - Попытка 1/3: https://24afisha.by/ru/minsk/events/theatre/27032026
2026-03-12 15:27:28,574 - INFO - Загружено (331682 симв.)
2026-03-12 15:27:41,641 - INFO - Распарсено событий: 14
2026-03-12 15:27:41,647 - INFO -   2026-03-27: найдено 14, сохранено 5
2026-03-12 15:27:42,151 - INFO - Попытка 1/3: https://24afisha.by/ru/minsk/events/theatre/28032026
2026-03-12 15:27:44,082 - INFO - Загружено (343553 симв.)
2026-03-12 15:28:04,315 - INFO - Распарсено событий: 21
2026-03-12 15:28:04,327 - INFO -   2026-03-28: найдено 21, сохранено 10
2026-03-12 15:28:04,831 - INFO - Попытка 1/3: https://24afisha.by/ru/minsk/events/theatre/29032026
2026-03-12 15:28:06,576 - INFO - Загружено (325129 симв.)
2026-03-12 15:28:20,562 - INFO - Распарсено событий: 15
2026-03-12 15:28:20,571 - INFO -   2026-03-29: найдено 15, сохранено 7
2026-03-12 15:28:21,072 - INFO - Попытка 1/3: https://24afisha.by/ru/minsk/events/theatre/30032026
2026-03-12 15:28:22,688 - INFO - Загружено (281293 симв.)
2026-03-12 15:28:23,822 - INFO - Распарсено событий: 1
2026-03-12 15:28:23,822 - INFO -   2026-03-30: найдено 1, сохранено 0
2026-03-12 15:28:24,324 - INFO - Попытка 1/3: https://24afisha.by/ru/minsk/events/theatre/31032026
2026-03-12 15:28:26,053 - INFO - Загружено (299237 симв.)
2026-03-12 15:28:32,149 - INFO - Распарсено событий: 9
2026-03-12 15:28:32,159 - INFO -   2026-03-31: найдено 9, сохранено 2
2026-03-12 15:28:32,663 - INFO - Попытка 1/3: https://24afisha.by/ru/minsk/events/theatre/01042026
2026-03-12 15:28:34,943 - INFO - Загружено (302223 симв.)
2026-03-12 15:28:41,966 - INFO - Распарсено событий: 11
2026-03-12 15:28:41,969 - INFO -   2026-04-01: найдено 11, сохранено 1
2026-03-12 15:28:42,470 - INFO - Попытка 1/3: https://24afisha.by/ru/minsk/events/theatre/02042026
2026-03-12 15:28:44,277 - INFO - Загружено (300383 симв.)
2026-03-12 15:28:54,710 - INFO - Распарсено событий: 12
2026-03-12 15:28:54,718 - INFO -   2026-04-02: найдено 12, сохранено 5
2026-03-12 15:28:55,218 - INFO - Попытка 1/3: https://24afisha.by/ru/minsk/events/theatre/03042026
2026-03-12 15:28:57,056 - INFO - Загружено (294999 симв.)
2026-03-12 15:29:01,279 - INFO - Распарсено событий: 11
2026-03-12 15:29:01,287 - INFO -   2026-04-03: найдено 11, сохранено 2
2026-03-12 15:29:01,791 - INFO - Попытка 1/3: https://24afisha.by/ru/minsk/events/theatre/04042026
2026-03-12 15:29:03,559 - INFO - Загружено (305862 симв.)
2026-03-12 15:29:17,568 - INFO - Распарсено событий: 17
2026-03-12 15:29:17,577 - INFO -   2026-04-04: найдено 17, сохранено 2
2026-03-12 15:29:18,081 - INFO - Попытка 1/3: https://24afisha.by/ru/minsk/events/theatre/05042026
2026-03-12 15:29:21,467 - INFO - Загружено (286318 симв.)
2026-03-12 15:29:24,750 - INFO - Распарсено событий: 11
2026-03-12 15:29:24,759 - INFO -   2026-04-05: найдено 11, сохранено 2
2026-03-12 15:29:25,264 - INFO - Попытка 1/3: https://24afisha.by/ru/minsk/events/theatre/06042026
2026-03-12 15:29:27,193 - INFO - Загружено (263336 симв.)
2026-03-12 15:29:27,209 - INFO - Распарсено событий: 2
2026-03-12 15:29:27,209 - INFO -   2026-04-06: найдено 2, сохранено 0
2026-03-12 15:29:27,714 - INFO - Попытка 1/3: https://24afisha.by/ru/minsk/events/theatre/07042026
2026-03-12 15:29:33,136 - INFO - Загружено (274243 симв.)
2026-03-12 15:29:37,115 - INFO - Распарсено событий: 7
2026-03-12 15:29:37,123 - INFO -   2026-04-07: найдено 7, сохранено 1
2026-03-12 15:29:37,628 - INFO - Попытка 1/3: https://24afisha.by/ru/minsk/events/theatre/08042026
2026-03-12 15:29:39,375 - INFO - Загружено (292210 симв.)
2026-03-12 15:29:48,379 - INFO - Распарсено событий: 14
2026-03-12 15:29:48,387 - INFO -   2026-04-08: найдено 14, сохранено 2
2026-03-12 15:29:48,888 - INFO - Попытка 1/3: https://24afisha.by/ru/minsk/events/theatre/09042026
2026-03-12 15:29:51,114 - INFO - Загружено (279725 симв.)
2026-03-12 15:29:59,770 - INFO - Распарсено событий: 12
2026-03-12 15:29:59,779 - INFO -   2026-04-09: найдено 12, сохранено 2
2026-03-12 15:30:00,279 - INFO - Попытка 1/3: https://24afisha.by/ru/minsk/events/theatre/10042026
2026-03-12 15:30:02,210 - INFO - Загружено (277172 симв.)
2026-03-12 15:30:08,031 - INFO - Распарсено событий: 12
2026-03-12 15:30:08,040 - INFO -   2026-04-10: найдено 12, сохранено 2
2026-03-12 15:30:08,544 - INFO - 
📊 Итог: найдено 460, дублей 279, сохранено 181
2026-03-12 15:30:08,544 - INFO - ============================================================
