2026-03-17 12:23:06,424 - __main__ - INFO - ==================================================
2026-03-17 12:23:06,424 - __main__ - INFO - 🚀 BezKassira парсер запущен
2026-03-17 12:23:06,424 - __main__ - INFO - ==================================================
2026-03-17 12:23:06,543 - __main__ - INFO - 📋 Индекс: 7138 событий для проверки дублей
2026-03-17 12:23:06,543 - __main__ - INFO - 📥 Загружаю концертов: https://bezkassira.by/events/concert/
2026-03-17 12:23:08,174 - __main__ - INFO -   Карточек на странице: 83
2026-03-17 12:23:08,198 - __main__ - INFO -   → Минск / не дубль: 15
2026-03-17 12:23:09,211 - __main__ - INFO - 📥 Загружаю вечеринок: https://bezkassira.by/events/party/
2026-03-17 12:23:10,191 - __main__ - INFO -   Карточек на странице: 11
2026-03-17 12:23:10,195 - __main__ - INFO -   → Минск / не дубль: 6
2026-03-17 12:23:11,208 - __main__ - INFO - 
📊 Итог:
2026-03-17 12:23:11,208 - __main__ - INFO -   Карточек всего: 94
2026-03-17 12:23:11,208 - __main__ - INFO -   Не Минск: 31
2026-03-17 12:23:11,208 - __main__ - INFO -   Дубликаты: 29
2026-03-17 12:23:11,208 - __main__ - INFO -   Сохранено: 21
2026-03-17 12:35:35,075 - __main__ - INFO - ==================================================
2026-03-17 12:35:35,076 - __main__ - INFO - 🚀 BezKassira парсер запущен
2026-03-17 12:35:35,076 - __main__ - INFO - ==================================================
2026-03-17 12:35:35,197 - __main__ - INFO - 📋 Индекс: 7143 событий для проверки дублей
2026-03-17 12:35:35,198 - __main__ - INFO - 📥 Загружаю концертов: https://bezkassira.by/events/concert/
2026-03-17 12:35:55,212 - __main__ - WARNING - Попытка 1/3 не удалась: https://bezkassira.by/events/concert/ — HTTPSConnectionPool(host='bezkassira.by', port=443): Max retries exceeded with url: /events/concert/ (Caused by ConnectTimeoutError(<HTTPSConnection(host='bezkassira.by', port=443) at 0x10e6a6ea0>, 'Connection to bezkassira.by timed out. (connect timeout=20)'))
2026-03-17 12:36:16,396 - __main__ - WARNING - Попытка 2/3 не удалась: https://bezkassira.by/events/concert/ — HTTPSConnectionPool(host='bezkassira.by', port=443): Max retries exceeded with url: /events/concert/ (Caused by ConnectTimeoutError(<HTTPSConnection(host='bezkassira.by', port=443) at 0x10e6a74d0>, 'Connection to bezkassira.by timed out. (connect timeout=20)'))
2026-03-17 12:36:38,406 - __main__ - WARNING - Попытка 3/3 не удалась: https://bezkassira.by/events/concert/ — HTTPSConnectionPool(host='bezkassira.by', port=443): Max retries exceeded with url: /events/concert/ (Caused by ConnectTimeoutError(<HTTPSConnection(host='bezkassira.by', port=443) at 0x10e6a7b60>, 'Connection to bezkassira.by timed out. (connect timeout=20)'))
2026-03-17 12:36:38,406 - __main__ - ERROR - Не удалось загрузить https://bezkassira.by/events/concert/
2026-03-17 14:36:37,912 - __main__ - INFO - ==================================================
2026-03-17 14:36:37,912 - __main__ - INFO - 🚀 BezKassira парсер запущен
2026-03-17 14:36:37,912 - __main__ - INFO - ==================================================
2026-03-17 14:36:38,069 - __main__ - INFO - 📋 Индекс: 7530 событий для проверки дублей
2026-03-17 14:36:38,071 - __main__ - INFO - 📥 Загружаю концертов: https://bezkassira.by/events/concert/
2026-03-17 14:36:39,766 - __main__ - INFO -   Карточек на странице: 85
2026-03-17 14:36:39,790 - __main__ - INFO -   → Минск / не дубль: 16
2026-03-17 14:36:40,805 - __main__ - INFO - 📥 Загружаю вечеринок: https://bezkassira.by/events/party/
2026-03-17 14:36:41,827 - __main__ - INFO -   Карточек на странице: 17
2026-03-17 14:36:41,834 - __main__ - INFO -   → Минск / не дубль: 6
2026-03-17 14:36:42,847 - __main__ - INFO - 
📊 Итог:
2026-03-17 14:36:42,847 - __main__ - INFO -   Карточек всего: 102
2026-03-17 14:36:42,847 - __main__ - INFO -   Не Минск: 34
2026-03-17 14:36:42,847 - __main__ - INFO -   Дубликаты: 33
2026-03-17 14:36:42,847 - __main__ - INFO -   Сохранено: 22
2026-03-17 14:49:25,732 - __main__ - INFO - ==================================================
2026-03-17 14:49:25,732 - __main__ - INFO - 🚀 BezKassira парсер запущен
2026-03-17 14:49:25,732 - __main__ - INFO - ==================================================
2026-03-17 14:49:25,856 - __main__ - INFO - 📋 Индекс: 7527 событий для проверки дублей
2026-03-17 14:49:25,856 - __main__ - INFO - 📥 Загружаю концертов: https://bezkassira.by/events/concert/
2026-03-17 14:49:27,605 - __main__ - INFO -   Карточек на странице: 85
2026-03-17 14:49:27,629 - __main__ - INFO -   → Минск / не дубль: 16
2026-03-17 14:49:28,636 - __main__ - INFO - 📥 Загружаю вечеринок: https://bezkassira.by/events/party/
2026-03-17 14:49:29,690 - __main__ - INFO -   Карточек на странице: 17
2026-03-17 14:49:29,696 - __main__ - INFO -   → Минск / не дубль: 6
2026-03-17 14:49:30,706 - __main__ - INFO - 
📊 Итог:
2026-03-17 14:49:30,706 - __main__ - INFO -   Карточек всего: 102
2026-03-17 14:49:30,706 - __main__ - INFO -   Не Минск: 34
2026-03-17 14:49:30,706 - __main__ - INFO -   Дубликаты: 33
2026-03-17 14:49:30,707 - __main__ - INFO -   Сохранено: 22
2026-03-18 18:11:56,199 - __main__ - INFO - ==================================================
2026-03-18 18:11:56,200 - __main__ - INFO - 🚀 BezKassira парсер запущен
2026-03-18 18:11:56,200 - __main__ - INFO - ==================================================
2026-03-18 18:11:56,339 - __main__ - INFO - 📋 Индекс: 7983 событий для проверки дублей
2026-03-18 18:11:56,340 - __main__ - INFO - 📥 Загружаю концертов: https://bezkassira.by/events/concert/
2026-03-18 18:12:02,859 - __main__ - INFO -   Карточек на странице: 88
2026-03-18 18:12:02,881 - __main__ - INFO -   → Минск / не дубль: 17
2026-03-18 18:12:03,891 - __main__ - INFO - 📥 Загружаю вечеринок: https://bezkassira.by/events/party/
2026-03-18 18:12:05,100 - __main__ - INFO -   Карточек на странице: 17
2026-03-18 18:12:05,105 - __main__ - INFO -   → Минск / не дубль: 6
2026-03-18 18:12:06,119 - __main__ - INFO - 📥 Загружаю юмора: https://bezkassira.by/events/humor-minsk/
2026-03-18 18:12:06,810 - __main__ - INFO -   Карточек на странице: 8
2026-03-18 18:12:06,812 - __main__ - INFO -   → Минск / не дубль: 2
2026-03-18 18:12:07,825 - __main__ - INFO - 📥 Загружаю обучений: https://bezkassira.by/events/biznes/
2026-03-18 18:12:08,569 - __main__ - INFO -   Карточек на странице: 16
2026-03-18 18:12:08,577 - __main__ - INFO -   → Минск / не дубль: 13
2026-03-18 18:12:09,588 - __main__ - INFO - 📥 Загружаю обучений: https://bezkassira.by/events/it_i_internet/
2026-03-18 18:12:10,207 - __main__ - INFO -   Карточек на странице: 4
2026-03-18 18:12:10,210 - __main__ - INFO -   → Минск / не дубль: 4
2026-03-18 18:12:11,219 - __main__ - INFO - 
📊 Итог:
2026-03-18 18:12:11,219 - __main__ - INFO -   Карточек всего: 117
2026-03-18 18:12:11,219 - __main__ - INFO -   Не Минск: 39
2026-03-18 18:12:11,219 - __main__ - INFO -   Дубликаты: 38
2026-03-18 18:12:11,219 - __main__ - INFO -   Сохранено: 42
2026-03-18 22:34:31,586 - __main__ - INFO - ==================================================
2026-03-18 22:34:31,587 - __main__ - INFO - 🚀 BezKassira парсер запущен
2026-03-18 22:34:31,587 - __main__ - INFO - ==================================================
2026-03-18 22:34:31,708 - __main__ - INFO - 📋 Индекс: 7870 событий для проверки дублей
2026-03-18 22:34:31,709 - __main__ - INFO - 📥 Загружаю концертов: https://bezkassira.by/events/concert/
2026-03-18 22:34:33,576 - __main__ - INFO -   Карточек на странице: 87
2026-03-18 22:34:33,599 - __main__ - INFO -   → Минск / не дубль: 17
2026-03-18 22:34:34,610 - __main__ - INFO - 📥 Загружаю вечеринок: https://bezkassira.by/events/party/
2026-03-18 22:34:35,461 - __main__ - INFO -   Карточек на странице: 17
2026-03-18 22:34:35,468 - __main__ - INFO -   → Минск / не дубль: 6
2026-03-18 22:34:36,476 - __main__ - INFO - 📥 Загружаю юмора: https://bezkassira.by/events/humor-minsk/
2026-03-18 22:34:37,067 - __main__ - INFO -   Карточек на странице: 8
2026-03-18 22:34:37,070 - __main__ - INFO -   → Минск / не дубль: 2
2026-03-18 22:34:38,076 - __main__ - INFO - 📥 Загружаю обучений: https://bezkassira.by/events/biznes/
2026-03-18 22:34:38,674 - __main__ - INFO -   Карточек на странице: 16
2026-03-18 22:34:38,681 - __main__ - INFO -   → Минск / не дубль: 12
2026-03-18 22:34:39,692 - __main__ - INFO - 📥 Загружаю обучений: https://bezkassira.by/events/it_i_internet/
2026-03-18 22:34:40,597 - __main__ - INFO -   Карточек на странице: 4
2026-03-18 22:34:40,600 - __main__ - INFO -   → Минск / не дубль: 3
2026-03-18 22:34:41,608 - __main__ - INFO - 
📊 Итог:
2026-03-18 22:34:41,609 - __main__ - INFO -   Карточек всего: 116
2026-03-18 22:34:41,609 - __main__ - INFO -   Не Минск: 39
2026-03-18 22:34:41,609 - __main__ - INFO -   Дубликаты: 39
2026-03-18 22:34:41,609 - __main__ - INFO -   Сохранено: 40
2026-03-18 22:53:14,342 - __main__ - INFO - ==================================================
2026-03-18 22:53:14,344 - __main__ - INFO - 🚀 BezKassira парсер запущен
2026-03-18 22:53:14,345 - __main__ - INFO - ==================================================
2026-03-18 22:53:14,465 - __main__ - INFO - 📋 Индекс: 7870 событий для проверки дублей
2026-03-18 22:53:14,466 - __main__ - INFO - 📥 Загружаю концертов: https://bezkassira.by/events/concert/
2026-03-18 22:53:34,635 - __main__ - WARNING - Попытка 1/3 не удалась: https://bezkassira.by/events/concert/ — HTTPSConnectionPool(host='bezkassira.by', port=443): Max retries exceeded with url: /events/concert/ (Caused by ConnectTimeoutError(<HTTPSConnection(host='bezkassira.by', port=443) at 0x102bbbbc0>, 'Connection to bezkassira.by timed out. (connect timeout=20)'))
2026-03-18 22:53:55,640 - __main__ - WARNING - Попытка 2/3 не удалась: https://bezkassira.by/events/concert/ — HTTPSConnectionPool(host='bezkassira.by', port=443): Max retries exceeded with url: /events/concert/ (Caused by ConnectTimeoutError(<HTTPSConnection(host='bezkassira.by', port=443) at 0x102ae42c0>, 'Connection to bezkassira.by timed out. (connect timeout=20)'))
2026-03-18 22:54:17,645 - __main__ - WARNING - Попытка 3/3 не удалась: https://bezkassira.by/events/concert/ — HTTPSConnectionPool(host='bezkassira.by', port=443): Max retries exceeded with url: /events/concert/ (Caused by ConnectTimeoutError(<HTTPSConnection(host='bezkassira.by', port=443) at 0x102ae4950>, 'Connection to bezkassira.by timed out. (connect timeout=20)'))
2026-03-18 22:54:17,645 - __main__ - ERROR - Не удалось загрузить https://bezkassira.by/events/concert/
2026-03-18 23:03:21,450 - __main__ - INFO - ==================================================
2026-03-18 23:03:21,450 - __main__ - INFO - 🚀 BezKassira парсер запущен
2026-03-18 23:03:21,451 - __main__ - INFO - ==================================================
2026-03-18 23:03:21,572 - __main__ - INFO - 📋 Индекс: 7871 событий для проверки дублей
2026-03-18 23:03:21,573 - __main__ - INFO - 📥 Загружаю концертов: https://bezkassira.by/events/concert/
2026-03-18 23:03:24,186 - __main__ - INFO -   Карточек на странице: 87
2026-03-18 23:03:24,208 - __main__ - INFO -   → Минск / не дубль: 16
2026-03-18 23:03:25,221 - __main__ - INFO - 📥 Загружаю вечеринок: https://bezkassira.by/events/party/
2026-03-18 23:03:26,135 - __main__ - INFO -   Карточек на странице: 16
2026-03-18 23:03:26,139 - __main__ - INFO -   → Минск / не дубль: 6
2026-03-18 23:03:27,148 - __main__ - INFO - 📥 Загружаю юмора: https://bezkassira.by/events/humor-minsk/
2026-03-18 23:03:27,682 - __main__ - INFO -   Карточек на странице: 8
2026-03-18 23:03:27,685 - __main__ - INFO -   → Минск / не дубль: 2
2026-03-18 23:03:28,689 - __main__ - INFO - 📥 Загружаю обучений: https://bezkassira.by/events/biznes/
2026-03-18 23:03:29,278 - __main__ - INFO -   Карточек на странице: 16
2026-03-18 23:03:29,285 - __main__ - INFO -   → Минск / не дубль: 12
2026-03-18 23:03:30,295 - __main__ - INFO - 📥 Загружаю обучений: https://bezkassira.by/events/it_i_internet/
2026-03-18 23:03:30,776 - __main__ - INFO -   Карточек на странице: 4
2026-03-18 23:03:30,778 - __main__ - INFO -   → Минск / не дубль: 3
2026-03-18 23:03:31,786 - __main__ - INFO - 
📊 Итог:
2026-03-18 23:03:31,786 - __main__ - INFO -   Карточек всего: 115
2026-03-18 23:03:31,786 - __main__ - INFO -   Не Минск: 39
2026-03-18 23:03:31,786 - __main__ - INFO -   Дубликаты: 39
2026-03-18 23:03:31,786 - __main__ - INFO -   Сохранено: 39
2026-03-18 23:35:31,729 - __main__ - INFO - ==================================================
2026-03-18 23:35:31,730 - __main__ - INFO - 🚀 BezKassira парсер запущен
2026-03-18 23:35:31,730 - __main__ - INFO - ==================================================
2026-03-18 23:35:31,953 - __main__ - INFO - 📋 Индекс: 8013 событий для проверки дублей
2026-03-18 23:35:31,953 - __main__ - INFO - 📥 Загружаю концертов: https://bezkassira.by/events/concert/
2026-03-18 23:35:33,365 - __main__ - INFO -   Карточек на странице: 87
2026-03-18 23:35:33,387 - __main__ - INFO -   → Минск / не дубль: 1
2026-03-18 23:35:33,409 - __main__ - INFO - 🗑️ Удалено 143 старых записей bezkassira.by
2026-03-18 23:35:34,415 - __main__ - INFO - 📥 Загружаю вечеринок: https://bezkassira.by/events/party/
2026-03-18 23:35:35,213 - __main__ - INFO -   Карточек на странице: 16
2026-03-18 23:35:35,218 - __main__ - INFO -   → Минск / не дубль: 0
2026-03-18 23:35:36,222 - __main__ - INFO - 📥 Загружаю юмора: https://bezkassira.by/events/humor-minsk/
2026-03-18 23:35:36,796 - __main__ - INFO -   Карточек на странице: 8
2026-03-18 23:35:36,799 - __main__ - INFO -   → Минск / не дубль: 0
2026-03-18 23:35:37,801 - __main__ - INFO - 📥 Загружаю обучений: https://bezkassira.by/events/biznes/
2026-03-18 23:35:38,452 - __main__ - INFO -   Карточек на странице: 16
2026-03-18 23:35:38,460 - __main__ - INFO -   → Минск / не дубль: 0
2026-03-18 23:35:39,465 - __main__ - INFO - 📥 Загружаю обучений: https://bezkassira.by/events/it_i_internet/
2026-03-18 23:35:39,978 - __main__ - INFO -   Карточек на странице: 4
2026-03-18 23:35:39,980 - __main__ - INFO -   → Минск / не дубль: 0
2026-03-18 23:35:40,985 - __main__ - INFO - 
📊 Итог:
2026-03-18 23:35:40,985 - __main__ - INFO -   Карточек всего: 115
2026-03-18 23:35:40,985 - __main__ - INFO -   Не Минск: 39
2026-03-18 23:35:40,985 - __main__ - INFO -   Дубликаты: 77
2026-03-18 23:35:40,985 - __main__ - INFO -   Сохранено: 1
2026-03-21 18:17:43,317 - __main__ - INFO - ==================================================
2026-03-21 18:17:43,318 - __main__ - INFO - 🚀 BezKassira парсер запущен
2026-03-21 18:17:43,318 - __main__ - INFO - ==================================================
2026-03-21 18:17:43,464 - __main__ - INFO - 📋 Индекс: 7621 событий для проверки дублей
2026-03-21 18:17:43,465 - __main__ - INFO - 📥 Загружаю концертов: https://bezkassira.by/events/concert/
2026-03-21 18:17:45,463 - __main__ - INFO -   Карточек на странице: 96
2026-03-21 18:17:45,494 - __main__ - INFO -   → Минск / не дубль: 17
2026-03-21 18:17:45,498 - __main__ - INFO - 🗑️ Удалено 3 старых записей bezkassira.by
2026-03-21 18:17:46,556 - __main__ - INFO - 📥 Загружаю вечеринок: https://bezkassira.by/events/party/
2026-03-21 18:17:47,629 - __main__ - INFO -   Карточек на странице: 15
2026-03-21 18:17:47,633 - __main__ - INFO -   → Минск / не дубль: 5
2026-03-21 18:17:47,638 - __main__ - INFO - 🗑️ Удалено 17 старых записей bezkassira.by
2026-03-21 18:17:48,651 - __main__ - INFO - 📥 Загружаю юмора: https://bezkassira.by/events/humor-minsk/
2026-03-21 18:17:49,444 - __main__ - INFO -   Карточек на странице: 7
2026-03-21 18:17:49,446 - __main__ - INFO -   → Минск / не дубль: 2
2026-03-21 18:17:49,450 - __main__ - INFO - 🗑️ Удалено 5 старых записей bezkassira.by
2026-03-21 18:17:50,461 - __main__ - INFO - 📥 Загружаю обучений: https://bezkassira.by/events/biznes/
2026-03-21 18:17:51,206 - __main__ - INFO -   Карточек на странице: 15
2026-03-21 18:17:51,214 - __main__ - INFO -   → Минск / не дубль: 11
2026-03-21 18:17:51,217 - __main__ - INFO - 🗑️ Удалено 2 старых записей bezkassira.by
2026-03-21 18:17:52,228 - __main__ - INFO - 📥 Загружаю обучений: https://bezkassira.by/events/it_i_internet/
2026-03-21 18:17:52,917 - __main__ - INFO -   Карточек на странице: 5
2026-03-21 18:17:52,920 - __main__ - INFO -   → Минск / не дубль: 4
2026-03-21 18:17:52,924 - __main__ - INFO - 🗑️ Удалено 11 старых записей bezkassira.by
2026-03-21 18:17:53,933 - __main__ - INFO - 
📊 Итог:
2026-03-21 18:17:53,933 - __main__ - INFO -   Карточек всего: 138
2026-03-21 18:17:53,933 - __main__ - INFO -   Не Минск: 38
2026-03-21 18:17:53,934 - __main__ - INFO -   Дубликаты: 43
2026-03-21 18:17:53,934 - __main__ - INFO -   Сохранено: 39
2026-03-21 18:59:10,092 - __main__ - INFO - ==================================================
2026-03-21 18:59:10,092 - __main__ - INFO - 🚀 BezKassira парсер запущен
2026-03-21 18:59:10,092 - __main__ - INFO - ==================================================
2026-03-21 18:59:10,102 - __main__ - INFO - 🗑️ Удалено 4 старых записей bezkassira.by
2026-03-21 18:59:10,223 - __main__ - INFO - 📋 Индекс: 7612 событий для проверки дублей
2026-03-21 18:59:10,224 - __main__ - INFO - 📥 Загружаю концертов: https://bezkassira.by/events/concert/
2026-03-21 18:59:12,209 - __main__ - INFO -   Карточек на странице: 96
2026-03-21 18:59:12,234 - __main__ - INFO -   → Минск / не дубль: 17
2026-03-21 18:59:13,243 - __main__ - INFO - 📥 Загружаю вечеринок: https://bezkassira.by/events/party/
2026-03-21 18:59:14,371 - __main__ - INFO -   Карточек на странице: 15
2026-03-21 18:59:14,376 - __main__ - INFO -   → Минск / не дубль: 5
2026-03-21 18:59:15,382 - __main__ - INFO - 📥 Загружаю юмора: https://bezkassira.by/events/humor-minsk/
2026-03-21 18:59:16,123 - __main__ - INFO -   Карточек на странице: 7
2026-03-21 18:59:16,125 - __main__ - INFO -   → Минск / не дубль: 2
2026-03-21 18:59:17,129 - __main__ - INFO - 📥 Загружаю обучений: https://bezkassira.by/events/biznes/
2026-03-21 18:59:17,959 - __main__ - INFO -   Карточек на странице: 15
2026-03-21 18:59:17,967 - __main__ - INFO -   → Минск / не дубль: 11
2026-03-21 18:59:18,979 - __main__ - INFO - 📥 Загружаю обучений: https://bezkassira.by/events/it_i_internet/
2026-03-21 18:59:19,679 - __main__ - INFO -   Карточек на странице: 5
2026-03-21 18:59:19,683 - __main__ - INFO -   → Минск / не дубль: 4
2026-03-21 18:59:20,695 - __main__ - INFO - 
📊 Итог:
2026-03-21 18:59:20,695 - __main__ - INFO -   Карточек всего: 138
2026-03-21 18:59:20,695 - __main__ - INFO -   Не Минск: 38
2026-03-21 18:59:20,695 - __main__ - INFO -   Дубликаты: 43
2026-03-21 18:59:20,695 - __main__ - INFO -   Сохранено: 39
