2026-03-12 23:04:18,232 - INFO - ============================================================
2026-03-12 23:04:18,233 - INFO - 🎭 BYCARD парсер запущен
2026-03-12 23:04:18,233 - INFO - ============================================================
2026-03-12 23:04:18,433 - INFO - Индекс: 7847 событий из других источников
2026-03-12 23:04:18,434 - INFO - Попытка 1/3: https://bycard.by/?type=theatre
2026-03-12 23:04:19,609 - INFO - Загружено (337990 симв.)
2026-03-12 23:04:19,633 - INFO - Секций events-row: 0
2026-03-12 23:04:19,633 - INFO - Распарсено: 0 записей
2026-03-12 23:04:19,633 - INFO - Найдено: 0, дублей: 0, сохранено: 0
2026-03-12 23:04:19,633 - INFO - ============================================================
2026-03-12 23:12:43,081 - INFO - Попытка 1/3: https://bycard.by/?type=theatre
2026-03-12 23:12:43,822 - INFO - Загружено (337990 симв.)
2026-03-12 23:12:43,847 - INFO - Попытка 1/3: https://bycard.by/
2026-03-12 23:12:44,626 - INFO - Загружено (595901 симв.)
2026-03-12 23:15:19,133 - INFO - ============================================================
2026-03-12 23:15:19,134 - INFO - 🎭 BYCARD парсер запущен
2026-03-12 23:15:19,134 - INFO - ============================================================
2026-03-12 23:15:19,335 - INFO - Индекс: 7847 событий из других источников
2026-03-12 23:15:19,336 - INFO - Попытка 1/3: https://bycard.by/
2026-03-12 23:15:20,129 - INFO - Загружено (595901 симв.)
2026-03-12 23:15:20,234 - INFO - Секций events-row: 16
2026-03-12 23:15:20,249 - INFO - Распарсено: 217 записей
2026-03-12 23:15:20,787 - INFO - Найдено: 217, дублей: 20, сохранено: 197
2026-03-12 23:15:20,787 - INFO - ============================================================
2026-03-12 23:28:38,621 - INFO - ============================================================
2026-03-12 23:28:38,621 - INFO - 🎭 BYCARD парсер запущен
2026-03-12 23:28:38,621 - INFO - ============================================================
2026-03-12 23:28:38,747 - INFO - Индекс: 7847 событий из других источников
2026-03-12 23:28:38,747 - INFO - Попытка 1/3: https://bycard.by/
2026-03-12 23:28:39,610 - INFO - Загружено (595901 симв.)
2026-03-12 23:28:39,707 - INFO - JSON-LD venues: 44 событий с местом
2026-03-12 23:28:39,713 - INFO - Секций events-row: 16
2026-03-12 23:28:39,727 - INFO - Распарсено: 290 записей
2026-03-12 23:28:40,361 - INFO - Найдено: 290, дублей: 70, сохранено: 220
2026-03-12 23:28:40,361 - INFO - ============================================================
2026-03-16 16:20:58,710 - INFO - ============================================================
2026-03-16 16:20:58,713 - INFO - 🎭 BYCARD парсер запущен
2026-03-16 16:20:58,713 - INFO - ============================================================
2026-03-16 16:20:58,772 - INFO - Удалено устаревших: 7
2026-03-16 16:20:58,952 - INFO - Индекс: 7847 событий из других источников
2026-03-16 16:20:58,953 - INFO - Попытка 1/3: https://bycard.by/
2026-03-16 16:20:59,701 - INFO - Загружено (589855 симв.)
2026-03-16 16:20:59,809 - INFO - JSON-LD venues: 42 событий с местом
2026-03-16 16:20:59,816 - INFO - Секций events-row: 15
2026-03-16 16:20:59,832 - INFO - Распарсено: 265 записей
2026-03-16 16:21:00,241 - INFO - Найдено: 265, дублей: 47, сохранено: 218
2026-03-16 16:21:00,241 - INFO - ============================================================
2026-03-16 16:24:34,026 - INFO - ============================================================
2026-03-16 16:24:34,026 - INFO - 🎭 BYCARD парсер (по театрам) запущен
2026-03-16 16:24:34,026 - INFO - ============================================================
2026-03-16 16:24:34,144 - INFO - Индекс: 7847 событий из других источников
2026-03-16 16:24:34,145 - INFO - 
📥 Молодежный театр эстрады: https://bycard.by/objects/minsk/1/193
2026-03-16 16:24:34,145 - INFO - Попытка 1/3: https://bycard.by/objects/minsk/1/193
2026-03-16 16:24:35,262 - INFO - Загружено (168649 симв.)
2026-03-16 16:24:35,279 - INFO - Найдено событий на странице: 0
2026-03-16 16:24:35,279 - INFO -   Найдено: 0, уникальных: 0, сохранено: 0
2026-03-16 16:24:36,284 - INFO - 
📊 Итог: найдено 0, дублей 0, сохранено 0
2026-03-16 16:24:36,284 - INFO - ============================================================
2026-03-16 16:48:25,518 - INFO - ============================================================
2026-03-16 16:48:25,519 - INFO - 🎭 BYCARD парсер (NUXT) запущен
2026-03-16 16:48:25,519 - INFO - ============================================================
2026-03-16 16:48:25,653 - INFO - Индекс: 7847 событий из других источников
2026-03-16 16:48:25,654 - INFO - 
📥 Молодежный театр эстрады: https://bycard.by/objects/minsk/1/193
2026-03-16 16:48:25,654 - INFO - Попытка 1/3: https://bycard.by/objects/minsk/1/193
2026-03-16 16:48:26,908 - INFO - Загружено (168649 симв.)
2026-03-16 16:48:26,914 - WARNING - Не удалось найти window.__NUXT__ в HTML
2026-03-16 16:48:26,914 - INFO -   Найдено: 0, уникальных: 0, сохранено: 0
2026-03-16 16:48:27,919 - INFO - 
📊 Итог: найдено 0, дублей 0, сохранено 0
2026-03-16 16:48:27,919 - INFO - ============================================================
2026-03-16 16:54:36,331 - INFO - ============================================================
2026-03-16 16:54:36,331 - INFO - 🎭 BYCARD парсер запущен
2026-03-16 16:54:36,331 - INFO - ============================================================
2026-03-16 16:54:36,455 - INFO - Индекс: 7847 событий из других источников
2026-03-16 16:54:36,455 - INFO - 
📥 Молодежный театр эстрады: https://bycard.by/objects/minsk/1/193
2026-03-16 16:54:36,455 - INFO - Попытка 1/3: https://bycard.by/objects/minsk/1/193
2026-03-16 16:54:37,618 - INFO - Загружено (168649 симв.)
2026-03-16 16:54:37,624 - WARNING - ❌ Не удалось найти данные в HTML
2026-03-16 16:54:37,624 - INFO -   Найдено: 0, уникальных: 0, сохранено: 0
2026-03-16 16:54:38,626 - INFO - 
📊 Итог: найдено 0, дублей 0, сохранено 0
2026-03-16 16:54:38,627 - INFO - ============================================================
2026-03-16 16:58:38,159 - INFO - ============================================================
2026-03-16 16:58:38,160 - INFO - 🎭 BYCARD парсер запущен
2026-03-16 16:58:38,160 - INFO - ============================================================
2026-03-16 16:58:38,304 - INFO - Индекс: 7847 событий из других источников
2026-03-16 16:58:38,305 - INFO - 
📥 Молодежный театр эстрады: https://bycard.by/objects/minsk/1/193
2026-03-16 16:58:38,305 - INFO - Попытка 1/3: https://bycard.by/objects/minsk/1/193
2026-03-16 16:58:39,507 - INFO - Загружено (168649 симв.)
2026-03-16 16:58:39,510 - INFO - 📁 HTML сохранён в debug_Молодежный_театр_эстрады.html
2026-03-16 16:58:39,514 - WARNING - ❌ Не удалось найти данные в HTML
2026-03-16 16:58:39,514 - INFO -   Найдено: 0, уникальных: 0, сохранено: 0
2026-03-16 16:58:40,519 - INFO - 
📊 Итог: найдено 0, дублей 0, сохранено 0
2026-03-16 16:58:40,519 - INFO - ============================================================
2026-03-16 17:01:36,709 - INFO - ============================================================
2026-03-16 17:01:36,710 - INFO - 🎭 BYCARD парсер (NUXT) запущен
2026-03-16 17:01:36,710 - INFO - ============================================================
2026-03-16 17:01:36,834 - INFO - Индекс: 7847 событий из других источников
2026-03-16 17:01:36,835 - INFO - 
📥 Молодежный театр эстрады: https://bycard.by/objects/minsk/1/193
2026-03-16 17:01:36,835 - INFO - Попытка 1/3: https://bycard.by/objects/minsk/1/193
2026-03-16 17:01:38,095 - INFO - Загружено (168649 симв.)
2026-03-16 17:01:38,104 - WARNING - ❌ Не удалось найти window.__NUXT__ в HTML
2026-03-16 17:01:38,104 - INFO -   Найдено: 0, уникальных: 0, сохранено: 0
2026-03-16 17:01:39,107 - INFO - 
📊 Итог: найдено 0, дублей 0, сохранено 0
2026-03-16 17:01:39,107 - INFO - ============================================================
2026-03-16 17:03:28,769 - INFO - ============================================================
2026-03-16 17:03:28,769 - INFO - 🎭 BYCARD парсер (NUXT) запущен
2026-03-16 17:03:28,769 - INFO - ============================================================
2026-03-16 17:03:28,885 - INFO - Индекс: 7847 событий из других источников
2026-03-16 17:03:28,886 - INFO - 
📥 Молодежный театр эстрады: https://bycard.by/objects/minsk/1/193
2026-03-16 17:03:28,886 - INFO - Попытка 1/3: https://bycard.by/objects/minsk/1/193
2026-03-16 17:03:29,964 - INFO - Загружено (168649 симв.)
2026-03-16 17:03:29,967 - INFO - 🔍 Найдена функция, пытаемся извлечь JSON...
2026-03-16 17:03:29,968 - ERROR - ❌ Ошибка парсинга JSON: Expecting value: line 1 column 1 (char 0)
2026-03-16 17:03:29,968 - INFO - 📁 Проблемный JSON сохранён в debug_json_error.txt
2026-03-16 17:03:29,968 - INFO -   Найдено: 0, уникальных: 0, сохранено: 0
2026-03-16 17:03:30,972 - INFO - 
📊 Итог: найдено 0, дублей 0, сохранено 0
2026-03-16 17:03:30,973 - INFO - ============================================================
2026-03-16 17:06:18,352 - INFO - ============================================================
2026-03-16 17:06:18,352 - INFO - 🎭 BYCARD парсер (NUXT) запущен
2026-03-16 17:06:18,353 - INFO - ============================================================
2026-03-16 17:06:18,486 - INFO - Индекс: 7847 событий из других источников
2026-03-16 17:06:18,486 - INFO - 
📥 Молодежный театр эстрады: https://bycard.by/objects/minsk/1/193
2026-03-16 17:06:18,486 - INFO - Попытка 1/3: https://bycard.by/objects/minsk/1/193
2026-03-16 17:06:19,699 - INFO - Загружено (168649 симв.)
2026-03-16 17:06:19,717 - WARNING - ❌ Не удалось найти window.__NUXT__ в HTML
2026-03-16 17:06:19,717 - INFO -   Найдено: 0, уникальных: 0, сохранено: 0
2026-03-16 17:06:20,721 - INFO - 
📊 Итог: найдено 0, дублей 0, сохранено 0
2026-03-16 17:06:20,721 - INFO - ============================================================
2026-03-16 17:08:31,724 - INFO - ============================================================
2026-03-16 17:08:31,724 - INFO - 🎭 BYCARD парсер (NUXT) запущен
2026-03-16 17:08:31,724 - INFO - ============================================================
2026-03-16 17:08:31,841 - INFO - Индекс: 7847 событий из других источников
2026-03-16 17:08:31,842 - INFO - 
📥 Молодежный театр эстрады: https://bycard.by/objects/minsk/1/193
2026-03-16 17:08:31,842 - INFO - Попытка 1/3: https://bycard.by/objects/minsk/1/193
2026-03-16 17:08:33,023 - INFO - Загружено (168649 симв.)
2026-03-16 17:08:33,026 - INFO - 📁 Полный HTML сохранён в debug_full.html
2026-03-16 17:08:33,033 - WARNING - ❌ Функция не найдена
2026-03-16 17:08:33,033 - INFO -   Найдено: 0, уникальных: 0, сохранено: 0
2026-03-16 17:08:34,036 - INFO - 
📊 Итог: найдено 0, дублей 0, сохранено 0
2026-03-16 17:08:34,037 - INFO - ============================================================
2026-03-16 17:10:43,149 - INFO - ============================================================
2026-03-16 17:10:43,149 - INFO - 🎭 BYCARD парсер (NUXT) запущен
2026-03-16 17:10:43,149 - INFO - ============================================================
2026-03-16 17:10:43,280 - INFO - Индекс: 7847 событий из других источников
2026-03-16 17:10:43,280 - INFO - 
📥 Молодежный театр эстрады: https://bycard.by/objects/minsk/1/193
2026-03-16 17:10:43,280 - INFO - Попытка 1/3: https://bycard.by/objects/minsk/1/193
2026-03-16 17:10:44,380 - INFO - Загружено (168649 симв.)
2026-03-16 17:10:44,393 - WARNING - ❌ Не удалось найти window.__NUXT__ в HTML
2026-03-16 17:10:44,394 - INFO -   Найдено: 0, уникальных: 0, сохранено: 0
2026-03-16 17:10:45,397 - INFO - 
📊 Итог: найдено 0, дублей 0, сохранено 0
2026-03-16 17:10:45,397 - INFO - ============================================================
2026-03-16 17:13:30,780 - INFO - ============================================================
2026-03-16 17:13:30,780 - INFO - 🎭 BYCARD парсер (NUXT) запущен
2026-03-16 17:13:30,781 - INFO - ============================================================
2026-03-16 17:13:30,904 - INFO - Индекс: 7847 событий из других источников
2026-03-16 17:13:30,904 - INFO - 
📥 Молодежный театр эстрады: https://bycard.by/objects/minsk/1/193
2026-03-16 17:13:30,904 - INFO - Попытка 1/3: https://bycard.by/objects/minsk/1/193
2026-03-16 17:13:32,075 - INFO - Загружено (168649 симв.)
2026-03-16 17:13:32,088 - WARNING - ❌ Не удалось найти window.__NUXT__ в HTML
2026-03-16 17:13:32,088 - INFO -   Найдено: 0, уникальных: 0, сохранено: 0
2026-03-16 17:13:33,092 - INFO - 
📊 Итог: найдено 0, дублей 0, сохранено 0
2026-03-16 17:13:33,092 - INFO - ============================================================
2026-03-16 17:13:49,356 - INFO - ============================================================
2026-03-16 17:13:49,356 - INFO - 🎭 BYCARD парсер (NUXT) запущен
2026-03-16 17:13:49,356 - INFO - ============================================================
2026-03-16 17:13:49,484 - INFO - Индекс: 7847 событий из других источников
2026-03-16 17:13:49,485 - INFO - 
📥 Молодежный театр эстрады: https://bycard.by/objects/minsk/1/193
2026-03-16 17:13:49,485 - INFO - Попытка 1/3: https://bycard.by/objects/minsk/1/193
2026-03-16 17:13:50,590 - INFO - Загружено (168649 симв.)
2026-03-16 17:13:50,604 - WARNING - ❌ Не удалось найти window.__NUXT__ в HTML
2026-03-16 17:13:50,604 - INFO -   Найдено: 0, уникальных: 0, сохранено: 0
2026-03-16 17:13:51,607 - INFO - 
📊 Итог: найдено 0, дублей 0, сохранено 0
2026-03-16 17:13:51,608 - INFO - ============================================================
2026-03-16 18:33:11,174 - INFO - ============================================================
2026-03-16 18:33:11,174 - INFO - 🎭 BYCARD парсер (комбинированный) запущен
2026-03-16 18:33:11,175 - INFO - ============================================================
2026-03-16 18:33:11,301 - INFO - 📋 Индекс: 7847 событий
2026-03-16 18:33:11,302 - INFO - 
📥 Молодежный театр эстрады: https://bycard.by/objects/minsk/1/193
2026-03-16 18:33:11,302 - INFO - Попытка 1/3: https://bycard.by/objects/minsk/1/193
2026-03-16 18:33:13,088 - INFO - Загружено (168499 симв.)
2026-03-16 18:33:13,120 - INFO -   JSON-LD: найдено 0 событий
2026-03-16 18:33:13,133 - INFO -   HTML: найдено 0 событий
2026-03-16 18:33:13,135 - INFO -   Итого уникальных: 0
2026-03-16 18:33:13,135 - INFO -   Найдено: 0, уникальных: 0, сохранено: 0
2026-03-16 18:33:14,140 - INFO - 
📊 Итог: найдено 0, дублей 0, сохранено 0
2026-03-16 18:33:14,140 - INFO - ============================================================
2026-03-16 18:37:59,899 - INFO - ============================================================
2026-03-16 18:37:59,899 - INFO - 🎭 BYCARD парсер (NUXT) запущен
2026-03-16 18:37:59,899 - INFO - ============================================================
2026-03-16 18:38:00,018 - INFO - Индекс: 7847 событий из других источников
2026-03-16 18:38:00,018 - INFO - 
📥 Молодежный театр эстрады: https://bycard.by/objects/minsk/1/193
2026-03-16 18:38:00,018 - INFO - Попытка 1/3: https://bycard.by/objects/minsk/1/193
2026-03-16 18:38:01,899 - INFO - Загружено (168499 симв.)
2026-03-16 18:38:01,907 - WARNING - ❌ Не удалось найти window.__NUXT__ в HTML
2026-03-16 18:38:01,907 - INFO -   Найдено: 0, уникальных: 0, сохранено: 0
2026-03-16 18:38:02,910 - INFO - 
📊 Итог: найдено 0, дублей 0, сохранено 0
2026-03-16 18:38:02,910 - INFO - ============================================================
2026-03-16 18:41:11,112 - INFO - ============================================================
2026-03-16 18:41:11,112 - INFO - 🎭 BYCARD парсер (упрощённый)
2026-03-16 18:41:11,113 - INFO - ============================================================
2026-03-16 18:41:11,113 - INFO - 
📥 Молодежный театр эстрады: https://bycard.by/objects/minsk/1/193
2026-03-16 18:41:12,555 - WARNING - ❌ JSON не найден в скрипте
2026-03-16 18:43:00,044 - INFO - ============================================================
2026-03-16 18:43:00,044 - INFO - 🎭 BYCARD парсер - сохранение скрипта
2026-03-16 18:43:00,044 - INFO - ============================================================
2026-03-16 18:43:00,044 - INFO - 
📥 Молодежный театр эстрады: https://bycard.by/objects/minsk/1/193
2026-03-16 18:43:01,300 - INFO - ✅ Скрипт сохранён в script_Молодежный_театр_эстрады.js
2026-03-16 18:43:01,300 - INFO - ✅ HTML сохранён в full_Молодежный_театр_эстрады.html
2026-03-16 18:45:44,699 - INFO - ============================================================
2026-03-16 18:45:44,700 - INFO - 🎭 BYCARD парсер (ФИНАЛЬНЫЙ) запущен
2026-03-16 18:45:44,700 - INFO - ============================================================
2026-03-16 18:45:44,823 - INFO - Индекс: 7847 событий из других источников
2026-03-16 18:45:44,824 - INFO - 
📥 Молодежный театр эстрады: https://bycard.by/objects/minsk/1/193
2026-03-16 18:45:44,824 - INFO - Попытка 1/3: https://bycard.by/objects/minsk/1/193
2026-03-16 18:45:46,186 - INFO - Загружено (168499 симв.)
2026-03-16 18:45:46,191 - INFO - ✅ Найдено спектаклей: 0
2026-03-16 18:45:46,191 - WARNING - ❌ Не удалось найти спектакли
2026-03-16 18:45:46,191 - INFO -   Найдено: 0, уникальных: 0, сохранено: 0
2026-03-16 18:45:47,192 - INFO - 
📊 Итог: найдено 0, дублей 0, сохранено 0
2026-03-16 18:45:47,192 - INFO - ============================================================
2026-03-16 18:45:52,364 - INFO - ============================================================
2026-03-16 18:45:52,364 - INFO - 🎭 BYCARD парсер (ФИНАЛЬНЫЙ) запущен
2026-03-16 18:45:52,364 - INFO - ============================================================
2026-03-16 18:45:52,483 - INFO - Индекс: 7847 событий из других источников
2026-03-16 18:45:52,484 - INFO - 
📥 Молодежный театр эстрады: https://bycard.by/objects/minsk/1/193
2026-03-16 18:45:52,484 - INFO - Попытка 1/3: https://bycard.by/objects/minsk/1/193
2026-03-16 18:45:53,790 - INFO - Загружено (168499 симв.)
2026-03-16 18:45:53,795 - INFO - ✅ Найдено спектаклей: 0
2026-03-16 18:45:53,795 - WARNING - ❌ Не удалось найти спектакли
2026-03-16 18:45:53,795 - INFO -   Найдено: 0, уникальных: 0, сохранено: 0
2026-03-16 18:45:54,800 - INFO - 
📊 Итог: найдено 0, дублей 0, сохранено 0
2026-03-16 18:45:54,800 - INFO - ============================================================
2026-03-16 18:47:10,393 - INFO - ============================================================
2026-03-16 18:47:10,393 - INFO - 🎭 BYCARD парсер - сохранение скрипта
2026-03-16 18:47:10,393 - INFO - ============================================================
2026-03-16 18:47:10,393 - INFO - 
📥 Молодежный театр эстрады: https://bycard.by/objects/minsk/1/193
2026-03-16 18:47:11,701 - INFO - ✅ Скрипт сохранён в script_Молодежный_театр_эстрады.js
2026-03-16 18:47:11,701 - INFO - Первые 1000 символов скрипта:
window.__NUXT__=(function(a,b,c,d,e,f,g,h,i,j,k,l,m,n,o,p,q,r,s,t,u,v,w,x,y,z,A,B,C,D,E,F,G,H,I,J,K,L,M,N,O,P,Q,R,S,T,U,V,W,X,Y,Z,_,$,aa,ab,ac,ad,ae,af,ag,ah,ai,aj,ak,al,am,an,ao,ap,aq,ar,as,at,au,av,aw,ax,ay,az,aA,aB,aC,aD,aE,aF,aG,aH,aI,aJ,aK,aL,aM,aN,aO,aP,aQ,aR,aS,aT,aU,aV,aW,aX,aY,aZ,a_,a$,ba,bb,bc,bd,be,bf,bg,bh,bi,bj,bk,bl,bm,bn,bo,bp,bq,br,bs,bt,bu,bv,bw,bx,by,bz,bA,bB,bC,bD,bE,bF,bG,bH,bI,bJ,bK,bL,bM,bN,bO,bP,bQ,bR,bS,bT,bU,bV,bW,bX,bY,bZ,b_,b$,ca,cb,cc,cd,ce,cf,cg,ch,ci,cj,ck,cl,cm,cn,co,cp,cq,cr,cs,ct,cu,cv,cw,cx,cy,cz,cA,cB,cC,cD,cE,cF,cG,cH,cI,cJ,cK,cL,cM,cN,cO,cP,cQ,cR,cS,cT,cU,cV,cW,cX,cY,cZ,c_,c$,da,db,dc,dd,de,df,dg,dh,di,dj,dk,dl,dm,dn,do_,dp,dq,dr,ds,dt,du,dv,dw,dx,dy,dz,dA,dB,dC,dD,dE,dF,dG,dH,dI,dJ,dK,dL,dM,dN,dO,dP,dQ,dR,dS,dT,dU,dV,dW,dX,dY,dZ,d_,d$,ea,eb,ec,ed,ee,ef,eg,eh,ei,ej,ek,el,em,en,eo,ep,eq,er,es,et,eu,ev,ew,ex,ey,ez,eA,eB,eC,eD,eE,eF,eG,eH,eI,eJ,eK,eL,eM,eN,eO,eP,eQ,eR,eS,eT,eU,eV,eW,eX,eY,eZ,e_,e$,fa,fb,fc,fd,fe,ff,fg,fh,fi,fj,fk,fl,fm,fn,fo,fp,fq,fr,f
2026-03-16 18:47:11,701 - INFO - ✅ Найдено 'fp[' в скрипте
2026-03-16 18:47:11,701 - INFO - ✅ Найдено 'sessions' в скрипте
2026-03-16 18:50:05,302 - INFO - ============================================================
2026-03-16 18:50:05,302 - INFO - 🎭 BYCARD парсер (ФИНАЛЬНЫЙ) запущен
2026-03-16 18:50:05,302 - INFO - ============================================================
2026-03-16 18:50:05,436 - INFO - Индекс: 7847 событий из других источников
2026-03-16 18:50:05,436 - INFO - 
📥 Молодежный театр эстрады: https://bycard.by/objects/minsk/1/193
2026-03-16 18:50:05,436 - INFO - Попытка 1/3: https://bycard.by/objects/minsk/1/193
2026-03-16 18:50:06,983 - INFO - Загружено (168499 симв.)
2026-03-16 18:50:06,989 - INFO - ✅ Найдено спектаклей: 0
2026-03-16 18:50:06,989 - WARNING - ❌ Не удалось найти спектакли
2026-03-16 18:50:06,989 - INFO -   Найдено: 0, уникальных: 0, сохранено: 0
2026-03-16 18:50:07,994 - INFO - 
📊 Итог: найдено 0, дублей 0, сохранено 0
2026-03-16 18:50:07,994 - INFO - ============================================================
2026-03-19 15:44:20,899 - INFO - ============================================================
2026-03-19 15:44:20,899 - INFO - 🎭 BYCARD парсер запущен
2026-03-19 15:44:20,899 - INFO - ============================================================
2026-03-19 15:44:21,136 - INFO - Индекс: 7833 событий из других источников
2026-03-19 15:44:21,136 - INFO - Загружаю список театров: https://bycard.by/objects/minsk/1
2026-03-19 15:44:22,970 - INFO -   Загружено https://bycard.by/objects/minsk/1 (194945 симв.)
2026-03-19 15:44:23,001 - INFO - Театров найдено: 18
2026-03-19 15:44:23,001 - INFO - Театров для обработки: 18
2026-03-19 15:44:23,001 - INFO - 
▶ Театр эстрады (https://bycard.by/objects/minsk/1/193)
2026-03-19 15:44:24,531 - INFO -   Загружено https://bycard.by/objects/minsk/1/193 (164995 симв.)
2026-03-19 15:44:24,566 - INFO -   [Молодёжный театр эстрады]: 61 сеансов
2026-03-19 15:44:25,070 - INFO - 
▶ Большой театр Беларуси (https://bycard.by/objects/minsk/1/5423)
2026-03-19 15:44:26,467 - INFO -   Загружено https://bycard.by/objects/minsk/1/5423 (181676 симв.)
2026-03-19 15:44:26,490 - INFO -   [Большой театр]: 80 сеансов
2026-03-19 15:44:26,995 - INFO - 
▶ Молодёжный театр (https://bycard.by/objects/minsk/1/332)
2026-03-19 15:44:28,414 - INFO -   Загружено https://bycard.by/objects/minsk/1/332 (146785 симв.)
2026-03-19 15:44:28,437 - INFO -   [Молодёжный театр]: 45 сеансов
2026-03-19 15:44:28,942 - INFO - 
▶ РТБД (https://bycard.by/objects/minsk/1/158)
2026-03-19 15:44:30,428 - INFO -   Загружено https://bycard.by/objects/minsk/1/158 (154008 симв.)
2026-03-19 15:44:30,452 - INFO -   [Республиканский театр белорусской драматургии]: 33 сеансов
2026-03-19 15:44:30,956 - INFO - 
▶ Театр Армии (https://bycard.by/objects/minsk/1/70)
2026-03-19 15:44:34,978 - INFO -   Загружено https://bycard.by/objects/minsk/1/70 (119775 симв.)
2026-03-19 15:44:35,002 - INFO -   [Театр Армии]: 30 сеансов
2026-03-19 15:44:35,504 - INFO - 
▶ Дом Литератора (https://bycard.by/objects/minsk/1/56)
2026-03-19 15:44:36,992 - INFO -   Загружено https://bycard.by/objects/minsk/1/56 (102895 симв.)
2026-03-19 15:44:37,019 - INFO -   [Дом литератора]: 49 сеансов
2026-03-19 15:44:37,521 - INFO - 
▶ Нацыянальны акадэмiчны тэатр iмя Янкi Купалы (https://bycard.by/objects/minsk/1/5008)
2026-03-19 15:44:38,781 - INFO -   Загружено https://bycard.by/objects/minsk/1/5008 (88892 симв.)
2026-03-19 15:44:38,800 - INFO -   [Нацыянальны акадэмiчны тэатр iмя Янкi Купалы]: 24 сеансов
2026-03-19 15:44:39,304 - INFO - 
▶ Новый театр (https://bycard.by/objects/minsk/1/143)
2026-03-19 15:44:40,612 - INFO -   Загружено https://bycard.by/objects/minsk/1/143 (114810 симв.)
2026-03-19 15:44:40,635 - INFO -   [Новый театр]: 43 сеансов
2026-03-19 15:44:41,137 - INFO - 
▶ Киноактера (https://bycard.by/objects/minsk/1/80)
2026-03-19 15:44:42,475 - INFO -   Загружено https://bycard.by/objects/minsk/1/80 (101085 симв.)
2026-03-19 15:44:42,500 - INFO -   [Киноактера]: 66 сеансов
2026-03-19 15:44:43,005 - INFO - 
▶ театр имени Янки Купалы (https://bycard.by/objects/minsk/1/74)
2026-03-19 15:44:44,008 - INFO -   Загружено https://bycard.by/objects/minsk/1/74 (62026 симв.)
2026-03-19 15:44:44,031 - INFO -   [Театр им. Янки Купалы]: 5 сеансов
2026-03-19 15:44:44,536 - INFO - 
▶ Музыкальный театр (https://bycard.by/objects/minsk/1/85)
2026-03-19 15:44:45,355 - INFO -   Загружено https://bycard.by/objects/minsk/1/85 (57143 симв.)
2026-03-19 15:44:45,373 - INFO -   [Музыкальный театр]: 0 сеансов
2026-03-19 15:44:45,878 - INFO - 
▶ Дворец культуры Шарко (https://bycard.by/objects/minsk/1/5427)
2026-03-19 15:44:47,182 - INFO -   Загружено https://bycard.by/objects/minsk/1/5427 (47921 симв.)
2026-03-19 15:44:47,200 - INFO -   [Дворец культуры Шарко]: 0 сеансов
2026-03-19 15:44:47,705 - INFO - 
▶ Молодежный театр (Малая сцена) (https://bycard.by/objects/minsk/1/4950)
2026-03-19 15:44:48,506 - INFO -   Загружено https://bycard.by/objects/minsk/1/4950 (33450 симв.)
2026-03-19 15:44:48,520 - INFO -   [Молодёжный театр]: 0 сеансов
2026-03-19 15:44:49,020 - INFO - 
▶ Бар "Piano bar & karaoke" (https://bycard.by/objects/minsk/1/5424)
2026-03-19 15:44:49,761 - INFO -   Загружено https://bycard.by/objects/minsk/1/5424 (49281 симв.)
2026-03-19 15:44:49,791 - INFO -   [Бар Piano bar & karaoke]: 0 сеансов
2026-03-19 15:44:50,295 - INFO - 
▶ ТРЦ Палаццо (https://bycard.by/objects/minsk/1/5325)
2026-03-19 15:44:51,068 - INFO -   Загружено https://bycard.by/objects/minsk/1/5325 (47254 симв.)
2026-03-19 15:44:51,085 - INFO -   [ТРЦ Палаццо]: 0 сеансов
2026-03-19 15:44:51,586 - INFO - 
▶ Цирк Сириус (м-он Сокол) (https://bycard.by/objects/minsk/1/5425)
2026-03-19 15:44:52,276 - INFO -   Загружено https://bycard.by/objects/minsk/1/5425 (48422 симв.)
2026-03-19 15:44:52,295 - INFO -   [Белгосцирк]: 0 сеансов
2026-03-19 15:44:52,799 - INFO - 
▶ Bistro o’Da! (https://bycard.by/objects/minsk/1/5346)
2026-03-19 15:44:53,579 - INFO -   Загружено https://bycard.by/objects/minsk/1/5346 (30450 симв.)
2026-03-19 15:44:53,593 - INFO -   [Bistro o’Da!]: 0 сеансов
2026-03-19 15:44:54,098 - INFO - 
▶ ТЮЗ (https://bycard.by/objects/minsk/1/4914)
2026-03-19 15:44:54,931 - INFO -   Загружено https://bycard.by/objects/minsk/1/4914 (70466 симв.)
2026-03-19 15:44:54,956 - INFO -   [ТЮЗ]: 0 сеансов
2026-03-19 15:44:56,323 - INFO - 
Итог: найдено 436, дублей 209, сохранено 227
2026-03-19 15:44:56,323 - INFO - ============================================================
2026-03-19 16:21:21,810 - INFO - ============================================================
2026-03-19 16:21:21,811 - INFO - 🎭 BYCARD парсер запущен
2026-03-19 16:21:21,811 - INFO - ============================================================
2026-03-19 16:21:21,933 - INFO - Индекс: 7833 событий из других источников
2026-03-19 16:21:21,934 - INFO - Загружаю список театров: https://bycard.by/objects/minsk/1
2026-03-19 16:21:23,484 - INFO -   Загружено https://bycard.by/objects/minsk/1 (194945 симв.)
2026-03-19 16:21:23,503 - INFO - Театров найдено: 18
2026-03-19 16:21:23,503 - INFO - Театров для обработки: 18
2026-03-19 16:21:23,503 - INFO - 
▶ Театр эстрады (https://bycard.by/objects/minsk/1/193)
2026-03-19 16:21:24,937 - INFO -   Загружено https://bycard.by/objects/minsk/1/193 (164995 симв.)
2026-03-19 16:21:24,968 - INFO -   [Молодёжный театр эстрады]: 66 сеансов (с билетами: 61, без: 5)
2026-03-19 16:21:25,473 - INFO - 
▶ Большой театр Беларуси (https://bycard.by/objects/minsk/1/5423)
2026-03-19 16:21:27,076 - INFO -   Загружено https://bycard.by/objects/minsk/1/5423 (183202 симв.)
2026-03-19 16:21:27,101 - INFO -   [Большой театр]: 106 сеансов (с билетами: 79, без: 27)
2026-03-19 16:21:27,603 - INFO - 
▶ Молодёжный театр (https://bycard.by/objects/minsk/1/332)
2026-03-19 16:21:29,176 - INFO -   Загружено https://bycard.by/objects/minsk/1/332 (146785 симв.)
2026-03-19 16:21:29,197 - INFO -   [Молодёжный театр]: 58 сеансов (с билетами: 58, без: 0)
2026-03-19 16:21:29,701 - INFO - 
▶ РТБД (https://bycard.by/objects/minsk/1/158)
2026-03-19 16:21:31,007 - INFO -   Загружено https://bycard.by/objects/minsk/1/158 (154008 симв.)
2026-03-19 16:21:31,035 - INFO -   [Республиканский театр белорусской драматургии]: 59 сеансов (с билетами: 59, без: 0)
2026-03-19 16:21:31,536 - INFO - 
▶ Театр Армии (https://bycard.by/objects/minsk/1/70)
2026-03-19 16:21:32,628 - INFO -   Загружено https://bycard.by/objects/minsk/1/70 (119775 симв.)
2026-03-19 16:21:32,648 - INFO -   [Театр Армии]: 35 сеансов (с билетами: 35, без: 0)
2026-03-19 16:21:33,152 - INFO - 
▶ Дом Литератора (https://bycard.by/objects/minsk/1/56)
2026-03-19 16:21:34,465 - INFO -   Загружено https://bycard.by/objects/minsk/1/56 (102895 симв.)
2026-03-19 16:21:34,487 - INFO -   [Дом литератора]: 51 сеансов (с билетами: 43, без: 8)
2026-03-19 16:21:34,992 - INFO - 
▶ Нацыянальны акадэмiчны тэатр iмя Янкi Купалы (https://bycard.by/objects/minsk/1/5008)
2026-03-19 16:21:35,810 - INFO -   Загружено https://bycard.by/objects/minsk/1/5008 (88892 симв.)
2026-03-19 16:21:35,829 - INFO -   [Нацыянальны акадэмiчны тэатр iмя Янкi Купалы]: 29 сеансов (с билетами: 29, без: 0)
2026-03-19 16:21:36,332 - INFO - 
▶ Новый театр (https://bycard.by/objects/minsk/1/143)
2026-03-19 16:21:37,597 - INFO -   Загружено https://bycard.by/objects/minsk/1/143 (114810 симв.)
2026-03-19 16:21:37,622 - INFO -   [Новый театр]: 46 сеансов (с билетами: 46, без: 0)
2026-03-19 16:21:38,124 - INFO - 
▶ Киноактера (https://bycard.by/objects/minsk/1/80)
2026-03-19 16:21:39,330 - INFO -   Загружено https://bycard.by/objects/minsk/1/80 (101085 симв.)
2026-03-19 16:21:39,352 - INFO -   [Киноактера]: 68 сеансов (с билетами: 39, без: 29)
2026-03-19 16:21:39,852 - INFO - 
▶ театр имени Янки Купалы (https://bycard.by/objects/minsk/1/74)
2026-03-19 16:21:40,887 - INFO -   Загружено https://bycard.by/objects/minsk/1/74 (62026 симв.)
2026-03-19 16:21:40,912 - INFO -   [Театр им. Янки Купалы]: 6 сеансов (с билетами: 6, без: 0)
2026-03-19 16:21:41,416 - INFO - 
▶ Музыкальный театр (https://bycard.by/objects/minsk/1/85)
2026-03-19 16:21:42,456 - INFO -   Загружено https://bycard.by/objects/minsk/1/85 (57143 симв.)
2026-03-19 16:21:42,476 - INFO -   [Музыкальный театр]: 0 сеансов (с билетами: 0, без: 0)
2026-03-19 16:21:42,981 - INFO - 
▶ Дворец культуры Шарко (https://bycard.by/objects/minsk/1/5427)
2026-03-19 16:21:43,665 - INFO -   Загружено https://bycard.by/objects/minsk/1/5427 (47921 симв.)
2026-03-19 16:21:43,681 - INFO -   [Дворец культуры Шарко]: 0 сеансов (с билетами: 0, без: 0)
2026-03-19 16:21:44,183 - INFO - 
▶ Молодежный театр (Малая сцена) (https://bycard.by/objects/minsk/1/4950)
2026-03-19 16:21:44,896 - INFO -   Загружено https://bycard.by/objects/minsk/1/4950 (51733 симв.)
2026-03-19 16:21:44,914 - INFO -   [Молодёжный театр]: 0 сеансов (с билетами: 0, без: 0)
2026-03-19 16:21:45,418 - INFO - 
▶ Бар "Piano bar & karaoke" (https://bycard.by/objects/minsk/1/5424)
2026-03-19 16:21:46,225 - INFO -   Загружено https://bycard.by/objects/minsk/1/5424 (49281 симв.)
2026-03-19 16:21:46,254 - INFO -   [Бар Piano bar & karaoke]: 0 сеансов (с билетами: 0, без: 0)
2026-03-19 16:21:46,757 - INFO - 
▶ ТРЦ Палаццо (https://bycard.by/objects/minsk/1/5325)
2026-03-19 16:21:47,462 - INFO -   Загружено https://bycard.by/objects/minsk/1/5325 (47254 симв.)
2026-03-19 16:21:47,477 - INFO -   [ТРЦ Палаццо]: 0 сеансов (с билетами: 0, без: 0)
2026-03-19 16:21:47,982 - INFO - 
▶ Цирк Сириус (м-он Сокол) (https://bycard.by/objects/minsk/1/5425)
2026-03-19 16:21:49,123 - INFO -   Загружено https://bycard.by/objects/minsk/1/5425 (48422 симв.)
2026-03-19 16:21:49,138 - INFO -   [Белгосцирк]: 0 сеансов (с билетами: 0, без: 0)
2026-03-19 16:21:49,639 - INFO - 
▶ Bistro o’Da! (https://bycard.by/objects/minsk/1/5346)
2026-03-19 16:21:50,459 - INFO -   Загружено https://bycard.by/objects/minsk/1/5346 (48731 симв.)
2026-03-19 16:21:50,473 - INFO -   [Bistro o’Da!]: 0 сеансов (с билетами: 0, без: 0)
2026-03-19 16:21:50,977 - INFO - 
▶ ТЮЗ (https://bycard.by/objects/minsk/1/4914)
2026-03-19 16:21:51,808 - INFO -   Загружено https://bycard.by/objects/minsk/1/4914 (70466 симв.)
2026-03-19 16:21:51,832 - INFO -   [ТЮЗ]: 0 сеансов (с билетами: 0, без: 0)
2026-03-19 16:21:53,308 - INFO - 
Итог: найдено 524, дублей 253, сохранено 271
2026-03-19 16:21:53,308 - INFO - ============================================================
2026-03-21 18:17:54,250 - INFO - ============================================================
2026-03-21 18:17:54,256 - INFO - 🎭 BYCARD парсер запущен
2026-03-21 18:17:54,256 - INFO - ============================================================
2026-03-21 18:17:54,365 - INFO - Индекс: 7354 событий из других источников
2026-03-21 18:17:54,366 - INFO - Загружаю список театров: https://bycard.by/objects/minsk/1
2026-03-21 18:17:55,875 - INFO -   Загружено https://bycard.by/objects/minsk/1 (185693 симв.)
2026-03-21 18:17:55,892 - INFO - Театров найдено: 18
2026-03-21 18:17:55,892 - INFO - Театров для обработки: 18
2026-03-21 18:17:55,892 - INFO - 
▶ Театр эстрады (https://bycard.by/objects/minsk/1/193)
2026-03-21 18:17:57,643 - INFO -   Загружено https://bycard.by/objects/minsk/1/193 (164429 симв.)
2026-03-21 18:17:57,678 - INFO -   [Молодёжный театр эстрады]: 71 сеансов (с билетами: 68, без: 3)
2026-03-21 18:17:58,178 - INFO - 
▶ Большой театр Беларуси (https://bycard.by/objects/minsk/1/5423)
2026-03-21 18:18:00,298 - INFO -   Загружено https://bycard.by/objects/minsk/1/5423 (181427 симв.)
2026-03-21 18:18:00,323 - INFO -   [Большой театр]: 103 сеансов (с билетами: 76, без: 27)
2026-03-21 18:18:00,827 - INFO - 
▶ Молодёжный театр (https://bycard.by/objects/minsk/1/332)
2026-03-21 18:18:02,482 - INFO -   Загружено https://bycard.by/objects/minsk/1/332 (146380 симв.)
2026-03-21 18:18:02,506 - INFO -   [Молодёжный театр]: 57 сеансов (с билетами: 55, без: 2)
2026-03-21 18:18:03,011 - INFO - 
▶ РТБД (https://bycard.by/objects/minsk/1/158)
2026-03-21 18:18:04,714 - INFO -   Загружено https://bycard.by/objects/minsk/1/158 (153693 симв.)
2026-03-21 18:18:04,738 - INFO -   [Республиканский театр белорусской драматургии]: 57 сеансов (с билетами: 56, без: 1)
2026-03-21 18:18:05,244 - INFO - 
▶ Театр Армии (https://bycard.by/objects/minsk/1/70)
2026-03-21 18:18:06,458 - INFO -   Загружено https://bycard.by/objects/minsk/1/70 (123738 симв.)
2026-03-21 18:18:06,480 - INFO -   [Театр Армии]: 37 сеансов (с билетами: 36, без: 1)
2026-03-21 18:18:06,985 - INFO - 
▶ Дом Литератора (https://bycard.by/objects/minsk/1/56)
2026-03-21 18:18:08,357 - INFO -   Загружено https://bycard.by/objects/minsk/1/56 (99915 симв.)
2026-03-21 18:18:08,382 - INFO -   [Дом литератора]: 43 сеансов (с билетами: 39, без: 4)
2026-03-21 18:18:08,882 - INFO - 
▶ Нацыянальны акадэмiчны тэатр iмя Янкi Купалы (https://bycard.by/objects/minsk/1/5008)
2026-03-21 18:18:09,930 - INFO -   Загружено https://bycard.by/objects/minsk/1/5008 (88732 симв.)
2026-03-21 18:18:09,948 - INFO -   [Нацыянальны акадэмiчны тэатр iмя Янкi Купалы]: 29 сеансов (с билетами: 29, без: 0)
2026-03-21 18:18:10,449 - INFO - 
▶ Новый театр (https://bycard.by/objects/minsk/1/143)
2026-03-21 18:18:11,900 - INFO -   Загружено https://bycard.by/objects/minsk/1/143 (114414 симв.)
2026-03-21 18:18:11,923 - INFO -   [Новый театр]: 47 сеансов (с билетами: 45, без: 2)
2026-03-21 18:18:12,427 - INFO - 
▶ Киноактера (https://bycard.by/objects/minsk/1/80)
2026-03-21 18:18:14,025 - INFO -   Загружено https://bycard.by/objects/minsk/1/80 (100661 симв.)
2026-03-21 18:18:14,050 - INFO -   [Киноактера]: 68 сеансов (с билетами: 38, без: 30)
2026-03-21 18:18:14,555 - INFO - 
▶ театр имени Янки Купалы (https://bycard.by/objects/minsk/1/74)
2026-03-21 18:18:15,707 - INFO -   Загружено https://bycard.by/objects/minsk/1/74 (60316 симв.)
2026-03-21 18:18:15,729 - INFO -   [Театр им. Янки Купалы]: 4 сеансов (с билетами: 4, без: 0)
2026-03-21 18:18:16,233 - INFO - 
▶ Музыкальный театр (https://bycard.by/objects/minsk/1/85)
2026-03-21 18:18:17,527 - INFO -   Загружено https://bycard.by/objects/minsk/1/85 (57139 симв.)
2026-03-21 18:18:17,547 - INFO -   [Музыкальный театр]: 0 сеансов (с билетами: 0, без: 0)
2026-03-21 18:18:18,051 - INFO - 
▶ Дворец культуры Шарко (https://bycard.by/objects/minsk/1/5427)
2026-03-21 18:18:18,839 - INFO -   Загружено https://bycard.by/objects/minsk/1/5427 (47912 симв.)
2026-03-21 18:18:18,856 - INFO -   [Дворец культуры Шарко]: 0 сеансов (с билетами: 0, без: 0)
2026-03-21 18:18:19,361 - INFO - 
▶ Молодежный театр (Малая сцена) (https://bycard.by/objects/minsk/1/4950)
2026-03-21 18:18:20,118 - INFO -   Загружено https://bycard.by/objects/minsk/1/4950 (51724 симв.)
2026-03-21 18:18:20,135 - INFO -   [Молодёжный театр]: 0 сеансов (с билетами: 0, без: 0)
2026-03-21 18:18:20,636 - INFO - 
▶ Бар "Piano bar & karaoke" (https://bycard.by/objects/minsk/1/5424)
2026-03-21 18:18:21,494 - INFO -   Загружено https://bycard.by/objects/minsk/1/5424 (49272 симв.)
2026-03-21 18:18:21,525 - INFO -   [Бар Piano bar & karaoke]: 0 сеансов (с билетами: 0, без: 0)
2026-03-21 18:18:22,028 - INFO - 
▶ ТРЦ Палаццо (https://bycard.by/objects/minsk/1/5325)
2026-03-21 18:18:22,698 - INFO -   Загружено https://bycard.by/objects/minsk/1/5325 (47254 симв.)
2026-03-21 18:18:22,714 - INFO -   [ТРЦ Палаццо]: 0 сеансов (с билетами: 0, без: 0)
2026-03-21 18:18:23,219 - INFO - 
▶ Цирк Сириус (м-он Сокол) (https://bycard.by/objects/minsk/1/5425)
2026-03-21 18:18:24,025 - INFO -   Загружено https://bycard.by/objects/minsk/1/5425 (27715 симв.)
2026-03-21 18:18:24,038 - INFO -   [Белгосцирк]: 0 сеансов (с билетами: 0, без: 0)
2026-03-21 18:18:24,541 - INFO - 
▶ Bistro o’Da! (https://bycard.by/objects/minsk/1/5346)
2026-03-21 18:18:25,249 - INFO -   Загружено https://bycard.by/objects/minsk/1/5346 (48731 симв.)
2026-03-21 18:18:25,267 - INFO -   [Bistro o’Da!]: 0 сеансов (с билетами: 0, без: 0)
2026-03-21 18:18:25,771 - INFO - 
▶ ТЮЗ (https://bycard.by/objects/minsk/1/4914)
2026-03-21 18:18:26,734 - INFO -   Загружено https://bycard.by/objects/minsk/1/4914 (70466 симв.)
2026-03-21 18:18:26,758 - INFO -   [ТЮЗ]: 0 сеансов (с билетами: 0, без: 0)
2026-03-21 18:18:27,261 - INFO - 
Всего найдено сеансов: 516
2026-03-21 18:18:27,945 - INFO - Дублей с другими источниками: 244
2026-03-21 18:18:27,951 - INFO - 🗑️ Удалено старых записей bycard: 271
2026-03-21 18:18:27,968 - INFO - 💾 Сохранено: 272
2026-03-21 18:18:27,969 - INFO - Итог: найдено 516, дублей 244, сохранено 272
2026-03-21 18:18:27,969 - INFO - ============================================================
2026-03-21 18:59:21,005 - INFO - ============================================================
2026-03-21 18:59:21,005 - INFO - 🎭 BYCARD парсер запущен
2026-03-21 18:59:21,005 - INFO - ============================================================
2026-03-21 18:59:21,217 - INFO - Индекс: 7383 событий из других источников
2026-03-21 18:59:21,218 - INFO - Загружаю список театров: https://bycard.by/objects/minsk/1
2026-03-21 18:59:22,944 - INFO -   Загружено https://bycard.by/objects/minsk/1 (165354 симв.)
2026-03-21 18:59:22,959 - INFO - Театров найдено: 18
2026-03-21 18:59:22,959 - INFO - Театров для обработки: 18
2026-03-21 18:59:22,959 - INFO - 
▶ Театр эстрады (https://bycard.by/objects/minsk/1/193)
2026-03-21 18:59:24,418 - INFO -   Загружено https://bycard.by/objects/minsk/1/193 (164429 симв.)
2026-03-21 18:59:24,451 - INFO -   [Молодёжный театр эстрады]: 71 сеансов (с билетами: 68, без: 3)
2026-03-21 18:59:24,953 - INFO - 
▶ Большой театр Беларуси (https://bycard.by/objects/minsk/1/5423)
2026-03-21 18:59:26,800 - INFO -   Загружено https://bycard.by/objects/minsk/1/5423 (181361 симв.)
2026-03-21 18:59:26,825 - INFO -   [Большой театр]: 103 сеансов (с билетами: 77, без: 26)
2026-03-21 18:59:27,330 - INFO - 
▶ Молодёжный театр (https://bycard.by/objects/minsk/1/332)
2026-03-21 18:59:28,869 - INFO -   Загружено https://bycard.by/objects/minsk/1/332 (146380 симв.)
2026-03-21 18:59:28,892 - INFO -   [Молодёжный театр]: 57 сеансов (с билетами: 55, без: 2)
2026-03-21 18:59:29,397 - INFO - 
▶ РТБД (https://bycard.by/objects/minsk/1/158)
2026-03-21 18:59:31,344 - INFO -   Загружено https://bycard.by/objects/minsk/1/158 (133145 симв.)
2026-03-21 18:59:31,364 - INFO -   [Республиканский театр белорусской драматургии]: 58 сеансов (с билетами: 56, без: 2)
2026-03-21 18:59:31,869 - INFO - 
▶ Театр Армии (https://bycard.by/objects/minsk/1/70)
2026-03-21 18:59:33,284 - INFO -   Загружено https://bycard.by/objects/minsk/1/70 (123738 симв.)
2026-03-21 18:59:33,305 - INFO -   [Театр Армии]: 37 сеансов (с билетами: 36, без: 1)
2026-03-21 18:59:33,810 - INFO - 
▶ Дом Литератора (https://bycard.by/objects/minsk/1/56)
2026-03-21 18:59:34,984 - INFO -   Загружено https://bycard.by/objects/minsk/1/56 (79391 симв.)
2026-03-21 18:59:35,003 - INFO -   [Дом литератора]: 41 сеансов (с билетами: 38, без: 3)
2026-03-21 18:59:35,507 - INFO - 
▶ Нацыянальны акадэмiчны тэатр iмя Янкi Купалы (https://bycard.by/objects/minsk/1/5008)
2026-03-21 18:59:36,381 - INFO -   Загружено https://bycard.by/objects/minsk/1/5008 (88732 симв.)
2026-03-21 18:59:36,403 - INFO -   [Нацыянальны акадэмiчны тэатр iмя Янкi Купалы]: 29 сеансов (с билетами: 28, без: 1)
2026-03-21 18:59:36,903 - INFO - 
▶ Новый театр (https://bycard.by/objects/minsk/1/143)
2026-03-21 18:59:38,316 - INFO -   Загружено https://bycard.by/objects/minsk/1/143 (114414 симв.)
2026-03-21 18:59:38,339 - INFO -   [Новый театр]: 47 сеансов (с билетами: 45, без: 2)
2026-03-21 18:59:38,840 - INFO - 
▶ Киноактера (https://bycard.by/objects/minsk/1/80)
2026-03-21 18:59:40,314 - INFO -   Загружено https://bycard.by/objects/minsk/1/80 (100661 симв.)
2026-03-21 18:59:40,335 - INFO -   [Киноактера]: 68 сеансов (с билетами: 38, без: 30)
2026-03-21 18:59:40,836 - INFO - 
▶ театр имени Янки Купалы (https://bycard.by/objects/minsk/1/74)
2026-03-21 18:59:41,971 - INFO -   Загружено https://bycard.by/objects/minsk/1/74 (39678 симв.)
2026-03-21 18:59:41,987 - INFO -   [Театр им. Янки Купалы]: 4 сеансов (с билетами: 4, без: 0)
2026-03-21 18:59:42,488 - INFO - 
▶ Музыкальный театр (https://bycard.by/objects/minsk/1/85)
2026-03-21 18:59:43,692 - INFO -   Загружено https://bycard.by/objects/minsk/1/85 (57139 симв.)
2026-03-21 18:59:43,714 - INFO -   [Музыкальный театр]: 0 сеансов (с билетами: 0, без: 0)
2026-03-21 18:59:44,219 - INFO - 
▶ Дворец культуры Шарко (https://bycard.by/objects/minsk/1/5427)
2026-03-21 18:59:45,155 - INFO -   Загружено https://bycard.by/objects/minsk/1/5427 (47912 симв.)
2026-03-21 18:59:45,172 - INFO -   [Дворец культуры Шарко]: 0 сеансов (с билетами: 0, без: 0)
2026-03-21 18:59:45,678 - INFO - 
▶ Молодежный театр (Малая сцена) (https://bycard.by/objects/minsk/1/4950)
2026-03-21 18:59:46,667 - INFO -   Загружено https://bycard.by/objects/minsk/1/4950 (51724 симв.)
2026-03-21 18:59:46,685 - INFO -   [Молодёжный театр]: 0 сеансов (с билетами: 0, без: 0)
2026-03-21 18:59:47,185 - INFO - 
▶ Бар "Piano bar & karaoke" (https://bycard.by/objects/minsk/1/5424)
2026-03-21 18:59:48,094 - INFO -   Загружено https://bycard.by/objects/minsk/1/5424 (49272 симв.)
2026-03-21 18:59:48,112 - INFO -   [Бар Piano bar & karaoke]: 0 сеансов (с билетами: 0, без: 0)
2026-03-21 18:59:48,613 - INFO - 
▶ ТРЦ Палаццо (https://bycard.by/objects/minsk/1/5325)
2026-03-21 18:59:49,448 - INFO -   Загружено https://bycard.by/objects/minsk/1/5325 (47254 симв.)
2026-03-21 18:59:49,478 - INFO -   [ТРЦ Палаццо]: 0 сеансов (с билетами: 0, без: 0)
2026-03-21 18:59:49,980 - INFO - 
▶ Цирк Сириус (м-он Сокол) (https://bycard.by/objects/minsk/1/5425)
2026-03-21 18:59:51,299 - INFO -   Загружено https://bycard.by/objects/minsk/1/5425 (48422 симв.)
2026-03-21 18:59:51,316 - INFO -   [Белгосцирк]: 0 сеансов (с билетами: 0, без: 0)
2026-03-21 18:59:51,821 - INFO - 
▶ Bistro o’Da! (https://bycard.by/objects/minsk/1/5346)
2026-03-21 18:59:52,486 - INFO -   Загружено https://bycard.by/objects/minsk/1/5346 (48731 симв.)
2026-03-21 18:59:52,503 - INFO -   [Bistro o’Da!]: 0 сеансов (с билетами: 0, без: 0)
2026-03-21 18:59:53,005 - INFO - 
▶ ТЮЗ (https://bycard.by/objects/minsk/1/4914)
2026-03-21 18:59:53,962 - INFO -   Загружено https://bycard.by/objects/minsk/1/4914 (70466 симв.)
2026-03-21 18:59:53,983 - INFO -   [ТЮЗ]: 0 сеансов (с билетами: 0, без: 0)
2026-03-21 18:59:54,486 - INFO - 
Всего найдено сеансов: 515
2026-03-21 18:59:55,122 - INFO - Дублей с другими источниками: 245
2026-03-21 18:59:55,126 - INFO - 🗑️ Удалено старых записей bycard: 272
2026-03-21 18:59:55,141 - INFO - 💾 Сохранено: 270
2026-03-21 18:59:55,141 - INFO - Итог: найдено 515, дублей 245, сохранено 270
2026-03-21 18:59:55,141 - INFO - ============================================================
