2026-03-17 12:20:20,142 - INFO - ============================================================
2026-03-17 12:20:20,142 - INFO - 🚀 ЗАПУСК ВСЕХ ПАРСЕРОВ
2026-03-17 12:20:20,142 - INFO - Старт: 2026-03-17 12:20:20
2026-03-17 12:20:20,142 - INFO - ============================================================
2026-03-17 12:20:20,142 - INFO - ----------------------------------------
2026-03-17 12:20:20,143 - INFO - ▶️ Запуск 🎭 Театр (Relax) (relax_parser.py theatre)...
2026-03-17 12:20:45,646 - INFO - ✅ 🎭 Театр (Relax) завершён успешно
2026-03-17 12:20:45,646 - INFO -    🧹 Очищены старые записи (спектаклей)
2026-03-17 12:20:45,646 - INFO -    📊 Результаты:
2026-03-17 12:20:45,646 - INFO -    ✅ Добавлено новых спектаклей: 380
2026-03-17 12:20:45,646 - INFO - ----------------------------------------
2026-03-17 12:20:45,646 - INFO - ----------------------------------------
2026-03-17 12:20:45,646 - INFO - ▶️ Запуск 🎵 Концерты (Relax) (relax_parser.py concert)...
2026-03-17 12:20:47,725 - INFO - ✅ 🎵 Концерты (Relax) завершён успешно
2026-03-17 12:20:47,725 - INFO -    🧹 Очищены старые записи (концертов)
2026-03-17 12:20:47,725 - INFO -    📊 Результаты:
2026-03-17 12:20:47,725 - INFO -    ✅ Добавлено новых концертов: 96
2026-03-17 12:20:47,725 - INFO - ----------------------------------------
2026-03-17 12:20:47,725 - INFO - ----------------------------------------
2026-03-17 12:20:47,725 - INFO - ▶️ Запуск 🖼️ Выставки (Relax) (relax_parser.py exhibition)...
2026-03-17 12:20:53,634 - INFO - ✅ 🖼️ Выставки (Relax) завершён успешно
2026-03-17 12:20:53,634 - INFO -    🧹 Очищены старые записи (выставок)
2026-03-17 12:20:53,634 - INFO -    📊 Результаты:
2026-03-17 12:20:53,634 - INFO -    ✅ Добавлено новых выставок: 2226
2026-03-17 12:20:53,635 - INFO - ----------------------------------------
2026-03-17 12:20:53,635 - INFO - ----------------------------------------
2026-03-17 12:20:53,635 - INFO - ▶️ Запуск 🧸 Детям (Relax) (relax_parser.py kids)...
2026-03-17 12:21:24,691 - INFO - ✅ 🧸 Детям (Relax) завершён успешно
2026-03-17 12:21:24,691 - INFO -    🧹 Очищены старые записи (детских событий)
2026-03-17 12:21:24,691 - INFO -    📊 Результаты:
2026-03-17 12:21:24,691 - INFO -    ✅ Добавлено новых детских событий: 778
2026-03-17 12:21:24,691 - INFO - ----------------------------------------
2026-03-17 12:21:24,691 - INFO - ----------------------------------------
2026-03-17 12:21:24,692 - INFO - ▶️ Запуск 🎉 Вечеринки (Relax) (relax_parser.py party)...
2026-03-17 12:21:43,850 - INFO - ✅ 🎉 Вечеринки (Relax) завершён успешно
2026-03-17 12:21:43,850 - INFO -    🧹 Очищены старые записи (вечеринок)
2026-03-17 12:21:43,850 - INFO -    📊 Результаты:
2026-03-17 12:21:43,850 - INFO -    ✅ Добавлено новых вечеринок: 1393
2026-03-17 12:21:43,850 - INFO - ----------------------------------------
2026-03-17 12:21:43,850 - INFO - ----------------------------------------
2026-03-17 12:21:43,851 - INFO - ▶️ Запуск 🎬 Кино (Relax) (relax_parser.py kino)...
2026-03-17 12:21:48,530 - INFO - ✅ 🎬 Кино (Relax) завершён успешно
2026-03-17 12:21:48,530 - INFO -    🧹 Очищены старые записи (сеансов)
2026-03-17 12:21:48,530 - INFO -    📊 Результаты:
2026-03-17 12:21:48,530 - INFO -    ✅ Добавлено новых сеансов: 2042
2026-03-17 12:21:48,530 - INFO - ----------------------------------------
2026-03-17 12:21:48,530 - INFO - ----------------------------------------
2026-03-17 12:21:48,530 - INFO - ▶️ Запуск 🎫 Ticketpro (ticketpro_parser.py)...
2026-03-17 12:23:06,143 - INFO - ✅ 🎫 Ticketpro завершён успешно
2026-03-17 12:23:06,143 - INFO -    📊 Результаты:
2026-03-17 12:23:06,143 - INFO -    ✅ Добавлено новых событий: 221
2026-03-17 12:23:06,143 - INFO -    ❌ Не Минск: 270
2026-03-17 12:23:06,143 - INFO - ----------------------------------------
2026-03-17 12:23:06,143 - INFO - ----------------------------------------
2026-03-17 12:23:06,143 - INFO - ▶️ Запуск 🎟 BezKassira (bezkassira_parser.py)...
2026-03-17 12:23:11,265 - INFO - ✅ 🎟 BezKassira завершён успешно
2026-03-17 12:23:11,265 - INFO - ----------------------------------------
2026-03-17 12:23:11,266 - INFO - ----------------------------------------
2026-03-17 12:23:11,266 - INFO - ▶️ Запуск 🆓 Бесплатно (Relax) (relax_parser.py free)...
2026-03-17 12:23:13,416 - INFO - ✅ 🆓 Бесплатно (Relax) завершён успешно
2026-03-17 12:23:13,421 - INFO -    📦 Получено 378 событий
2026-03-17 12:23:13,422 - INFO -    📦 Бесплатных событий получено: 378
2026-03-17 12:23:13,422 - INFO - ----------------------------------------
2026-03-17 12:23:13,422 - INFO - ========================================
2026-03-17 12:23:13,422 - INFO - 🔄 ОБРАБОТКА БЕСПЛАТНЫХ СОБЫТИЙ
2026-03-17 12:23:13,422 - INFO - 📊 Обычных событий: 0
2026-03-17 12:23:13,422 - INFO - 🆓 Бесплатных событий: 378
2026-03-17 12:23:13,510 - INFO - ➕ Добавлено 378 новых бесплатных событий
2026-03-17 12:23:13,510 - INFO - 📦 Всего событий после обработки: 378
2026-03-17 12:23:13,510 - INFO - 🆓 Из них бесплатных: 378
2026-03-17 12:23:13,524 - INFO - 💾 Сохранено в БД: 378 событий
2026-03-17 12:23:13,524 - INFO - 💾 Итого сохранено: 378
2026-03-17 12:23:13,524 - INFO - ============================================================
2026-03-17 12:23:13,524 - INFO - 📊 ИТОГИ
2026-03-17 12:23:13,524 - INFO - ✅ Успешно:  9
2026-03-17 12:23:13,525 - INFO - ❌ Ошибки:   0
2026-03-17 12:23:13,525 - INFO - 📦 Всего:    9
2026-03-17 12:23:13,525 - INFO - ⏱️  Время:    173.4 сек
2026-03-17 12:23:13,525 - INFO - 🆓 Бесплатных событий в итоге: 378
2026-03-17 12:23:13,525 - INFO - ============================================================
2026-03-17 12:23:13,525 - INFO - PARSER_STATS:9:0:9
2026-03-17 12:33:46,082 - INFO - ============================================================
2026-03-17 12:33:46,083 - INFO - 🚀 ЗАПУСК ВСЕХ ПАРСЕРОВ
2026-03-17 12:33:46,083 - INFO - Старт: 2026-03-17 12:33:46
2026-03-17 12:33:46,083 - INFO - ============================================================
2026-03-17 12:33:46,083 - INFO - ----------------------------------------
2026-03-17 12:33:46,083 - INFO - ▶️ Запуск 🎭 Театр (Relax) (relax_parser.py theatre)...
2026-03-17 12:33:49,359 - INFO - ✅ 🎭 Театр (Relax) завершён успешно
2026-03-17 12:33:49,359 - INFO -    🧹 Очищены старые записи (спектаклей)
2026-03-17 12:33:49,359 - INFO -    📊 Результаты:
2026-03-17 12:33:49,359 - INFO -    ✅ Добавлено новых спектаклей: 380
2026-03-17 12:33:49,359 - INFO - ----------------------------------------
2026-03-17 12:33:49,359 - INFO - ----------------------------------------
2026-03-17 12:33:49,359 - INFO - ▶️ Запуск 🎵 Концерты (Relax) (relax_parser.py concert)...
2026-03-17 12:33:51,967 - INFO - ✅ 🎵 Концерты (Relax) завершён успешно
2026-03-17 12:33:51,967 - INFO -    🧹 Очищены старые записи (концертов)
2026-03-17 12:33:51,967 - INFO -    📊 Результаты:
2026-03-17 12:33:51,967 - INFO -    ✅ Добавлено новых концертов: 96
2026-03-17 12:33:51,968 - INFO - ----------------------------------------
2026-03-17 12:33:51,968 - INFO - ----------------------------------------
2026-03-17 12:33:51,968 - INFO - ▶️ Запуск 🖼️ Выставки (Relax) (relax_parser.py exhibition)...
2026-03-17 12:33:58,343 - INFO - ✅ 🖼️ Выставки (Relax) завершён успешно
2026-03-17 12:33:58,343 - INFO -    🧹 Очищены старые записи (выставок)
2026-03-17 12:33:58,343 - INFO -    📊 Результаты:
2026-03-17 12:33:58,344 - INFO -    ✅ Добавлено новых выставок: 1852
2026-03-17 12:33:58,344 - INFO - ----------------------------------------
2026-03-17 12:33:58,344 - INFO - ----------------------------------------
2026-03-17 12:33:58,344 - INFO - ▶️ Запуск 🧸 Детям (Relax) (relax_parser.py kids)...
2026-03-17 12:34:06,288 - INFO - ✅ 🧸 Детям (Relax) завершён успешно
2026-03-17 12:34:06,288 - INFO -    🧹 Очищены старые записи (детских событий)
2026-03-17 12:34:06,288 - INFO -    📊 Результаты:
2026-03-17 12:34:06,288 - INFO -    ✅ Добавлено новых детских событий: 777
2026-03-17 12:34:06,288 - INFO - ----------------------------------------
2026-03-17 12:34:06,288 - INFO - ----------------------------------------
2026-03-17 12:34:06,289 - INFO - ▶️ Запуск 🎉 Вечеринки (Relax) (relax_parser.py party)...
2026-03-17 12:34:11,077 - INFO - ✅ 🎉 Вечеринки (Relax) завершён успешно
2026-03-17 12:34:11,077 - INFO -    🧹 Очищены старые записи (вечеринок)
2026-03-17 12:34:11,078 - INFO -    📊 Результаты:
2026-03-17 12:34:11,078 - INFO -    ✅ Добавлено новых вечеринок: 1391
2026-03-17 12:34:11,078 - INFO - ----------------------------------------
2026-03-17 12:34:11,078 - INFO - ----------------------------------------
2026-03-17 12:34:11,078 - INFO - ▶️ Запуск 🎬 Кино (Relax) (relax_parser.py kino)...
2026-03-17 12:34:17,093 - INFO - ✅ 🎬 Кино (Relax) завершён успешно
2026-03-17 12:34:17,093 - INFO -    🧹 Очищены старые записи (сеансов)
2026-03-17 12:34:17,094 - INFO -    📊 Результаты:
2026-03-17 12:34:17,094 - INFO -    ✅ Добавлено новых сеансов: 2042
2026-03-17 12:34:17,094 - INFO - ----------------------------------------
2026-03-17 12:34:17,094 - INFO - ----------------------------------------
2026-03-17 12:34:17,094 - INFO - ▶️ Запуск 🎫 Ticketpro (ticketpro_parser.py)...
2026-03-17 12:35:34,538 - INFO - ✅ 🎫 Ticketpro завершён успешно
2026-03-17 12:35:34,539 - INFO -    📊 Результаты:
2026-03-17 12:35:34,539 - INFO -    ✅ Добавлено новых событий: 225
2026-03-17 12:35:34,539 - INFO -    ❌ Не Минск: 269
2026-03-17 12:35:34,540 - INFO - ----------------------------------------
2026-03-17 12:35:34,540 - INFO - ----------------------------------------
2026-03-17 12:35:34,540 - INFO - ▶️ Запуск 🎟 BezKassira (bezkassira_parser.py)...
2026-03-17 12:36:38,452 - ERROR - ❌ 🎟 BezKassira завершился с ошибкой (код 1)
2026-03-17 12:36:38,452 - ERROR -        BezkassiraParser().run()
2026-03-17 12:36:38,453 - ERROR -      File "/Users/nikbelko/minskdvizh/bezkassira_parser.py", line 349, in run
2026-03-17 12:36:38,453 - ERROR -        self.stats["by_category"][cat["label"]]["saved"] = cat_saved
2026-03-17 12:36:38,453 - ERROR -        ~~~~~~~~~~~~~~~~~~~~~~~~~^^^^^^^^^^^^^^
2026-03-17 12:36:38,453 - ERROR -    KeyError: 'концертов'
2026-03-17 12:36:38,453 - INFO - ----------------------------------------
2026-03-17 12:36:38,453 - INFO - ----------------------------------------
2026-03-17 12:36:38,453 - INFO - ▶️ Запуск 🆓 Бесплатно (Relax) (relax_parser.py free)...
2026-03-17 12:36:41,085 - INFO - ✅ 🆓 Бесплатно (Relax) завершён успешно
2026-03-17 12:36:41,091 - INFO -    📦 Получено 378 событий
2026-03-17 12:36:41,091 - INFO -    📦 Бесплатных событий получено: 378
2026-03-17 12:36:41,092 - INFO - ----------------------------------------
2026-03-17 12:36:41,092 - INFO - ========================================
2026-03-17 12:36:41,092 - INFO - 🔄 ОБРАБОТКА БЕСПЛАТНЫХ СОБЫТИЙ
2026-03-17 12:36:41,092 - INFO - 📊 Обычных событий: 0
2026-03-17 12:36:41,092 - INFO - 🆓 Бесплатных событий: 378
2026-03-17 12:36:41,174 - INFO - ℹ️ 378 бесплатных событий не нашли дубликатов (пропущены)
2026-03-17 12:36:41,174 - INFO - 📦 Всего событий после обработки: 0
2026-03-17 12:36:41,174 - INFO - 🆓 Из них бесплатных: 0
2026-03-17 12:36:41,174 - INFO - 💾 Итого сохранено: 0
2026-03-17 12:36:41,174 - INFO - ============================================================
2026-03-17 12:36:41,174 - INFO - 📊 ИТОГИ
2026-03-17 12:36:41,174 - INFO - ✅ Успешно:  8
2026-03-17 12:36:41,174 - INFO - ❌ Ошибки:   1
2026-03-17 12:36:41,175 - INFO - 📦 Всего:    9
2026-03-17 12:36:41,175 - INFO - ⏱️  Время:    175.1 сек
2026-03-17 12:36:41,175 - INFO - 🆓 Бесплатных событий в итоге: 0
2026-03-17 12:36:41,175 - INFO - ============================================================
2026-03-17 12:36:41,175 - INFO - PARSER_STATS:8:1:9
2026-03-17 14:34:48,565 - INFO - ============================================================
2026-03-17 14:34:48,566 - INFO - 🚀 ЗАПУСК ВСЕХ ПАРСЕРОВ
2026-03-17 14:34:48,566 - INFO - Старт: 2026-03-17 14:34:48
2026-03-17 14:34:48,566 - INFO - ============================================================
2026-03-17 14:34:48,566 - INFO - ----------------------------------------
2026-03-17 14:34:48,566 - INFO - ▶️ Запуск 🎭 Театр (Relax) (relax_parser.py theatre)...
2026-03-17 14:34:52,182 - INFO - ✅ 🎭 Театр (Relax) завершён успешно
2026-03-17 14:34:52,182 - INFO -    🧹 Очищены старые записи (спектаклей)
2026-03-17 14:34:52,182 - INFO -    📊 Результаты:
2026-03-17 14:34:52,182 - INFO -    ✅ Добавлено новых спектаклей: 385
2026-03-17 14:34:52,182 - INFO - ----------------------------------------
2026-03-17 14:34:52,182 - INFO - ----------------------------------------
2026-03-17 14:34:52,182 - INFO - ▶️ Запуск 🎵 Концерты (Relax) (relax_parser.py concert)...
2026-03-17 14:34:54,714 - INFO - ✅ 🎵 Концерты (Relax) завершён успешно
2026-03-17 14:34:54,715 - INFO -    🧹 Очищены старые записи (концертов)
2026-03-17 14:34:54,715 - INFO -    📊 Результаты:
2026-03-17 14:34:54,715 - INFO -    ✅ Добавлено новых концертов: 96
2026-03-17 14:34:54,716 - INFO - ----------------------------------------
2026-03-17 14:34:54,716 - INFO - ----------------------------------------
2026-03-17 14:34:54,716 - INFO - ▶️ Запуск 🖼️ Выставки (Relax) (relax_parser.py exhibition)...
2026-03-17 14:35:01,665 - INFO - ✅ 🖼️ Выставки (Relax) завершён успешно
2026-03-17 14:35:01,665 - INFO -    🧹 Очищены старые записи (выставок)
2026-03-17 14:35:01,665 - INFO -    📊 Результаты:
2026-03-17 14:35:01,665 - INFO -    ✅ Добавлено новых выставок: 2226
2026-03-17 14:35:01,665 - INFO - ----------------------------------------
2026-03-17 14:35:01,666 - INFO - ----------------------------------------
2026-03-17 14:35:01,666 - INFO - ▶️ Запуск 🧸 Детям (Relax) (relax_parser.py kids)...
2026-03-17 14:35:09,259 - INFO - ✅ 🧸 Детям (Relax) завершён успешно
2026-03-17 14:35:09,259 - INFO -    🧹 Очищены старые записи (детских событий)
2026-03-17 14:35:09,260 - INFO -    📊 Результаты:
2026-03-17 14:35:09,260 - INFO -    ✅ Добавлено новых детских событий: 779
2026-03-17 14:35:09,260 - INFO - ----------------------------------------
2026-03-17 14:35:09,260 - INFO - ----------------------------------------
2026-03-17 14:35:09,261 - INFO - ▶️ Запуск 🎉 Вечеринки (Relax) (relax_parser.py party)...
2026-03-17 14:35:14,651 - INFO - ✅ 🎉 Вечеринки (Relax) завершён успешно
2026-03-17 14:35:14,652 - INFO -    🧹 Очищены старые записи (вечеринок)
2026-03-17 14:35:14,652 - INFO -    📊 Результаты:
2026-03-17 14:35:14,652 - INFO -    ✅ Добавлено новых вечеринок: 1393
2026-03-17 14:35:14,653 - INFO - ----------------------------------------
2026-03-17 14:35:14,653 - INFO - ----------------------------------------
2026-03-17 14:35:14,653 - INFO - ▶️ Запуск 🎬 Кино (Relax) (relax_parser.py kino)...
2026-03-17 14:35:20,848 - INFO - ✅ 🎬 Кино (Relax) завершён успешно
2026-03-17 14:35:20,848 - INFO -    🧹 Очищены старые записи (сеансов)
2026-03-17 14:35:20,849 - INFO -    📊 Результаты:
2026-03-17 14:35:20,849 - INFO -    ✅ Добавлено новых сеансов: 2425
2026-03-17 14:35:20,849 - INFO - ----------------------------------------
2026-03-17 14:35:20,849 - INFO - ----------------------------------------
2026-03-17 14:35:20,849 - INFO - ▶️ Запуск 🎫 Ticketpro (ticketpro_parser.py)...
2026-03-17 14:36:37,596 - INFO - ✅ 🎫 Ticketpro завершён успешно
2026-03-17 14:36:37,596 - INFO -    📊 Результаты:
2026-03-17 14:36:37,597 - INFO -    ✅ Добавлено новых событий: 222
2026-03-17 14:36:37,597 - INFO -    ❌ Не Минск: 275
2026-03-17 14:36:37,597 - INFO - ----------------------------------------
2026-03-17 14:36:37,597 - INFO - ----------------------------------------
2026-03-17 14:36:37,597 - INFO - ▶️ Запуск 🎟 BezKassira (bezkassira_parser.py)...
2026-03-17 14:36:42,900 - INFO - ✅ 🎟 BezKassira завершён успешно
2026-03-17 14:36:42,900 - INFO - ----------------------------------------
2026-03-17 14:36:42,900 - INFO - ----------------------------------------
2026-03-17 14:36:42,900 - INFO - ▶️ Запуск 🆓 Бесплатно (Relax) (relax_parser.py free)...
2026-03-17 14:36:45,173 - INFO - ✅ 🆓 Бесплатно (Relax) завершён успешно
2026-03-17 14:36:45,177 - INFO -    📦 Получено 378 событий
2026-03-17 14:36:45,177 - INFO -    📦 Бесплатных событий получено: 378
2026-03-17 14:36:45,177 - INFO - ----------------------------------------
2026-03-17 14:36:45,177 - INFO - ========================================
2026-03-17 14:36:45,177 - INFO - 🔄 ОБРАБОТКА БЕСПЛАТНЫХ СОБЫТИЙ
2026-03-17 14:36:45,178 - INFO - 📊 Обычных событий: 0
2026-03-17 14:36:45,178 - INFO - 🆓 Бесплатных событий: 378
2026-03-17 14:36:45,255 - INFO - ℹ️ 378 бесплатных событий не нашли дубликатов (пропущены)
2026-03-17 14:36:45,255 - INFO - 📦 Всего событий после обработки: 0
2026-03-17 14:36:45,255 - INFO - 🆓 Из них бесплатных: 0
2026-03-17 14:36:45,255 - INFO - 💾 Итого сохранено: 0
2026-03-17 14:36:45,255 - INFO - ============================================================
2026-03-17 14:36:45,255 - INFO - 📊 ИТОГИ
2026-03-17 14:36:45,255 - INFO - ✅ Успешно:  9
2026-03-17 14:36:45,255 - INFO - ❌ Ошибки:   0
2026-03-17 14:36:45,255 - INFO - 📦 Всего:    9
2026-03-17 14:36:45,256 - INFO - ⏱️  Время:    116.7 сек
2026-03-17 14:36:45,256 - INFO - 🆓 Бесплатных событий в итоге: 0
2026-03-17 14:36:45,256 - INFO - ============================================================
2026-03-17 14:36:45,256 - INFO - PARSER_STATS:9:0:9
2026-03-17 14:47:30,663 - INFO - ============================================================
2026-03-17 14:47:30,663 - INFO - 🚀 ЗАПУСК ВСЕХ ПАРСЕРОВ
2026-03-17 14:47:30,663 - INFO - Старт: 2026-03-17 14:47:30
2026-03-17 14:47:30,663 - INFO - ============================================================
2026-03-17 14:47:30,663 - INFO - ----------------------------------------
2026-03-17 14:47:30,663 - INFO - ▶️ Запуск 🎭 Театр (Relax) (relax_parser.py theatre)...
2026-03-17 14:47:34,402 - INFO - ✅ 🎭 Театр (Relax) завершён успешно
2026-03-17 14:47:34,402 - INFO -    🧹 Очищены старые записи (спектаклей)
2026-03-17 14:47:34,402 - INFO -    📊 Результаты:
2026-03-17 14:47:34,402 - INFO -    ✅ Добавлено новых спектаклей: 385
2026-03-17 14:47:34,403 - INFO - ----------------------------------------
2026-03-17 14:47:34,403 - INFO - ----------------------------------------
2026-03-17 14:47:34,403 - INFO - ▶️ Запуск 🎵 Концерты (Relax) (relax_parser.py concert)...
2026-03-17 14:47:36,119 - INFO - ✅ 🎵 Концерты (Relax) завершён успешно
2026-03-17 14:47:36,120 - INFO -    🧹 Очищены старые записи (концертов)
2026-03-17 14:47:36,120 - INFO -    📊 Результаты:
2026-03-17 14:47:36,120 - INFO -    ✅ Добавлено новых концертов: 96
2026-03-17 14:47:36,120 - INFO - ----------------------------------------
2026-03-17 14:47:36,120 - INFO - ----------------------------------------
2026-03-17 14:47:36,120 - INFO - ▶️ Запуск 🖼️ Выставки (Relax) (relax_parser.py exhibition)...
2026-03-17 14:47:41,940 - INFO - ✅ 🖼️ Выставки (Relax) завершён успешно
2026-03-17 14:47:41,940 - INFO -    🧹 Очищены старые записи (выставок)
2026-03-17 14:47:41,941 - INFO -    📊 Результаты:
2026-03-17 14:47:41,941 - INFO -    ✅ Добавлено новых выставок: 2226
2026-03-17 14:47:41,941 - INFO - ----------------------------------------
2026-03-17 14:47:41,941 - INFO - ----------------------------------------
2026-03-17 14:47:41,941 - INFO - ▶️ Запуск 🧸 Детям (Relax) (relax_parser.py kids)...
2026-03-17 14:47:49,086 - INFO - ✅ 🧸 Детям (Relax) завершён успешно
2026-03-17 14:47:49,086 - INFO -    🧹 Очищены старые записи (детских событий)
2026-03-17 14:47:49,086 - INFO -    📊 Результаты:
2026-03-17 14:47:49,086 - INFO -    ✅ Добавлено новых детских событий: 779
2026-03-17 14:47:49,086 - INFO - ----------------------------------------
2026-03-17 14:47:49,086 - INFO - ----------------------------------------
2026-03-17 14:47:49,086 - INFO - ▶️ Запуск 🎉 Вечеринки (Relax) (relax_parser.py party)...
2026-03-17 14:48:00,024 - INFO - ✅ 🎉 Вечеринки (Relax) завершён успешно
2026-03-17 14:48:00,024 - INFO -    🧹 Очищены старые записи (вечеринок)
2026-03-17 14:48:00,024 - INFO -    📊 Результаты:
2026-03-17 14:48:00,025 - INFO -    ✅ Добавлено новых вечеринок: 1393
2026-03-17 14:48:00,025 - INFO - ----------------------------------------
2026-03-17 14:48:00,025 - INFO - ----------------------------------------
2026-03-17 14:48:00,025 - INFO - ▶️ Запуск 🎬 Кино (Relax) (relax_parser.py kino)...
2026-03-17 14:48:05,390 - INFO - ✅ 🎬 Кино (Relax) завершён успешно
2026-03-17 14:48:05,390 - INFO -    🧹 Очищены старые записи (сеансов)
2026-03-17 14:48:05,391 - INFO -    📊 Результаты:
2026-03-17 14:48:05,391 - INFO -    ✅ Добавлено новых сеансов: 2422
2026-03-17 14:48:05,391 - INFO - ----------------------------------------
2026-03-17 14:48:05,391 - INFO - ----------------------------------------
2026-03-17 14:48:05,391 - INFO - ▶️ Запуск 🎫 Ticketpro (ticketpro_parser.py)...
2026-03-17 14:49:25,413 - INFO - ✅ 🎫 Ticketpro завершён успешно
2026-03-17 14:49:25,414 - INFO -    📊 Результаты:
2026-03-17 14:49:25,414 - INFO -    ✅ Добавлено новых событий: 222
2026-03-17 14:49:25,414 - INFO -    ❌ Не Минск: 275
2026-03-17 14:49:25,414 - INFO - ----------------------------------------
2026-03-17 14:49:25,414 - INFO - ----------------------------------------
2026-03-17 14:49:25,414 - INFO - ▶️ Запуск 🎟 BezKassira (bezkassira_parser.py)...
2026-03-17 14:49:30,750 - INFO - ✅ 🎟 BezKassira завершён успешно
2026-03-17 14:49:30,750 - INFO - ----------------------------------------
2026-03-17 14:49:30,750 - INFO - ----------------------------------------
2026-03-17 14:49:30,751 - INFO - ▶️ Запуск 🆓 Бесплатно (Relax) (relax_parser.py free)...
2026-03-17 14:49:33,058 - INFO - ✅ 🆓 Бесплатно (Relax) завершён успешно
2026-03-17 14:49:33,062 - INFO -    📦 Получено 378 событий
2026-03-17 14:49:33,062 - INFO -    📦 Бесплатных событий получено: 378
2026-03-17 14:49:33,063 - INFO - ----------------------------------------
2026-03-17 14:49:33,063 - INFO - ========================================
2026-03-17 14:49:33,063 - INFO - 📚 ЗАГРУЗКА СОБЫТИЙ ИЗ БД
2026-03-17 14:49:33,137 - INFO - 📚 Загружено 7549 событий из БД
2026-03-17 14:49:33,139 - INFO - 📊 Загружено из БД: 7549
2026-03-17 14:49:33,139 - INFO - 🆓 Бесплатных событий из JSON: 378
2026-03-17 14:49:33,139 - INFO - ========================================
2026-03-17 14:49:33,139 - INFO - 🔄 ОБРАБОТКА БЕСПЛАТНЫХ СОБЫТИЙ
2026-03-17 14:49:34,313 - INFO - 🏷️ Проставлено 'Бесплатно' для 378 событий из free-секции
2026-03-17 14:49:34,313 - INFO - 📦 Событий после обработки: 7549
2026-03-17 14:49:34,314 - INFO - 🆓 Из них бесплатных: 390
2026-03-17 14:49:34,384 - INFO - 🔄 Обновлено цен в БД: 378
2026-03-17 14:49:34,384 - INFO - 💾 Обновлено в БД: 378
2026-03-17 14:49:34,385 - INFO - ============================================================
2026-03-17 14:49:34,385 - INFO - 📊 ИТОГИ
2026-03-17 14:49:34,385 - INFO - ✅ Успешно:  9
2026-03-17 14:49:34,385 - INFO - ❌ Ошибки:   0
2026-03-17 14:49:34,385 - INFO - 📦 Всего:    9
2026-03-17 14:49:34,385 - INFO - ⏱️  Время:    123.7 сек
2026-03-17 14:49:34,385 - INFO - ============================================================
2026-03-18 18:09:52,685 - INFO - ============================================================
2026-03-18 18:09:52,686 - INFO - 🚀 ЗАПУСК ВСЕХ ПАРСЕРОВ
2026-03-18 18:09:52,686 - INFO - Старт: 2026-03-18 18:09:52
2026-03-18 18:09:52,686 - INFO - ============================================================
2026-03-18 18:09:52,686 - INFO - ----------------------------------------
2026-03-18 18:09:52,686 - INFO - ▶️ Запуск 🎭 Театр (Relax) (relax_parser.py theatre)...
2026-03-18 18:09:57,670 - INFO - ✅ 🎭 Театр (Relax) завершён успешно
2026-03-18 18:09:57,671 - INFO -    🧹 Очищены старые записи (спектаклей)
2026-03-18 18:09:57,671 - INFO -    📊 Результаты:
2026-03-18 18:09:57,671 - INFO -    ✅ Добавлено новых спектаклей: 401
2026-03-18 18:09:57,671 - INFO - ----------------------------------------
2026-03-18 18:09:57,671 - INFO - ----------------------------------------
2026-03-18 18:09:57,672 - INFO - ▶️ Запуск 🎵 Концерты (Relax) (relax_parser.py concert)...
2026-03-18 18:10:00,273 - INFO - ✅ 🎵 Концерты (Relax) завершён успешно
2026-03-18 18:10:00,273 - INFO -    🧹 Очищены старые записи (концертов)
2026-03-18 18:10:00,273 - INFO -    📊 Результаты:
2026-03-18 18:10:00,273 - INFO -    ✅ Добавлено новых концертов: 117
2026-03-18 18:10:00,273 - INFO - ----------------------------------------
2026-03-18 18:10:00,273 - INFO - ----------------------------------------
2026-03-18 18:10:00,274 - INFO - ▶️ Запуск 🖼️ Выставки (Relax) (relax_parser.py exhibition)...
2026-03-18 18:10:05,901 - INFO - ✅ 🖼️ Выставки (Relax) завершён успешно
2026-03-18 18:10:05,902 - INFO -    🧹 Очищены старые записи (выставок)
2026-03-18 18:10:05,902 - INFO -    📊 Результаты:
2026-03-18 18:10:05,902 - INFO -    ✅ Добавлено новых выставок: 2205
2026-03-18 18:10:05,902 - INFO - ----------------------------------------
2026-03-18 18:10:05,902 - INFO - ----------------------------------------
2026-03-18 18:10:05,902 - INFO - ▶️ Запуск 🧸 Детям (Relax) (relax_parser.py kids)...
2026-03-18 18:10:12,873 - INFO - ✅ 🧸 Детям (Relax) завершён успешно
2026-03-18 18:10:12,874 - INFO -    🧹 Очищены старые записи (детских событий)
2026-03-18 18:10:12,874 - INFO -    📊 Результаты:
2026-03-18 18:10:12,874 - INFO -    ✅ Добавлено новых детских событий: 778
2026-03-18 18:10:12,874 - INFO - ----------------------------------------
2026-03-18 18:10:12,874 - INFO - ----------------------------------------
2026-03-18 18:10:12,874 - INFO - ▶️ Запуск 🎉 Вечеринки (Relax) (relax_parser.py party)...
2026-03-18 18:10:29,918 - INFO - ✅ 🎉 Вечеринки (Relax) завершён успешно
2026-03-18 18:10:29,918 - INFO -    🧹 Очищены старые записи (вечеринок)
2026-03-18 18:10:29,918 - INFO -    📊 Результаты:
2026-03-18 18:10:29,918 - INFO -    ✅ Добавлено новых вечеринок: 1394
2026-03-18 18:10:29,918 - INFO - ----------------------------------------
2026-03-18 18:10:29,918 - INFO - ----------------------------------------
2026-03-18 18:10:29,918 - INFO - ▶️ Запуск 🎬 Кино (Relax) (relax_parser.py kino)...
2026-03-18 18:10:35,887 - INFO - ✅ 🎬 Кино (Relax) завершён успешно
2026-03-18 18:10:35,888 - INFO -    🧹 Очищены старые записи (сеансов)
2026-03-18 18:10:35,888 - INFO -    📊 Результаты:
2026-03-18 18:10:35,888 - INFO -    ✅ Добавлено новых сеансов: 2867
2026-03-18 18:10:35,888 - INFO - ----------------------------------------
2026-03-18 18:10:35,888 - INFO - ----------------------------------------
2026-03-18 18:10:35,888 - INFO - ▶️ Запуск 🎫 Ticketpro (ticketpro_parser.py)...
2026-03-18 18:11:55,888 - INFO - ✅ 🎫 Ticketpro завершён успешно
2026-03-18 18:11:55,888 - INFO -    📊 Результаты:
2026-03-18 18:11:55,888 - INFO -    ✅ Добавлено новых событий: 217
2026-03-18 18:11:55,889 - INFO -    ❌ Не Минск: 303
2026-03-18 18:11:55,889 - INFO - ----------------------------------------
2026-03-18 18:11:55,889 - INFO - ----------------------------------------
2026-03-18 18:11:55,889 - INFO - ▶️ Запуск 🎟 BezKassira (bezkassira_parser.py)...
2026-03-18 18:12:11,266 - INFO - ✅ 🎟 BezKassira завершён успешно
2026-03-18 18:12:11,266 - INFO - ----------------------------------------
2026-03-18 18:12:11,266 - INFO - ----------------------------------------
2026-03-18 18:12:11,267 - INFO - ▶️ Запуск 🆓 Бесплатно (Relax) (relax_parser.py free)...
2026-03-18 18:12:13,444 - INFO - ✅ 🆓 Бесплатно (Relax) завершён успешно
2026-03-18 18:12:13,448 - INFO -    📦 Получено 372 событий
2026-03-18 18:12:13,448 - INFO -    📦 Бесплатных событий получено: 372
2026-03-18 18:12:13,448 - INFO - ----------------------------------------
2026-03-18 18:12:13,448 - INFO - ========================================
2026-03-18 18:12:13,448 - INFO - 📚 ЗАГРУЗКА СОБЫТИЙ ИЗ БД
2026-03-18 18:12:13,523 - INFO - 📚 Загружено 8047 событий из БД
2026-03-18 18:12:13,525 - INFO - 📊 Загружено из БД: 8047
2026-03-18 18:12:13,525 - INFO - 🆓 Бесплатных событий из JSON: 372
2026-03-18 18:12:13,525 - INFO - ========================================
2026-03-18 18:12:13,525 - INFO - 🔄 ОБРАБОТКА БЕСПЛАТНЫХ СОБЫТИЙ
2026-03-18 18:12:14,795 - INFO - 🏷️ Проставлено 'Бесплатно' для 372 событий из free-секции
2026-03-18 18:12:14,795 - INFO - 📦 Событий после обработки: 8047
2026-03-18 18:12:14,796 - INFO - 🆓 Из них бесплатных: 398
2026-03-18 18:12:14,825 - INFO - 🔄 Обновлено цен в БД: 372
2026-03-18 18:12:14,825 - INFO - 💾 Обновлено в БД: 372
2026-03-18 18:12:14,825 - INFO - ============================================================
2026-03-18 18:12:14,825 - INFO - 📊 ИТОГИ
2026-03-18 18:12:14,825 - INFO - ✅ Успешно:  9
2026-03-18 18:12:14,825 - INFO - ❌ Ошибки:   0
2026-03-18 18:12:14,826 - INFO - 📦 Всего:    9
2026-03-18 18:12:14,826 - INFO - ⏱️  Время:    142.1 сек
2026-03-18 18:12:14,826 - INFO - ============================================================
2026-03-18 22:32:38,502 - INFO - ============================================================
2026-03-18 22:32:38,503 - INFO - 🚀 ЗАПУСК ВСЕХ ПАРСЕРОВ
2026-03-18 22:32:38,503 - INFO - Старт: 2026-03-18 22:32:38
2026-03-18 22:32:38,503 - INFO - ============================================================
2026-03-18 22:32:38,503 - INFO - ----------------------------------------
2026-03-18 22:32:38,503 - INFO - ▶️ Запуск 🎭 Театр (Relax) (relax_parser.py theatre)...
2026-03-18 22:32:43,879 - INFO - ✅ 🎭 Театр (Relax) завершён успешно
2026-03-18 22:32:43,879 - INFO -    🧹 Очищены старые записи (спектаклей)
2026-03-18 22:32:43,879 - INFO -    📊 Результаты:
2026-03-18 22:32:43,879 - INFO -    ✅ Добавлено новых спектаклей: 400
2026-03-18 22:32:43,879 - INFO - ----------------------------------------
2026-03-18 22:32:43,879 - INFO - ----------------------------------------
2026-03-18 22:32:43,880 - INFO - ▶️ Запуск 🎵 Концерты (Relax) (relax_parser.py concert)...
2026-03-18 22:32:46,256 - INFO - ✅ 🎵 Концерты (Relax) завершён успешно
2026-03-18 22:32:46,256 - INFO -    🧹 Очищены старые записи (концертов)
2026-03-18 22:32:46,256 - INFO -    📊 Результаты:
2026-03-18 22:32:46,256 - INFO -    ✅ Добавлено новых концертов: 117
2026-03-18 22:32:46,256 - INFO - ----------------------------------------
2026-03-18 22:32:46,257 - INFO - ----------------------------------------
2026-03-18 22:32:46,257 - INFO - ▶️ Запуск 🖼️ Выставки (Relax) (relax_parser.py exhibition)...
2026-03-18 22:32:51,533 - INFO - ✅ 🖼️ Выставки (Relax) завершён успешно
2026-03-18 22:32:51,533 - INFO -    🧹 Очищены старые записи (выставок)
2026-03-18 22:32:51,533 - INFO -    📊 Результаты:
2026-03-18 22:32:51,533 - INFO -    ✅ Добавлено новых выставок: 2200
2026-03-18 22:32:51,534 - INFO - ----------------------------------------
2026-03-18 22:32:51,534 - INFO - ----------------------------------------
2026-03-18 22:32:51,534 - INFO - ▶️ Запуск 🧸 Детям (Relax) (relax_parser.py kids)...
2026-03-18 22:32:57,981 - INFO - ✅ 🧸 Детям (Relax) завершён успешно
2026-03-18 22:32:57,981 - INFO -    🧹 Очищены старые записи (детских событий)
2026-03-18 22:32:57,981 - INFO -    📊 Результаты:
2026-03-18 22:32:57,981 - INFO -    ✅ Добавлено новых детских событий: 778
2026-03-18 22:32:57,982 - INFO - ----------------------------------------
2026-03-18 22:32:57,982 - INFO - ----------------------------------------
2026-03-18 22:32:57,982 - INFO - ▶️ Запуск 🎉 Вечеринки (Relax) (relax_parser.py party)...
2026-03-18 22:33:13,246 - INFO - ✅ 🎉 Вечеринки (Relax) завершён успешно
2026-03-18 22:33:13,247 - INFO -    🧹 Очищены старые записи (вечеринок)
2026-03-18 22:33:13,247 - INFO -    📊 Результаты:
2026-03-18 22:33:13,247 - INFO -    ✅ Добавлено новых вечеринок: 1394
2026-03-18 22:33:13,247 - INFO - ----------------------------------------
2026-03-18 22:33:13,247 - INFO - ----------------------------------------
2026-03-18 22:33:13,247 - INFO - ▶️ Запуск 🎬 Кино (Relax) (relax_parser.py kino)...
2026-03-18 22:33:18,648 - INFO - ✅ 🎬 Кино (Relax) завершён успешно
2026-03-18 22:33:18,648 - INFO -    🧹 Очищены старые записи (сеансов)
2026-03-18 22:33:18,648 - INFO -    📊 Результаты:
2026-03-18 22:33:18,648 - INFO -    ✅ Добавлено новых сеансов: 2759
2026-03-18 22:33:18,648 - INFO - ----------------------------------------
2026-03-18 22:33:18,648 - INFO - ----------------------------------------
2026-03-18 22:33:18,648 - INFO - ▶️ Запуск 🎫 Ticketpro (ticketpro_parser.py)...
2026-03-18 22:34:31,236 - INFO - ✅ 🎫 Ticketpro завершён успешно
2026-03-18 22:34:31,236 - INFO -    📊 Результаты:
2026-03-18 22:34:31,236 - INFO -    ✅ Добавлено новых событий: 218
2026-03-18 22:34:31,236 - INFO -    ❌ Не Минск: 282
2026-03-18 22:34:31,237 - INFO - ----------------------------------------
2026-03-18 22:34:31,237 - INFO - ----------------------------------------
2026-03-18 22:34:31,237 - INFO - ▶️ Запуск 🎟 BezKassira (bezkassira_parser.py)...
2026-03-18 22:34:41,737 - INFO - ✅ 🎟 BezKassira завершён успешно
2026-03-18 22:34:41,738 - INFO - ----------------------------------------
2026-03-18 22:34:41,739 - INFO - ----------------------------------------
2026-03-18 22:34:41,740 - INFO - ▶️ Запуск 🆓 Бесплатно (Relax) (relax_parser.py free)...
2026-03-18 22:34:47,868 - INFO - ✅ 🆓 Бесплатно (Relax) завершён успешно
2026-03-18 22:34:47,875 - INFO -    📦 Получено 372 событий
2026-03-18 22:34:47,875 - INFO -    📦 Бесплатных событий получено: 372
2026-03-18 22:34:47,875 - INFO - ----------------------------------------
2026-03-18 22:34:47,876 - INFO - ========================================
2026-03-18 22:34:47,876 - INFO - 📚 ЗАГРУЗКА СОБЫТИЙ ИЗ БД
2026-03-18 22:34:47,967 - INFO - 📚 Загружено 7974 событий из БД
2026-03-18 22:34:47,969 - INFO - 📊 Загружено из БД: 7974
2026-03-18 22:34:47,969 - INFO - 🆓 Бесплатных событий из JSON: 372
2026-03-18 22:34:47,969 - INFO - ========================================
2026-03-18 22:34:47,969 - INFO - 🔄 ОБРАБОТКА БЕСПЛАТНЫХ СОБЫТИЙ
2026-03-18 22:34:49,694 - INFO - 🏷️ Проставлено 'Бесплатно' для 372 событий из free-секции
2026-03-18 22:34:49,694 - INFO - 📦 Событий после обработки: 7974
2026-03-18 22:34:49,695 - INFO - 🆓 Из них бесплатных: 411
2026-03-18 22:34:49,719 - INFO - 🔄 Обновлено цен в БД: 372
2026-03-18 22:34:49,719 - INFO - 💾 Обновлено в БД: 372
2026-03-18 22:34:49,719 - INFO - ============================================================
2026-03-18 22:34:49,719 - INFO - 📊 ИТОГИ
2026-03-18 22:34:49,719 - INFO - ✅ Успешно:  9
2026-03-18 22:34:49,719 - INFO - ❌ Ошибки:   0
2026-03-18 22:34:49,719 - INFO - 📦 Всего:    9
2026-03-18 22:34:49,720 - INFO - ⏱️  Время:    131.2 сек
2026-03-18 22:34:49,720 - INFO - ============================================================
2026-03-18 22:51:43,949 - INFO - ============================================================
2026-03-18 22:51:43,950 - INFO - 🚀 ЗАПУСК ВСЕХ ПАРСЕРОВ
2026-03-18 22:51:43,950 - INFO - Старт: 2026-03-18 22:51:43
2026-03-18 22:51:43,950 - INFO - ============================================================
2026-03-18 22:51:43,950 - INFO - ----------------------------------------
2026-03-18 22:51:43,950 - INFO - ▶️ Запуск 🎭 Театр (Relax) (relax_parser.py theatre)...
2026-03-18 22:51:46,538 - INFO - ✅ 🎭 Театр (Relax) завершён успешно
2026-03-18 22:51:46,539 - INFO -    🧹 Очищены старые записи (спектаклей)
2026-03-18 22:51:46,539 - INFO -    📊 Результаты:
2026-03-18 22:51:46,539 - INFO -    ✅ Добавлено новых спектаклей: 400
2026-03-18 22:51:46,539 - INFO - ----------------------------------------
2026-03-18 22:51:46,539 - INFO - ----------------------------------------
2026-03-18 22:51:46,539 - INFO - ▶️ Запуск 🎵 Концерты (Relax) (relax_parser.py concert)...
2026-03-18 22:51:48,185 - INFO - ✅ 🎵 Концерты (Relax) завершён успешно
2026-03-18 22:51:48,185 - INFO -    🧹 Очищены старые записи (концертов)
2026-03-18 22:51:48,186 - INFO -    📊 Результаты:
2026-03-18 22:51:48,186 - INFO -    ✅ Добавлено новых концертов: 117
2026-03-18 22:51:48,186 - INFO - ----------------------------------------
2026-03-18 22:51:48,186 - INFO - ----------------------------------------
2026-03-18 22:51:48,186 - INFO - ▶️ Запуск 🖼️ Выставки (Relax) (relax_parser.py exhibition)...
2026-03-18 22:51:53,464 - INFO - ✅ 🖼️ Выставки (Relax) завершён успешно
2026-03-18 22:51:53,464 - INFO -    🧹 Очищены старые записи (выставок)
2026-03-18 22:51:53,465 - INFO -    📊 Результаты:
2026-03-18 22:51:53,465 - INFO -    ✅ Добавлено новых выставок: 2200
2026-03-18 22:51:53,465 - INFO - ----------------------------------------
2026-03-18 22:51:53,465 - INFO - ----------------------------------------
2026-03-18 22:51:53,465 - INFO - ▶️ Запуск 🧸 Детям (Relax) (relax_parser.py kids)...
2026-03-18 22:51:59,884 - INFO - ✅ 🧸 Детям (Relax) завершён успешно
2026-03-18 22:51:59,884 - INFO -    🧹 Очищены старые записи (детских событий)
2026-03-18 22:51:59,885 - INFO -    📊 Результаты:
2026-03-18 22:51:59,885 - INFO -    ✅ Добавлено новых детских событий: 778
2026-03-18 22:51:59,885 - INFO - ----------------------------------------
2026-03-18 22:51:59,885 - INFO - ----------------------------------------
2026-03-18 22:51:59,885 - INFO - ▶️ Запуск 🎉 Вечеринки (Relax) (relax_parser.py party)...
2026-03-18 22:52:03,854 - INFO - ✅ 🎉 Вечеринки (Relax) завершён успешно
2026-03-18 22:52:03,854 - INFO -    🧹 Очищены старые записи (вечеринок)
2026-03-18 22:52:03,854 - INFO -    📊 Результаты:
2026-03-18 22:52:03,854 - INFO -    ✅ Добавлено новых вечеринок: 1394
2026-03-18 22:52:03,854 - INFO - ----------------------------------------
2026-03-18 22:52:03,854 - INFO - ----------------------------------------
2026-03-18 22:52:03,855 - INFO - ▶️ Запуск 🎬 Кино (Relax) (relax_parser.py kino)...
2026-03-18 22:52:09,186 - INFO - ✅ 🎬 Кино (Relax) завершён успешно
2026-03-18 22:52:09,187 - INFO -    🧹 Очищены старые записи (сеансов)
2026-03-18 22:52:09,187 - INFO -    📊 Результаты:
2026-03-18 22:52:09,187 - INFO -    ✅ Добавлено новых сеансов: 2759
2026-03-18 22:52:09,187 - INFO - ----------------------------------------
2026-03-18 22:52:09,187 - INFO - ----------------------------------------
2026-03-18 22:52:09,187 - INFO - ▶️ Запуск 🎫 Ticketpro (ticketpro_parser.py)...
2026-03-18 22:53:14,031 - INFO - ✅ 🎫 Ticketpro завершён успешно
2026-03-18 22:53:14,032 - INFO -    📊 Результаты:
2026-03-18 22:53:14,032 - INFO -    ✅ Добавлено новых событий: 218
2026-03-18 22:53:14,032 - INFO -    ❌ Не Минск: 282
2026-03-18 22:53:14,032 - INFO - ----------------------------------------
2026-03-18 22:53:14,032 - INFO - ----------------------------------------
2026-03-18 22:53:14,032 - INFO - ▶️ Запуск 🎟 BezKassira (bezkassira_parser.py)...
2026-03-18 22:54:17,675 - ERROR - ❌ 🎟 BezKassira завершился с ошибкой (код 1)
2026-03-18 22:54:17,676 - ERROR -        BezkassiraParser().run()
2026-03-18 22:54:17,676 - ERROR -      File "/Users/nikbelko/minskdvizh/bezkassira_parser.py", line 352, in run
2026-03-18 22:54:17,676 - ERROR -        self.stats["by_category"][cat["label"]]["saved"] = cat_saved
2026-03-18 22:54:17,676 - ERROR -        ~~~~~~~~~~~~~~~~~~~~~~~~~^^^^^^^^^^^^^^
2026-03-18 22:54:17,676 - ERROR -    KeyError: 'концертов'
2026-03-18 22:54:17,676 - INFO - ----------------------------------------
2026-03-18 22:54:17,676 - INFO - ----------------------------------------
2026-03-18 22:54:17,676 - INFO - ▶️ Запуск 🆓 Бесплатно (Relax) (relax_parser.py free)...
2026-03-18 22:54:19,983 - INFO - ✅ 🆓 Бесплатно (Relax) завершён успешно
2026-03-18 22:54:19,986 - INFO -    📦 Получено 372 событий
2026-03-18 22:54:19,987 - INFO -    📦 Бесплатных событий получено: 372
2026-03-18 22:54:19,987 - INFO - ----------------------------------------
2026-03-18 22:54:19,987 - INFO - ========================================
2026-03-18 22:54:19,987 - INFO - 📚 ЗАГРУЗКА СОБЫТИЙ ИЗ БД
2026-03-18 22:54:20,071 - INFO - 📚 Загружено 7974 событий из БД
2026-03-18 22:54:20,072 - INFO - 📊 Загружено из БД: 7974
2026-03-18 22:54:20,073 - INFO - 🆓 Бесплатных событий из JSON: 372
2026-03-18 22:54:20,073 - INFO - ========================================
2026-03-18 22:54:20,073 - INFO - 🔄 ОБРАБОТКА БЕСПЛАТНЫХ СОБЫТИЙ
2026-03-18 22:54:21,449 - INFO - 🏷️ Проставлено 'Бесплатно' для 372 событий из free-секции
2026-03-18 22:54:21,449 - INFO - 📦 Событий после обработки: 7974
2026-03-18 22:54:21,450 - INFO - 🆓 Из них бесплатных: 411
2026-03-18 22:54:21,483 - INFO - 🔄 Обновлено цен в БД: 372
2026-03-18 22:54:21,484 - INFO - 💾 Обновлено в БД: 372
2026-03-18 22:54:21,484 - INFO - ============================================================
2026-03-18 22:54:21,484 - INFO - 📊 ИТОГИ
2026-03-18 22:54:21,484 - INFO - ✅ Успешно:  8
2026-03-18 22:54:21,484 - INFO - ❌ Ошибки:   1
2026-03-18 22:54:21,484 - INFO - 📦 Всего:    9
2026-03-18 22:54:21,484 - INFO - ⏱️  Время:    157.5 сек
2026-03-18 22:54:21,484 - INFO - ============================================================
2026-03-18 23:01:06,118 - INFO - ============================================================
2026-03-18 23:01:06,118 - INFO - 🚀 ЗАПУСК ВСЕХ ПАРСЕРОВ
2026-03-18 23:01:06,118 - INFO - Старт: 2026-03-18 23:01:06
2026-03-18 23:01:06,118 - INFO - ============================================================
2026-03-18 23:01:06,118 - INFO - ----------------------------------------
2026-03-18 23:01:06,118 - INFO - ▶️ Запуск 🎭 Театр (Relax) (relax_parser.py theatre)...
2026-03-18 23:01:08,460 - INFO - ✅ 🎭 Театр (Relax) завершён успешно
2026-03-18 23:01:08,460 - INFO -    🧹 Очищены старые записи (спектаклей)
2026-03-18 23:01:08,460 - INFO -    📊 Результаты:
2026-03-18 23:01:08,460 - INFO -    ✅ Добавлено новых спектаклей: 400
2026-03-18 23:01:08,460 - INFO - ----------------------------------------
2026-03-18 23:01:08,461 - INFO - ----------------------------------------
2026-03-18 23:01:08,461 - INFO - ▶️ Запуск 🎵 Концерты (Relax) (relax_parser.py concert)...
2026-03-18 23:01:10,848 - INFO - ✅ 🎵 Концерты (Relax) завершён успешно
2026-03-18 23:01:10,849 - INFO -    🧹 Очищены старые записи (концертов)
2026-03-18 23:01:10,849 - INFO -    📊 Результаты:
2026-03-18 23:01:10,849 - INFO -    ✅ Добавлено новых концертов: 117
2026-03-18 23:01:10,849 - INFO - ----------------------------------------
2026-03-18 23:01:10,849 - INFO - ----------------------------------------
2026-03-18 23:01:10,849 - INFO - ▶️ Запуск 🖼️ Выставки (Relax) (relax_parser.py exhibition)...
2026-03-18 23:01:28,283 - INFO - ✅ 🖼️ Выставки (Relax) завершён успешно
2026-03-18 23:01:28,283 - INFO -    🧹 Очищены старые записи (выставок)
2026-03-18 23:01:28,283 - INFO -    📊 Результаты:
2026-03-18 23:01:28,283 - INFO -    ✅ Добавлено новых выставок: 2200
2026-03-18 23:01:28,283 - INFO - ----------------------------------------
2026-03-18 23:01:28,283 - INFO - ----------------------------------------
2026-03-18 23:01:28,283 - INFO - ▶️ Запуск 🧸 Детям (Relax) (relax_parser.py kids)...
2026-03-18 23:01:54,807 - INFO - ✅ 🧸 Детям (Relax) завершён успешно
2026-03-18 23:01:54,808 - INFO -    🧹 Очищены старые записи (детских событий)
2026-03-18 23:01:54,808 - INFO -    📊 Результаты:
2026-03-18 23:01:54,808 - INFO -    ✅ Добавлено новых детских событий: 778
2026-03-18 23:01:54,808 - INFO - ----------------------------------------
2026-03-18 23:01:54,808 - INFO - ----------------------------------------
2026-03-18 23:01:54,808 - INFO - ▶️ Запуск 🎉 Вечеринки (Relax) (relax_parser.py party)...
2026-03-18 23:02:12,204 - INFO - ✅ 🎉 Вечеринки (Relax) завершён успешно
2026-03-18 23:02:12,205 - INFO -    🧹 Очищены старые записи (вечеринок)
2026-03-18 23:02:12,205 - INFO -    📊 Результаты:
2026-03-18 23:02:12,205 - INFO -    ✅ Добавлено новых вечеринок: 1394
2026-03-18 23:02:12,205 - INFO - ----------------------------------------
2026-03-18 23:02:12,205 - INFO - ----------------------------------------
2026-03-18 23:02:12,205 - INFO - ▶️ Запуск 🎬 Кино (Relax) (relax_parser.py kino)...
2026-03-18 23:02:17,402 - INFO - ✅ 🎬 Кино (Relax) завершён успешно
2026-03-18 23:02:17,402 - INFO -    🧹 Очищены старые записи (сеансов)
2026-03-18 23:02:17,403 - INFO -    📊 Результаты:
2026-03-18 23:02:17,403 - INFO -    ✅ Добавлено новых сеансов: 2759
2026-03-18 23:02:17,403 - INFO - ----------------------------------------
2026-03-18 23:02:17,403 - INFO - ----------------------------------------
2026-03-18 23:02:17,403 - INFO - ▶️ Запуск 🎫 Ticketpro (ticketpro_parser.py)...
2026-03-18 23:03:21,194 - INFO - ✅ 🎫 Ticketpro завершён успешно
2026-03-18 23:03:21,194 - INFO -    📊 Результаты:
2026-03-18 23:03:21,194 - INFO -    ✅ Добавлено новых событий: 219
2026-03-18 23:03:21,194 - INFO -    ❌ Не Минск: 281
2026-03-18 23:03:21,194 - INFO - ----------------------------------------
2026-03-18 23:03:21,194 - INFO - ----------------------------------------
2026-03-18 23:03:21,194 - INFO - ▶️ Запуск 🎟 BezKassira (bezkassira_parser.py)...
2026-03-18 23:03:31,832 - INFO - ✅ 🎟 BezKassira завершён успешно
2026-03-18 23:03:31,832 - INFO - ----------------------------------------
2026-03-18 23:03:31,833 - INFO - ----------------------------------------
2026-03-18 23:03:31,833 - INFO - ▶️ Запуск 🆓 Бесплатно (Relax) (relax_parser.py free)...
2026-03-18 23:03:33,769 - INFO - ✅ 🆓 Бесплатно (Relax) завершён успешно
2026-03-18 23:03:33,773 - INFO -    📦 Получено 372 событий
2026-03-18 23:03:33,774 - INFO -    📦 Бесплатных событий получено: 372
2026-03-18 23:03:33,774 - INFO - ----------------------------------------
2026-03-18 23:03:33,774 - INFO - ========================================
2026-03-18 23:03:33,774 - INFO - 📚 ЗАГРУЗКА СОБЫТИЙ ИЗ БД
2026-03-18 23:03:33,851 - INFO - 📚 Загружено 8014 событий из БД
2026-03-18 23:03:33,852 - INFO - 📊 Загружено из БД: 8014
2026-03-18 23:03:33,852 - INFO - 🆓 Бесплатных событий из JSON: 372
2026-03-18 23:03:33,852 - INFO - ========================================
2026-03-18 23:03:33,853 - INFO - 🔄 ОБРАБОТКА БЕСПЛАТНЫХ СОБЫТИЙ
2026-03-18 23:03:35,223 - INFO - 🏷️ Проставлено 'Бесплатно' для 372 событий из free-секции
2026-03-18 23:03:35,223 - INFO - 📦 Событий после обработки: 8014
2026-03-18 23:03:35,224 - INFO - 🆓 Из них бесплатных: 423
2026-03-18 23:03:35,254 - INFO - 🔄 Обновлено цен в БД: 372
2026-03-18 23:03:35,255 - INFO - 💾 Обновлено в БД: 372
2026-03-18 23:03:35,255 - INFO - ============================================================
2026-03-18 23:03:35,255 - INFO - 📊 ИТОГИ
2026-03-18 23:03:35,255 - INFO - ✅ Успешно:  9
2026-03-18 23:03:35,255 - INFO - ❌ Ошибки:   0
2026-03-18 23:03:35,255 - INFO - 📦 Всего:    9
2026-03-18 23:03:35,255 - INFO - ⏱️  Время:    149.1 сек
2026-03-18 23:03:35,255 - INFO - ============================================================
2026-03-18 23:33:04,263 - INFO - ============================================================
2026-03-18 23:33:04,264 - INFO - 🚀 ЗАПУСК ВСЕХ ПАРСЕРОВ
2026-03-18 23:33:04,264 - INFO - Старт: 2026-03-18 23:33:04
2026-03-18 23:33:04,264 - INFO - ============================================================
2026-03-18 23:33:04,264 - INFO - ----------------------------------------
2026-03-18 23:33:04,264 - INFO - ▶️ Запуск 🎭 Театр (Relax) (relax_parser.py theatre)...
2026-03-18 23:33:06,869 - INFO - ✅ 🎭 Театр (Relax) завершён успешно
2026-03-18 23:33:06,870 - INFO -    🧹 Очищены старые записи (спектаклей)
2026-03-18 23:33:06,870 - INFO -    📊 Результаты:
2026-03-18 23:33:06,870 - INFO -    ✅ Добавлено новых спектаклей: 400
2026-03-18 23:33:06,870 - INFO - ----------------------------------------
2026-03-18 23:33:06,870 - INFO - ----------------------------------------
2026-03-18 23:33:06,870 - INFO - ▶️ Запуск 🎵 Концерты (Relax) (relax_parser.py concert)...
2026-03-18 23:33:08,885 - INFO - ✅ 🎵 Концерты (Relax) завершён успешно
2026-03-18 23:33:08,885 - INFO -    🧹 Очищены старые записи (концертов)
2026-03-18 23:33:08,885 - INFO -    📊 Результаты:
2026-03-18 23:33:08,885 - INFO -    ✅ Добавлено новых концертов: 117
2026-03-18 23:33:08,885 - INFO - ----------------------------------------
2026-03-18 23:33:08,885 - INFO - ----------------------------------------
2026-03-18 23:33:08,885 - INFO - ▶️ Запуск 🖼️ Выставки (Relax) (relax_parser.py exhibition)...
2026-03-18 23:33:14,543 - INFO - ✅ 🖼️ Выставки (Relax) завершён успешно
2026-03-18 23:33:14,543 - INFO -    🧹 Очищены старые записи (выставок)
2026-03-18 23:33:14,543 - INFO -    📊 Результаты:
2026-03-18 23:33:14,543 - INFO -    ✅ Добавлено новых выставок: 2200
2026-03-18 23:33:14,543 - INFO - ----------------------------------------
2026-03-18 23:33:14,543 - INFO - ----------------------------------------
2026-03-18 23:33:14,543 - INFO - ▶️ Запуск 🧸 Детям (Relax) (relax_parser.py kids)...
2026-03-18 23:33:21,287 - INFO - ✅ 🧸 Детям (Relax) завершён успешно
2026-03-18 23:33:21,287 - INFO -    🧹 Очищены старые записи (детских событий)
2026-03-18 23:33:21,287 - INFO -    📊 Результаты:
2026-03-18 23:33:21,288 - INFO -    ✅ Добавлено новых детских событий: 777
2026-03-18 23:33:21,288 - INFO - ----------------------------------------
2026-03-18 23:33:21,288 - INFO - ----------------------------------------
2026-03-18 23:33:21,288 - INFO - ▶️ Запуск 🎉 Вечеринки (Relax) (relax_parser.py party)...
2026-03-18 23:33:25,230 - INFO - ✅ 🎉 Вечеринки (Relax) завершён успешно
2026-03-18 23:33:25,231 - INFO -    🧹 Очищены старые записи (вечеринок)
2026-03-18 23:33:25,231 - INFO -    📊 Результаты:
2026-03-18 23:33:25,231 - INFO -    ✅ Добавлено новых вечеринок: 1394
2026-03-18 23:33:25,231 - INFO - ----------------------------------------
2026-03-18 23:33:25,231 - INFO - ----------------------------------------
2026-03-18 23:33:25,231 - INFO - ▶️ Запуск 🎬 Кино (Relax) (relax_parser.py kino)...
2026-03-18 23:33:30,511 - INFO - ✅ 🎬 Кино (Relax) завершён успешно
2026-03-18 23:33:30,511 - INFO -    🧹 Очищены старые записи (сеансов)
2026-03-18 23:33:30,511 - INFO -    📊 Результаты:
2026-03-18 23:33:30,511 - INFO -    ✅ Добавлено новых сеансов: 2759
2026-03-18 23:33:30,511 - INFO - ----------------------------------------
2026-03-18 23:33:30,511 - INFO - ----------------------------------------
2026-03-18 23:33:30,511 - INFO - ▶️ Запуск 🎫 Ticketpro (ticketpro_parser.py)...
2026-03-18 23:35:31,338 - INFO - ✅ 🎫 Ticketpro завершён успешно
2026-03-18 23:35:31,339 - INFO -    ⚠️ Ticketpro: события не найдены
2026-03-18 23:35:31,339 - INFO - ----------------------------------------
2026-03-18 23:35:31,339 - INFO - ----------------------------------------
2026-03-18 23:35:31,339 - INFO - ▶️ Запуск 🎟 BezKassira (bezkassira_parser.py)...
2026-03-18 23:35:41,051 - INFO - ✅ 🎟 BezKassira завершён успешно
2026-03-18 23:35:41,053 - INFO - ----------------------------------------
2026-03-18 23:35:41,053 - INFO - ----------------------------------------
2026-03-18 23:35:41,053 - INFO - ▶️ Запуск 🆓 Бесплатно (Relax) (relax_parser.py free)...
2026-03-18 23:35:43,932 - INFO - ✅ 🆓 Бесплатно (Relax) завершён успешно
2026-03-18 23:35:43,936 - INFO -    📦 Получено 372 событий
2026-03-18 23:35:43,936 - INFO -    📦 Бесплатных событий получено: 372
2026-03-18 23:35:43,936 - INFO - ----------------------------------------
2026-03-18 23:35:43,936 - INFO - ========================================
2026-03-18 23:35:43,936 - INFO - 📚 ЗАГРУЗКА СОБЫТИЙ ИЗ БД
2026-03-18 23:35:44,032 - INFO - 📚 Загружено 7871 событий из БД
2026-03-18 23:35:44,035 - INFO - 📊 Загружено из БД: 7871
2026-03-18 23:35:44,035 - INFO - 🆓 Бесплатных событий из JSON: 372
2026-03-18 23:35:44,035 - INFO - ========================================
2026-03-18 23:35:44,036 - INFO - 🔄 ОБРАБОТКА БЕСПЛАТНЫХ СОБЫТИЙ
2026-03-18 23:35:45,590 - INFO - 🏷️ Проставлено 'Бесплатно' для 372 событий из free-секции
2026-03-18 23:35:45,590 - INFO - 📦 Событий после обработки: 7871
2026-03-18 23:35:45,591 - INFO - 🆓 Из них бесплатных: 376
2026-03-18 23:35:45,632 - INFO - 🔄 Обновлено цен в БД: 372
2026-03-18 23:35:45,632 - INFO - 💾 Обновлено в БД: 372
2026-03-18 23:35:45,632 - INFO - ============================================================
2026-03-18 23:35:45,632 - INFO - 📊 ИТОГИ
2026-03-18 23:35:45,632 - INFO - ✅ Успешно:  9
2026-03-18 23:35:45,632 - INFO - ❌ Ошибки:   0
2026-03-18 23:35:45,632 - INFO - 📦 Всего:    9
2026-03-18 23:35:45,633 - INFO - ⏱️  Время:    161.4 сек
2026-03-18 23:35:45,633 - INFO - ============================================================
2026-03-21 18:15:58,971 - INFO - ============================================================
2026-03-21 18:15:58,971 - INFO - 🚀 ЗАПУСК ВСЕХ ПАРСЕРОВ
2026-03-21 18:15:58,972 - INFO - Старт: 2026-03-21 18:15:58
2026-03-21 18:15:58,972 - INFO - ============================================================
2026-03-21 18:15:58,972 - INFO - ----------------------------------------
2026-03-21 18:15:58,972 - INFO - ▶️ Запуск 🎭 Театр (Relax) (relax_parser.py theatre)...
2026-03-21 18:16:08,726 - INFO - ✅ 🎭 Театр (Relax) завершён успешно
2026-03-21 18:16:08,727 - INFO -    🧹 Очищены старые записи (спектаклей)
2026-03-21 18:16:08,727 - INFO -    📊 Результаты:
2026-03-21 18:16:08,727 - INFO -    ✅ Добавлено новых спектаклей: 461
2026-03-21 18:16:08,727 - INFO - ----------------------------------------
2026-03-21 18:16:08,727 - INFO - ----------------------------------------
2026-03-21 18:16:08,727 - INFO - ▶️ Запуск 🎵 Концерты (Relax) (relax_parser.py concert)...
2026-03-21 18:16:10,822 - INFO - ✅ 🎵 Концерты (Relax) завершён успешно
2026-03-21 18:16:10,822 - INFO -    🧹 Очищены старые записи (концертов)
2026-03-21 18:16:10,822 - INFO -    📊 Результаты:
2026-03-21 18:16:10,822 - INFO -    ✅ Добавлено новых концертов: 133
2026-03-21 18:16:10,822 - INFO - ----------------------------------------
2026-03-21 18:16:10,822 - INFO - ----------------------------------------
2026-03-21 18:16:10,822 - INFO - ▶️ Запуск 🖼️ Выставки (Relax) (relax_parser.py exhibition)...
2026-03-21 18:16:17,213 - INFO - ✅ 🖼️ Выставки (Relax) завершён успешно
2026-03-21 18:16:17,213 - INFO -    🧹 Очищены старые записи (выставок)
2026-03-21 18:16:17,213 - INFO -    📊 Результаты:
2026-03-21 18:16:17,213 - INFO -    ✅ Добавлено новых выставок: 2259
2026-03-21 18:16:17,214 - INFO - ----------------------------------------
2026-03-21 18:16:17,214 - INFO - ----------------------------------------
2026-03-21 18:16:17,214 - INFO - ▶️ Запуск 🧸 Детям (Relax) (relax_parser.py kids)...
2026-03-21 18:16:23,993 - INFO - ✅ 🧸 Детям (Relax) завершён успешно
2026-03-21 18:16:23,993 - INFO -    🧹 Очищены старые записи (детских событий)
2026-03-21 18:16:23,993 - INFO -    📊 Результаты:
2026-03-21 18:16:23,993 - INFO -    ✅ Добавлено новых детских событий: 912
2026-03-21 18:16:23,993 - INFO - ----------------------------------------
2026-03-21 18:16:23,994 - INFO - ----------------------------------------
2026-03-21 18:16:23,994 - INFO - ▶️ Запуск 🎉 Вечеринки (Relax) (relax_parser.py party)...
2026-03-21 18:16:28,955 - INFO - ✅ 🎉 Вечеринки (Relax) завершён успешно
2026-03-21 18:16:28,955 - INFO -    🧹 Очищены старые записи (вечеринок)
2026-03-21 18:16:28,955 - INFO -    📊 Результаты:
2026-03-21 18:16:28,955 - INFO -    ✅ Добавлено новых вечеринок: 1352
2026-03-21 18:16:28,955 - INFO - ----------------------------------------
2026-03-21 18:16:28,955 - INFO - ----------------------------------------
2026-03-21 18:16:28,955 - INFO - ▶️ Запуск 🎬 Кино (Relax) (relax_parser.py kino)...
2026-03-21 18:16:33,882 - INFO - ✅ 🎬 Кино (Relax) завершён успешно
2026-03-21 18:16:33,882 - INFO -    🧹 Очищены старые записи (сеансов)
2026-03-21 18:16:33,883 - INFO -    📊 Результаты:
2026-03-21 18:16:33,883 - INFO -    ✅ Добавлено новых сеансов: 2029
2026-03-21 18:16:33,883 - INFO - ----------------------------------------
2026-03-21 18:16:33,883 - INFO - ----------------------------------------
2026-03-21 18:16:33,883 - INFO - ▶️ Запуск 🎫 Ticketpro (ticketpro_parser.py)...
2026-03-21 18:17:42,996 - INFO - ✅ 🎫 Ticketpro завершён успешно
2026-03-21 18:17:42,997 - INFO -    📊 Результаты:
2026-03-21 18:17:42,997 - INFO -    ✅ Добавлено новых событий: 79
2026-03-21 18:17:42,997 - INFO -    ❌ Не Минск: 614
2026-03-21 18:17:42,997 - INFO - ----------------------------------------
2026-03-21 18:17:42,997 - INFO - ----------------------------------------
2026-03-21 18:17:42,997 - INFO - ▶️ Запуск 🎟 BezKassira (bezkassira_parser.py)...
2026-03-21 18:17:53,977 - INFO - ✅ 🎟 BezKassira завершён успешно
2026-03-21 18:17:53,977 - INFO - ----------------------------------------
2026-03-21 18:17:53,978 - INFO - ----------------------------------------
2026-03-21 18:17:53,978 - INFO - ▶️ Запуск 🎭 Bycard (bycard_parser.py)...
2026-03-21 18:18:28,011 - INFO - ✅ 🎭 Bycard завершён успешно
2026-03-21 18:18:28,011 - INFO - ----------------------------------------
2026-03-21 18:18:28,011 - INFO - ----------------------------------------
2026-03-21 18:18:28,011 - INFO - ▶️ Запуск 🆓 Бесплатно (Relax) (relax_parser.py free)...
2026-03-21 18:18:30,083 - INFO - ✅ 🆓 Бесплатно (Relax) завершён успешно
2026-03-21 18:18:30,086 - INFO -    📦 Получено 338 событий
2026-03-21 18:18:30,087 - INFO -    📦 Бесплатных событий получено: 338
2026-03-21 18:18:30,087 - INFO - ----------------------------------------
2026-03-21 18:18:30,087 - INFO - ========================================
2026-03-21 18:18:30,087 - INFO - 📚 ЗАГРУЗКА СОБЫТИЙ ИЗ БД
2026-03-21 18:18:30,159 - INFO - 📚 Загружено 7626 событий из БД
2026-03-21 18:18:30,161 - INFO - 📊 Загружено из БД: 7626
2026-03-21 18:18:30,161 - INFO - 🆓 Бесплатных событий из JSON: 338
2026-03-21 18:18:30,161 - INFO - ========================================
2026-03-21 18:18:30,161 - INFO - 🔄 ОБРАБОТКА БЕСПЛАТНЫХ СОБЫТИЙ
2026-03-21 18:18:31,762 - INFO - 🏷️ Проставлено 'Бесплатно' для 338 событий из free-секции
2026-03-21 18:18:31,763 - INFO - 📦 Событий после обработки: 7626
2026-03-21 18:18:31,764 - INFO - 🆓 Из них бесплатных: 442
2026-03-21 18:18:31,796 - INFO - 🔄 Обновлено цен в БД: 338
2026-03-21 18:18:31,796 - INFO - 💾 Обновлено в БД: 338
2026-03-21 18:18:31,796 - INFO - ============================================================
2026-03-21 18:18:31,796 - INFO - 📊 ИТОГИ
2026-03-21 18:18:31,796 - INFO - ✅ Успешно:  10
2026-03-21 18:18:31,796 - INFO - ❌ Ошибки:   0
2026-03-21 18:18:31,797 - INFO - 📦 Всего:    10
2026-03-21 18:18:31,797 - INFO - ⏱️  Время:    152.8 сек
2026-03-21 18:18:31,797 - INFO - ============================================================
2026-03-21 18:57:30,700 - INFO - ============================================================
2026-03-21 18:57:30,700 - INFO - 🚀 ЗАПУСК ВСЕХ ПАРСЕРОВ
2026-03-21 18:57:30,701 - INFO - Старт: 2026-03-21 18:57:30
2026-03-21 18:57:30,701 - INFO - ============================================================
2026-03-21 18:57:30,701 - INFO - ----------------------------------------
2026-03-21 18:57:30,701 - INFO - ▶️ Запуск 🎭 Театр (Relax) (relax_parser.py theatre)...
2026-03-21 18:57:34,162 - INFO - ✅ 🎭 Театр (Relax) завершён успешно
2026-03-21 18:57:34,163 - INFO -    🧹 Очищены старые записи (спектаклей)
2026-03-21 18:57:34,163 - INFO -    📊 Результаты:
2026-03-21 18:57:34,163 - INFO -    ✅ Добавлено новых спектаклей: 461
2026-03-21 18:57:34,163 - INFO - ----------------------------------------
2026-03-21 18:57:34,163 - INFO - ----------------------------------------
2026-03-21 18:57:34,163 - INFO - ▶️ Запуск 🎵 Концерты (Relax) (relax_parser.py concert)...
2026-03-21 18:57:36,389 - INFO - ✅ 🎵 Концерты (Relax) завершён успешно
2026-03-21 18:57:36,389 - INFO -    🧹 Очищены старые записи (концертов)
2026-03-21 18:57:36,389 - INFO -    📊 Результаты:
2026-03-21 18:57:36,390 - INFO -    ✅ Добавлено новых концертов: 133
2026-03-21 18:57:36,390 - INFO - ----------------------------------------
2026-03-21 18:57:36,390 - INFO - ----------------------------------------
2026-03-21 18:57:36,390 - INFO - ▶️ Запуск 🖼️ Выставки (Relax) (relax_parser.py exhibition)...
2026-03-21 18:57:43,512 - INFO - ✅ 🖼️ Выставки (Relax) завершён успешно
2026-03-21 18:57:43,513 - INFO -    🧹 Очищены старые записи (выставок)
2026-03-21 18:57:43,513 - INFO -    📊 Результаты:
2026-03-21 18:57:43,513 - INFO -    ✅ Добавлено новых выставок: 2259
2026-03-21 18:57:43,513 - INFO - ----------------------------------------
2026-03-21 18:57:43,513 - INFO - ----------------------------------------
2026-03-21 18:57:43,513 - INFO - ▶️ Запуск 🧸 Детям (Relax) (relax_parser.py kids)...
2026-03-21 18:57:50,397 - INFO - ✅ 🧸 Детям (Relax) завершён успешно
2026-03-21 18:57:50,400 - INFO -    🧹 Очищены старые записи (детских событий)
2026-03-21 18:57:50,400 - INFO -    📊 Результаты:
2026-03-21 18:57:50,400 - INFO -    ✅ Добавлено новых детских событий: 912
2026-03-21 18:57:50,400 - INFO - ----------------------------------------
2026-03-21 18:57:50,400 - INFO - ----------------------------------------
2026-03-21 18:57:50,400 - INFO - ▶️ Запуск 🎉 Вечеринки (Relax) (relax_parser.py party)...
2026-03-21 18:57:55,287 - INFO - ✅ 🎉 Вечеринки (Relax) завершён успешно
2026-03-21 18:57:55,287 - INFO -    🧹 Очищены старые записи (вечеринок)
2026-03-21 18:57:55,287 - INFO -    📊 Результаты:
2026-03-21 18:57:55,287 - INFO -    ✅ Добавлено новых вечеринок: 1352
2026-03-21 18:57:55,288 - INFO - ----------------------------------------
2026-03-21 18:57:55,288 - INFO - ----------------------------------------
2026-03-21 18:57:55,288 - INFO - ▶️ Запуск 🎬 Кино (Relax) (relax_parser.py kino)...
2026-03-21 18:58:00,160 - INFO - ✅ 🎬 Кино (Relax) завершён успешно
2026-03-21 18:58:00,160 - INFO -    🧹 Очищены старые записи (сеансов)
2026-03-21 18:58:00,160 - INFO -    📊 Результаты:
2026-03-21 18:58:00,160 - INFO -    ✅ Добавлено новых сеансов: 2019
2026-03-21 18:58:00,161 - INFO - ----------------------------------------
2026-03-21 18:58:00,161 - INFO - ----------------------------------------
2026-03-21 18:58:00,161 - INFO - ▶️ Запуск 🎫 Ticketpro (ticketpro_parser.py)...
2026-03-21 18:59:09,778 - INFO - ✅ 🎫 Ticketpro завершён успешно
2026-03-21 18:59:09,778 - INFO -    📊 Результаты:
2026-03-21 18:59:09,778 - INFO -    ✅ Добавлено новых событий: 79
2026-03-21 18:59:09,778 - INFO -    ❌ Не Минск: 614
2026-03-21 18:59:09,778 - INFO - ----------------------------------------
2026-03-21 18:59:09,778 - INFO - ----------------------------------------
2026-03-21 18:59:09,778 - INFO - ▶️ Запуск 🎟 BezKassira (bezkassira_parser.py)...
2026-03-21 18:59:20,735 - INFO - ✅ 🎟 BezKassira завершён успешно
2026-03-21 18:59:20,735 - INFO - ----------------------------------------
2026-03-21 18:59:20,735 - INFO - ----------------------------------------
2026-03-21 18:59:20,735 - INFO - ▶️ Запуск 🎭 Bycard (bycard_parser.py)...
2026-03-21 18:59:55,183 - INFO - ✅ 🎭 Bycard завершён успешно
2026-03-21 18:59:55,183 - INFO - ----------------------------------------
2026-03-21 18:59:55,183 - INFO - ----------------------------------------
2026-03-21 18:59:55,184 - INFO - ▶️ Запуск 🆓 Бесплатно (Relax) (relax_parser.py free)...
2026-03-21 18:59:57,319 - INFO - ✅ 🆓 Бесплатно (Relax) завершён успешно
2026-03-21 18:59:57,322 - INFO -    📦 Получено 338 событий
2026-03-21 18:59:57,322 - INFO -    📦 Бесплатных событий получено: 338
2026-03-21 18:59:57,322 - INFO - ----------------------------------------
2026-03-21 18:59:57,322 - INFO - ========================================
2026-03-21 18:59:57,322 - INFO - 📚 ЗАГРУЗКА СОБЫТИЙ ИЗ БД
2026-03-21 18:59:57,398 - INFO - 📚 Загружено 7653 событий из БД
2026-03-21 18:59:57,400 - INFO - 📊 Загружено из БД: 7653
2026-03-21 18:59:57,400 - INFO - 🆓 Бесплатных событий из JSON: 338
2026-03-21 18:59:57,400 - INFO - ========================================
2026-03-21 18:59:57,400 - INFO - 🔄 ОБРАБОТКА БЕСПЛАТНЫХ СОБЫТИЙ
2026-03-21 18:59:58,935 - INFO - 🏷️ Проставлено 'Бесплатно' для 338 событий из free-секции
2026-03-21 18:59:58,936 - INFO - 📦 Событий после обработки: 7653
2026-03-21 18:59:58,937 - INFO - 🆓 Из них бесплатных: 455
2026-03-21 18:59:58,961 - INFO - 🔄 Обновлено цен в БД: 338
2026-03-21 18:59:58,961 - INFO - 💾 Обновлено в БД: 338
2026-03-21 18:59:58,961 - INFO - ============================================================
2026-03-21 18:59:58,962 - INFO - 📊 ИТОГИ
2026-03-21 18:59:58,962 - INFO - ✅ Успешно:  10
2026-03-21 18:59:58,962 - INFO - ❌ Ошибки:   0
2026-03-21 18:59:58,962 - INFO - 📦 Всего:    10
2026-03-21 18:59:58,962 - INFO - ⏱️  Время:    148.3 сек
2026-03-21 18:59:58,962 - INFO - ============================================================
