2026-03-27 11:21:47,418 - __main__ - INFO - =======================================================
2026-03-27 11:21:47,419 - __main__ - INFO - 📱 TELEGRAM ПАРСЕР: @partywall_minsk
2026-03-27 11:21:47,419 - __main__ - INFO - =======================================================
2026-03-27 11:21:47,650 - __main__ - INFO - 📋 Индекс дублей: 7564 событий
2026-03-27 11:21:48,304 - __main__ - INFO -   стр.1: 7 постов
2026-03-27 11:21:50,235 - __main__ - INFO -   стр.2: 14 постов
2026-03-27 11:21:50,237 - __main__ - INFO -   Загружено 2 постов
2026-03-27 11:21:50,254 - __main__ - INFO -   ✅ 2026-03-27 23:00 |                                |  | от 20 руб
2026-03-27 11:21:50,256 - __main__ - INFO -   ✅ 2026-03-27 22:00 |                                |  | от 15 руб
2026-03-27 11:21:50,258 - __main__ - INFO -   ✅ 2026-03-27 23:59 |                                |  | от FREE руб
2026-03-27 11:21:50,262 - __main__ - INFO -   ✅ 2026-03-28 23:55 |                                |  | от 10 руб
2026-03-27 11:21:50,263 - __main__ - INFO -   ✅ 2026-03-28 22:00 |                                |  | от 25 руб
2026-03-27 11:21:50,265 - __main__ - INFO -   ✅ 2026-03-28 19:00 |                                |  | от free руб
2026-03-27 11:21:50,265 - __main__ - INFO - =======================================================
2026-03-27 11:21:50,265 - __main__ - INFO - 📊 Итого: постов 2, событий 7, сохранено 6, дублей 0
2026-03-27 11:38:22,918 - __main__ - INFO - =======================================================
2026-03-27 11:38:22,918 - __main__ - INFO - 📱 TELEGRAM ПАРСЕР: @partywall_minsk
2026-03-27 11:38:22,918 - __main__ - INFO - =======================================================
2026-03-27 11:38:22,941 - __main__ - INFO - 🗑 Удалено 6 старых записей tg_partywall
2026-03-27 11:38:23,065 - __main__ - INFO - 📋 Индекс дублей (другие источники): 7564 событий
2026-03-27 11:38:23,507 - __main__ - INFO -   стр.1: 7 постов
2026-03-27 11:38:25,398 - __main__ - INFO -   стр.2: 14 постов
2026-03-27 11:38:25,400 - __main__ - INFO -   Загружено 2 постов
2026-03-27 11:38:25,406 - __main__ - INFO -   ✅ 2026-03-27 23:00 |                                |  | от 20 руб
2026-03-27 11:38:25,407 - __main__ - INFO -   ✅ 2026-03-27 22:00 |                                |  | от 15 руб
2026-03-27 11:38:25,409 - __main__ - INFO -   ✅ 2026-03-27 23:59 |                                |  | Бесплатно
2026-03-27 11:38:25,410 - __main__ - INFO -   ✅ 2026-03-28 23:55 |                                |  | от 10 руб
2026-03-27 11:38:25,412 - __main__ - INFO -   ✅ 2026-03-28 22:00 |                                |  | от 25 руб
2026-03-27 11:38:25,414 - __main__ - INFO -   ✅ 2026-03-28 19:00 |                                |  | Бесплатно
2026-03-27 11:38:25,414 - __main__ - INFO - =======================================================
2026-03-27 11:38:25,414 - __main__ - INFO - 📊 Итого: постов 2, событий 7, сохранено 6, дублей 0
2026-03-27 11:44:39,050 - __main__ - INFO - =======================================================
2026-03-27 11:44:39,050 - __main__ - INFO - 📱 TELEGRAM ПАРСЕР: @partywall_minsk
2026-03-27 11:44:39,050 - __main__ - INFO - =======================================================
2026-03-27 11:44:39,060 - __main__ - INFO - 🗑 Удалено 6 старых записей tg_partywall
2026-03-27 11:44:39,183 - __main__ - INFO - 📋 Индекс дублей (другие источники): 7564 событий
2026-03-27 11:44:39,600 - __main__ - INFO -   стр.1: 7 постов
2026-03-27 11:44:41,497 - __main__ - INFO -   стр.2: 14 постов
2026-03-27 11:44:41,499 - __main__ - INFO -   Загружено 2 постов
2026-03-27 11:44:41,509 - __main__ - INFO -   ✅ 2026-03-27 23:00 |                                |  | от 20 руб
2026-03-27 11:44:41,511 - __main__ - INFO -   ✅ 2026-03-27 22:00 |                                |  | от 15 руб
2026-03-27 11:44:41,513 - __main__ - INFO -   ✅ 2026-03-27 23:59 |                                |  | Бесплатно
2026-03-27 11:44:41,515 - __main__ - INFO -   ✅ 2026-03-28 23:55 |                                |  | от 10 руб
2026-03-27 11:44:41,517 - __main__ - INFO -   ✅ 2026-03-28 22:00 |                                |  | от 25 руб
2026-03-27 11:44:41,519 - __main__ - INFO -   ✅ 2026-03-28 19:00 |                                |  | Бесплатно
2026-03-27 11:44:41,519 - __main__ - INFO - =======================================================
2026-03-27 11:44:41,519 - __main__ - INFO - 📊 Итого: постов 2, событий 7, сохранено 6, дублей 0
2026-03-27 11:50:51,144 - __main__ - INFO - =======================================================
2026-03-27 11:50:51,145 - __main__ - INFO - 📱 TELEGRAM ПАРСЕР: @partywall_minsk
2026-03-27 11:50:51,145 - __main__ - INFO - =======================================================
2026-03-27 11:50:51,157 - __main__ - INFO - 🗑 Удалено 6 старых записей tg_partywall
2026-03-27 11:50:51,285 - __main__ - INFO - 📋 Индекс дублей (другие источники): 7564 событий
2026-03-27 11:50:51,298 - urllib3.connectionpool - DEBUG - Starting new HTTPS connection (1): t.me:443
2026-03-27 11:50:51,677 - urllib3.connectionpool - DEBUG - https://t.me:443 "GET /s/partywall_minsk HTTP/1.1" 200 16361
2026-03-27 11:50:51,723 - __main__ - INFO -   стр.1: 7 постов
2026-03-27 11:50:53,230 - urllib3.connectionpool - DEBUG - Starting new HTTPS connection (1): t.me:443
2026-03-27 11:50:53,563 - urllib3.connectionpool - DEBUG - https://t.me:443 "GET /s/partywall_minsk?before=674 HTTP/1.1" 200 16498
2026-03-27 11:50:53,641 - __main__ - INFO -   стр.2: 14 постов
2026-03-27 11:50:53,643 - __main__ - INFO -   Загружено 2 постов
2026-03-27 11:50:53,645 - __main__ - DEBUG - === Парсим блок ===
2026-03-27 11:50:53,645 - __main__ - DEBUG -   строка 0: 23:00
2026-03-27 11:50:53,646 - __main__ - DEBUG -   строка 1: Кто:
2026-03-27 11:50:53,646 - __main__ - DEBUG -   строка 2: VIBE 58
2026-03-27 11:50:53,646 - __main__ - DEBUG -   строка 3: Где:
2026-03-27 11:50:53,646 - __main__ - DEBUG -   строка 4: CLUB 58
2026-03-27 11:50:53,646 - __main__ - DEBUG -   время: 23:00
2026-03-27 11:50:53,646 - __main__ - DEBUG -   title из 'Кто:': 
2026-03-27 11:50:53,646 - __main__ - DEBUG -   place: 
2026-03-27 11:50:53,646 - __main__ - DEBUG -   строка после 'Где:': CLUB 58
2026-03-27 11:50:53,646 - __main__ - DEBUG -   address найден: CLUB 58
2026-03-27 11:50:53,647 - __main__ - DEBUG -   price: от 20 руб
2026-03-27 11:50:53,647 - __main__ - DEBUG -   age: 18+
2026-03-27 11:50:53,647 - __main__ - DEBUG -   hashtags: ['retro', 'pop']
2026-03-27 11:50:53,650 - __main__ - DEBUG -   РЕЗУЛЬТАТ: title='', place='', location='CLUB 58'
2026-03-27 11:50:53,650 - __main__ - DEBUG - === Парсим блок ===
2026-03-27 11:50:53,650 - __main__ - DEBUG -   строка 0: 22:00
2026-03-27 11:50:53,651 - __main__ - DEBUG -   строка 1: Кто:
2026-03-27 11:50:53,651 - __main__ - DEBUG -   строка 2: EDENN
2026-03-27 11:50:53,651 - __main__ - DEBUG -   строка 3: Где:
2026-03-27 11:50:53,651 - __main__ - DEBUG -   строка 4: ЭХО
2026-03-27 11:50:53,651 - __main__ - DEBUG -   время: 22:00
2026-03-27 11:50:53,651 - __main__ - DEBUG -   title из 'Кто:': 
2026-03-27 11:50:53,651 - __main__ - DEBUG -   place: 
2026-03-27 11:50:53,651 - __main__ - DEBUG -   строка после 'Где:': ЭХО
2026-03-27 11:50:53,651 - __main__ - DEBUG -   address найден: ЭХО
2026-03-27 11:50:53,652 - __main__ - DEBUG -   price: от 15 руб
2026-03-27 11:50:53,652 - __main__ - DEBUG -   age: 18+
2026-03-27 11:50:53,652 - __main__ - DEBUG -   hashtags: ['HardTechno', 'HardTrance']
2026-03-27 11:50:53,652 - __main__ - DEBUG -   РЕЗУЛЬТАТ: title='', place='', location='ЭХО'
2026-03-27 11:50:53,652 - __main__ - DEBUG - === Парсим блок ===
2026-03-27 11:50:53,652 - __main__ - DEBUG -   строка 0: 23:59
2026-03-27 11:50:53,653 - __main__ - DEBUG -   строка 1: Кто:
2026-03-27 11:50:53,653 - __main__ - DEBUG -   строка 2: OPEN DECK
2026-03-27 11:50:53,653 - __main__ - DEBUG -   строка 3: Где:
2026-03-27 11:50:53,653 - __main__ - DEBUG -   строка 4: Modul Art Platform
2026-03-27 11:50:53,653 - __main__ - DEBUG -   время: 23:59
2026-03-27 11:50:53,653 - __main__ - DEBUG -   title из 'Кто:': 
2026-03-27 11:50:53,653 - __main__ - DEBUG -   place: 
2026-03-27 11:50:53,653 - __main__ - DEBUG -   строка после 'Где:': Modul Art Platform
2026-03-27 11:50:53,653 - __main__ - DEBUG -   address найден: Modul Art Platform
2026-03-27 11:50:53,653 - __main__ - DEBUG -   price: Бесплатно
2026-03-27 11:50:53,653 - __main__ - DEBUG -   age: 18+
2026-03-27 11:50:53,653 - __main__ - DEBUG -   hashtags: ['AllElectronic']
2026-03-27 11:50:53,654 - __main__ - DEBUG -   РЕЗУЛЬТАТ: title='', place='', location='Modul Art Platform'
2026-03-27 11:50:53,654 - __main__ - DEBUG - === Парсим блок ===
2026-03-27 11:50:53,654 - __main__ - DEBUG -   строка 0: 23:55
2026-03-27 11:50:53,654 - __main__ - DEBUG -   строка 1: Кто:
2026-03-27 11:50:53,654 - __main__ - DEBUG -   строка 2: BLESS
2026-03-27 11:50:53,654 - __main__ - DEBUG -   строка 3: Где:
2026-03-27 11:50:53,654 - __main__ - DEBUG -   строка 4: 375
2026-03-27 11:50:53,654 - __main__ - DEBUG -   время: 23:55
2026-03-27 11:50:53,654 - __main__ - DEBUG -   title из 'Кто:': 
2026-03-27 11:50:53,654 - __main__ - DEBUG -   place: 
2026-03-27 11:50:53,654 - __main__ - DEBUG -   строка после 'Где:': 375
2026-03-27 11:50:53,654 - __main__ - DEBUG -   address найден: 375
2026-03-27 11:50:53,654 - __main__ - DEBUG -   price: от 10 руб
2026-03-27 11:50:53,655 - __main__ - DEBUG -   age: 18+
2026-03-27 11:50:53,655 - __main__ - DEBUG -   hashtags: ['pop', 'rap', 'HipHop']
2026-03-27 11:50:53,655 - __main__ - DEBUG -   РЕЗУЛЬТАТ: title='', place='', location='375'
2026-03-27 11:50:53,655 - __main__ - DEBUG - === Парсим блок ===
2026-03-27 11:50:53,655 - __main__ - DEBUG -   строка 0: 22:00
2026-03-27 11:50:53,655 - __main__ - DEBUG -   строка 1: Кто:
2026-03-27 11:50:53,655 - __main__ - DEBUG -   строка 2: BLOCK
2026-03-27 11:50:53,655 - __main__ - DEBUG -   строка 3: Где:
2026-03-27 11:50:53,655 - __main__ - DEBUG -   строка 4: ЦЕХ
2026-03-27 11:50:53,655 - __main__ - DEBUG -   время: 22:00
2026-03-27 11:50:53,655 - __main__ - DEBUG -   title из 'Кто:': 
2026-03-27 11:50:53,655 - __main__ - DEBUG -   place: 
2026-03-27 11:50:53,655 - __main__ - DEBUG -   строка после 'Где:': ЦЕХ
2026-03-27 11:50:53,655 - __main__ - DEBUG -   address найден: ЦЕХ
2026-03-27 11:50:53,656 - __main__ - DEBUG -   price: от 25 руб
2026-03-27 11:50:53,656 - __main__ - DEBUG -   age: 18+
2026-03-27 11:50:53,656 - __main__ - DEBUG -   hashtags: ['HardTechno']
2026-03-27 11:50:53,656 - __main__ - DEBUG -   РЕЗУЛЬТАТ: title='', place='', location='ЦЕХ'
2026-03-27 11:50:53,656 - __main__ - DEBUG - === Парсим блок ===
2026-03-27 11:50:53,656 - __main__ - DEBUG -   строка 0: 23:55
2026-03-27 11:50:53,656 - __main__ - DEBUG -   строка 1: Кто:
2026-03-27 11:50:53,656 - __main__ - DEBUG -   строка 2: RANDOM
2026-03-27 11:50:53,656 - __main__ - DEBUG -   строка 3: Где:
2026-03-27 11:50:53,656 - __main__ - DEBUG -   строка 4: CLUB 58
2026-03-27 11:50:53,656 - __main__ - DEBUG -   время: 23:55
2026-03-27 11:50:53,656 - __main__ - DEBUG -   title из 'Кто:': 
2026-03-27 11:50:53,656 - __main__ - DEBUG -   place: 
2026-03-27 11:50:53,657 - __main__ - DEBUG -   строка после 'Где:': CLUB 58
2026-03-27 11:50:53,657 - __main__ - DEBUG -   address найден: CLUB 58
2026-03-27 11:50:53,657 - __main__ - DEBUG -   price: от 20 руб
2026-03-27 11:50:53,657 - __main__ - DEBUG -   age: 18+
2026-03-27 11:50:53,657 - __main__ - DEBUG -   hashtags: ['remix', 'pop', 'rap']
2026-03-27 11:50:53,657 - __main__ - DEBUG -   РЕЗУЛЬТАТ: title='', place='', location='CLUB 58'
2026-03-27 11:50:53,657 - __main__ - DEBUG - === Парсим блок ===
2026-03-27 11:50:53,657 - __main__ - DEBUG -   строка 0: 19:00
2026-03-27 11:50:53,657 - __main__ - DEBUG -   строка 1: Кто:
2026-03-27 11:50:53,657 - __main__ - DEBUG -   строка 2: МУЗЛОТО x КАРАОКЕ-ВЕЧЕРИНКА
2026-03-27 11:50:53,657 - __main__ - DEBUG -   строка 3: Где:
2026-03-27 11:50:53,657 - __main__ - DEBUG -   строка 4: ЭХО
2026-03-27 11:50:53,657 - __main__ - DEBUG -   время: 19:00
2026-03-27 11:50:53,657 - __main__ - DEBUG -   title из 'Кто:': 
2026-03-27 11:50:53,658 - __main__ - DEBUG -   place: 
2026-03-27 11:50:53,658 - __main__ - DEBUG -   строка после 'Где:': ЭХО
2026-03-27 11:50:53,658 - __main__ - DEBUG -   address найден: ЭХО
2026-03-27 11:50:53,658 - __main__ - DEBUG -   price: Бесплатно
2026-03-27 11:50:53,658 - __main__ - DEBUG -   age: 18+
2026-03-27 11:50:53,658 - __main__ - DEBUG -   hashtags: ['pop', 'electronic']
2026-03-27 11:50:53,658 - __main__ - DEBUG -   РЕЗУЛЬТАТ: title='', place='', location='ЭХО'
2026-03-27 11:50:53,660 - __main__ - INFO -   ✅ 2026-03-27 23:00 |                                |  | от 20 руб
2026-03-27 11:50:53,662 - __main__ - INFO -   ✅ 2026-03-27 22:00 |                                |  | от 15 руб
2026-03-27 11:50:53,663 - __main__ - INFO -   ✅ 2026-03-27 23:59 |                                |  | Бесплатно
2026-03-27 11:50:53,664 - __main__ - INFO -   ✅ 2026-03-28 23:55 |                                |  | от 10 руб
2026-03-27 11:50:53,667 - __main__ - INFO -   ✅ 2026-03-28 22:00 |                                |  | от 25 руб
2026-03-27 11:50:53,669 - __main__ - INFO -   ✅ 2026-03-28 19:00 |                                |  | Бесплатно
2026-03-27 11:50:53,669 - __main__ - INFO - =======================================================
2026-03-27 11:50:53,669 - __main__ - INFO - 📊 Итого: постов 2, событий 7, сохранено 6, дублей 0
2026-03-27 11:54:47,837 - __main__ - INFO - =======================================================
2026-03-27 11:54:47,838 - __main__ - INFO - 📱 TELEGRAM ПАРСЕР: @partywall_minsk
2026-03-27 11:54:47,838 - __main__ - INFO - =======================================================
2026-03-27 11:54:47,849 - __main__ - INFO - 🗑 Удалено 6 старых записей tg_partywall
2026-03-27 11:54:47,986 - __main__ - INFO - 📋 Индекс дублей (другие источники): 7564 событий
2026-03-27 11:54:47,994 - urllib3.connectionpool - DEBUG - Starting new HTTPS connection (1): t.me:443
2026-03-27 11:54:48,335 - urllib3.connectionpool - DEBUG - https://t.me:443 "GET /s/partywall_minsk HTTP/1.1" 200 16364
2026-03-27 11:54:48,375 - __main__ - INFO -   стр.1: 7 постов
2026-03-27 11:54:49,879 - urllib3.connectionpool - DEBUG - Starting new HTTPS connection (1): t.me:443
2026-03-27 11:54:50,237 - urllib3.connectionpool - DEBUG - https://t.me:443 "GET /s/partywall_minsk?before=674 HTTP/1.1" 200 16505
2026-03-27 11:54:50,305 - __main__ - INFO -   стр.2: 14 постов
2026-03-27 11:54:50,307 - __main__ - INFO -   Загружено 2 постов
2026-03-27 11:54:50,310 - __main__ - DEBUG - === Парсим блок ===
2026-03-27 11:54:50,310 - __main__ - DEBUG -   строка 0: 23:00
2026-03-27 11:54:50,310 - __main__ - DEBUG -   строка 1: Кто:
2026-03-27 11:54:50,310 - __main__ - DEBUG -   строка 2: VIBE 58
2026-03-27 11:54:50,310 - __main__ - DEBUG -   строка 3: Где:
2026-03-27 11:54:50,310 - __main__ - DEBUG -   строка 4: CLUB 58
2026-03-27 11:54:50,310 - __main__ - DEBUG -   время: 23:00
2026-03-27 11:54:50,310 - __main__ - DEBUG -   title из строки после 'Кто:': VIBE 58
2026-03-27 11:54:50,311 - __main__ - DEBUG -   place из строки после 'Где:': CLUB 58
2026-03-27 11:54:50,311 - __main__ - DEBUG -   address найден после 'Где:': Ул. Независимости 58/1, Минск
2026-03-27 11:54:50,312 - __main__ - DEBUG -   price: от 20 руб
2026-03-27 11:54:50,312 - __main__ - DEBUG -   age: 18+
2026-03-27 11:54:50,312 - __main__ - DEBUG -   hashtags: ['retro', 'pop']
2026-03-27 11:54:50,320 - __main__ - DEBUG -   РЕЗУЛЬТАТ: title='VIBE 58', place='CLUB 58', location='Ул. Независимости 58/1, Минск'
2026-03-27 11:54:50,321 - __main__ - DEBUG - === Парсим блок ===
2026-03-27 11:54:50,321 - __main__ - DEBUG -   строка 0: 22:00
2026-03-27 11:54:50,321 - __main__ - DEBUG -   строка 1: Кто:
2026-03-27 11:54:50,321 - __main__ - DEBUG -   строка 2: EDENN
2026-03-27 11:54:50,321 - __main__ - DEBUG -   строка 3: Где:
2026-03-27 11:54:50,321 - __main__ - DEBUG -   строка 4: ЭХО
2026-03-27 11:54:50,321 - __main__ - DEBUG -   время: 22:00
2026-03-27 11:54:50,321 - __main__ - DEBUG -   title из строки после 'Кто:': EDENN
2026-03-27 11:54:50,322 - __main__ - DEBUG -   place из строки после 'Где:': Пространство ЭХО
2026-03-27 11:54:50,322 - __main__ - DEBUG -   address найден после 'Где:': Просп. Независимости 95/5, Минск
2026-03-27 11:54:50,322 - __main__ - DEBUG -   price: от 15 руб
2026-03-27 11:54:50,322 - __main__ - DEBUG -   age: 18+
2026-03-27 11:54:50,322 - __main__ - DEBUG -   hashtags: ['HardTechno', 'HardTrance']
2026-03-27 11:54:50,322 - __main__ - DEBUG -   РЕЗУЛЬТАТ: title='EDENN', place='Пространство ЭХО', location='Просп. Независимости 95/5, Минск'
2026-03-27 11:54:50,322 - __main__ - DEBUG - === Парсим блок ===
2026-03-27 11:54:50,322 - __main__ - DEBUG -   строка 0: 23:59
2026-03-27 11:54:50,323 - __main__ - DEBUG -   строка 1: Кто:
2026-03-27 11:54:50,323 - __main__ - DEBUG -   строка 2: OPEN DECK
2026-03-27 11:54:50,323 - __main__ - DEBUG -   строка 3: Где:
2026-03-27 11:54:50,323 - __main__ - DEBUG -   строка 4: Modul Art Platform
2026-03-27 11:54:50,323 - __main__ - DEBUG -   время: 23:59
2026-03-27 11:54:50,323 - __main__ - DEBUG -   title из строки после 'Кто:': OPEN DECK
2026-03-27 11:54:50,323 - __main__ - DEBUG -   place из строки после 'Где:': Modul Art Platform
2026-03-27 11:54:50,323 - __main__ - DEBUG -   address найден после 'Где:': Ул. Октябрьская 16/3, Минск
2026-03-27 11:54:50,324 - __main__ - DEBUG -   price: Бесплатно
2026-03-27 11:54:50,324 - __main__ - DEBUG -   age: 18+
2026-03-27 11:54:50,324 - __main__ - DEBUG -   hashtags: ['AllElectronic']
2026-03-27 11:54:50,324 - __main__ - DEBUG -   РЕЗУЛЬТАТ: title='OPEN DECK', place='Modul Art Platform', location='Ул. Октябрьская 16/3, Минск'
2026-03-27 11:54:50,324 - __main__ - DEBUG - === Парсим блок ===
2026-03-27 11:54:50,324 - __main__ - DEBUG -   строка 0: 23:55
2026-03-27 11:54:50,324 - __main__ - DEBUG -   строка 1: Кто:
2026-03-27 11:54:50,324 - __main__ - DEBUG -   строка 2: BLESS
2026-03-27 11:54:50,324 - __main__ - DEBUG -   строка 3: Где:
2026-03-27 11:54:50,324 - __main__ - DEBUG -   строка 4: 375
2026-03-27 11:54:50,324 - __main__ - DEBUG -   время: 23:55
2026-03-27 11:54:50,325 - __main__ - DEBUG -   title из строки после 'Кто:': BLESS
2026-03-27 11:54:50,325 - __main__ - DEBUG -   place из строки после 'Где:': 375
2026-03-27 11:54:50,325 - __main__ - DEBUG -   address найден после 'Где:': Просп. Машерова 11, Минск
2026-03-27 11:54:50,325 - __main__ - DEBUG -   price: от 10 руб
2026-03-27 11:54:50,325 - __main__ - DEBUG -   age: 18+
2026-03-27 11:54:50,325 - __main__ - DEBUG -   hashtags: ['pop', 'rap', 'HipHop']
2026-03-27 11:54:50,325 - __main__ - DEBUG -   РЕЗУЛЬТАТ: title='BLESS', place='375', location='Просп. Машерова 11, Минск'
2026-03-27 11:54:50,325 - __main__ - DEBUG - === Парсим блок ===
2026-03-27 11:54:50,326 - __main__ - DEBUG -   строка 0: 22:00
2026-03-27 11:54:50,326 - __main__ - DEBUG -   строка 1: Кто:
2026-03-27 11:54:50,326 - __main__ - DEBUG -   строка 2: BLOCK
2026-03-27 11:54:50,326 - __main__ - DEBUG -   строка 3: Где:
2026-03-27 11:54:50,326 - __main__ - DEBUG -   строка 4: ЦЕХ
2026-03-27 11:54:50,326 - __main__ - DEBUG -   время: 22:00
2026-03-27 11:54:50,326 - __main__ - DEBUG -   title из строки после 'Кто:': BLOCK
2026-03-27 11:54:50,326 - __main__ - DEBUG -   place из строки после 'Где:': Пространство ЦЕХ
2026-03-27 11:54:50,326 - __main__ - DEBUG -   address найден после 'Где:': Ул. Машерова 11/2, Минск
2026-03-27 11:54:50,326 - __main__ - DEBUG -   price: от 25 руб
2026-03-27 11:54:50,326 - __main__ - DEBUG -   age: 18+
2026-03-27 11:54:50,326 - __main__ - DEBUG -   hashtags: ['HardTechno']
2026-03-27 11:54:50,327 - __main__ - DEBUG -   РЕЗУЛЬТАТ: title='BLOCK', place='Пространство ЦЕХ', location='Ул. Машерова 11/2, Минск'
2026-03-27 11:54:50,327 - __main__ - DEBUG - === Парсим блок ===
2026-03-27 11:54:50,327 - __main__ - DEBUG -   строка 0: 23:55
2026-03-27 11:54:50,327 - __main__ - DEBUG -   строка 1: Кто:
2026-03-27 11:54:50,327 - __main__ - DEBUG -   строка 2: RANDOM
2026-03-27 11:54:50,327 - __main__ - DEBUG -   строка 3: Где:
2026-03-27 11:54:50,327 - __main__ - DEBUG -   строка 4: CLUB 58
2026-03-27 11:54:50,327 - __main__ - DEBUG -   время: 23:55
2026-03-27 11:54:50,327 - __main__ - DEBUG -   title из строки после 'Кто:': RANDOM
2026-03-27 11:54:50,327 - __main__ - DEBUG -   place из строки после 'Где:': CLUB 58
2026-03-27 11:54:50,327 - __main__ - DEBUG -   address найден после 'Где:': Ул. Независимости 58/1, Минск
2026-03-27 11:54:50,328 - __main__ - DEBUG -   price: от 20 руб
2026-03-27 11:54:50,328 - __main__ - DEBUG -   age: 18+
2026-03-27 11:54:50,328 - __main__ - DEBUG -   hashtags: ['remix', 'pop', 'rap']
2026-03-27 11:54:50,328 - __main__ - DEBUG -   РЕЗУЛЬТАТ: title='RANDOM', place='CLUB 58', location='Ул. Независимости 58/1, Минск'
2026-03-27 11:54:50,328 - __main__ - DEBUG - === Парсим блок ===
2026-03-27 11:54:50,328 - __main__ - DEBUG -   строка 0: 19:00
2026-03-27 11:54:50,328 - __main__ - DEBUG -   строка 1: Кто:
2026-03-27 11:54:50,328 - __main__ - DEBUG -   строка 2: МУЗЛОТО x КАРАОКЕ-ВЕЧЕРИНКА
2026-03-27 11:54:50,328 - __main__ - DEBUG -   строка 3: Где:
2026-03-27 11:54:50,328 - __main__ - DEBUG -   строка 4: ЭХО
2026-03-27 11:54:50,328 - __main__ - DEBUG -   время: 19:00
2026-03-27 11:54:50,328 - __main__ - DEBUG -   title из строки после 'Кто:': МУЗЛОТО x КАРАОКЕ-ВЕЧЕРИНКА
2026-03-27 11:54:50,329 - __main__ - DEBUG -   place из строки после 'Где:': Пространство ЭХО
2026-03-27 11:54:50,329 - __main__ - DEBUG -   address найден после 'Где:': Просп. Независимости 95/5, Минск
2026-03-27 11:54:50,329 - __main__ - DEBUG -   price: Бесплатно
2026-03-27 11:54:50,329 - __main__ - DEBUG -   age: 18+
2026-03-27 11:54:50,329 - __main__ - DEBUG -   hashtags: ['pop', 'electronic']
2026-03-27 11:54:50,329 - __main__ - DEBUG -   РЕЗУЛЬТАТ: title='МУЗЛОТО x КАРАОКЕ-ВЕЧЕРИНКА', place='Пространство ЭХО', location='Просп. Независимости 95/5, Минск'
2026-03-27 11:54:50,332 - __main__ - INFO -   ✅ 2026-03-27 23:00 | VIBE 58                        | CLUB 58 | от 20 руб
2026-03-27 11:54:50,333 - __main__ - DEBUG -   ↩ дубль: EDENN / 2026-03-27
2026-03-27 11:54:50,334 - __main__ - INFO -   ✅ 2026-03-27 23:59 | OPEN DECK                      | Modul Art Platform | Бесплатно
2026-03-27 11:54:50,336 - __main__ - INFO -   ✅ 2026-03-28 23:55 | BLESS                          | 375 | от 10 руб
2026-03-27 11:54:50,339 - __main__ - INFO -   ✅ 2026-03-28 22:00 | BLOCK                          | Пространство ЦЕХ | от 25 руб
2026-03-27 11:54:50,339 - __main__ - DEBUG -   ↩ дубль: RANDOM / 2026-03-28
2026-03-27 11:54:50,342 - __main__ - INFO -   ✅ 2026-03-28 19:00 | МУЗЛОТО x КАРАОКЕ-ВЕЧЕРИНКА    | Пространство ЭХО | Бесплатно
2026-03-27 11:54:50,342 - __main__ - INFO - =======================================================
2026-03-27 11:54:50,342 - __main__ - INFO - 📊 Итого: постов 2, событий 7, сохранено 5, дублей 2
2026-03-27 12:01:32,321 - __main__ - INFO - =======================================================
2026-03-27 12:01:32,321 - __main__ - INFO - 📱 TELEGRAM ПАРСЕР: @partywall_minsk
2026-03-27 12:01:32,321 - __main__ - INFO - =======================================================
2026-03-27 12:01:32,332 - __main__ - INFO - 🗑 Удалено 5 старых записей tg_partywall
2026-03-27 12:01:32,462 - __main__ - INFO - 📋 Индекс дублей (другие источники): 7564 событий
2026-03-27 12:01:32,471 - urllib3.connectionpool - DEBUG - Starting new HTTPS connection (1): t.me:443
2026-03-27 12:01:32,858 - urllib3.connectionpool - DEBUG - https://t.me:443 "GET /s/partywall_minsk HTTP/1.1" 200 16358
2026-03-27 12:01:32,903 - __main__ - INFO -   стр.1: 7 постов
2026-03-27 12:01:34,411 - urllib3.connectionpool - DEBUG - Starting new HTTPS connection (1): t.me:443
2026-03-27 12:01:34,757 - urllib3.connectionpool - DEBUG - https://t.me:443 "GET /s/partywall_minsk?before=674 HTTP/1.1" 200 16501
2026-03-27 12:01:34,830 - __main__ - INFO -   стр.2: 14 постов
2026-03-27 12:01:34,833 - __main__ - INFO -   Загружено 2 постов
2026-03-27 12:01:34,835 - __main__ - DEBUG - === Парсим блок ===
2026-03-27 12:01:34,835 - __main__ - DEBUG -   строка 0: 23:00
2026-03-27 12:01:34,836 - __main__ - DEBUG -   строка 1: Кто:
2026-03-27 12:01:34,836 - __main__ - DEBUG -   строка 2: VIBE 58
2026-03-27 12:01:34,836 - __main__ - DEBUG -   строка 3: Где:
2026-03-27 12:01:34,836 - __main__ - DEBUG -   строка 4: CLUB 58
2026-03-27 12:01:34,836 - __main__ - DEBUG -   время: 23:00
2026-03-27 12:01:34,836 - __main__ - DEBUG -   title из строки после 'Кто:': VIBE 58
2026-03-27 12:01:34,837 - __main__ - DEBUG -   place из строки после 'Где:': Club 58
2026-03-27 12:01:34,838 - __main__ - DEBUG -   address найден после 'Где:': Ул. Независимости 58/1, Минск
2026-03-27 12:01:34,838 - __main__ - DEBUG -   price: от 20 руб
2026-03-27 12:01:34,838 - __main__ - DEBUG -   age: 18+
2026-03-27 12:01:34,838 - __main__ - DEBUG -   hashtags: ['retro', 'pop']
2026-03-27 12:01:34,841 - __main__ - DEBUG -   РЕЗУЛЬТАТ: title='VIBE 58', place='Club 58', location='Ул. Независимости 58/1, Минск'
2026-03-27 12:01:34,841 - __main__ - DEBUG - === Парсим блок ===
2026-03-27 12:01:34,841 - __main__ - DEBUG -   строка 0: 22:00
2026-03-27 12:01:34,841 - __main__ - DEBUG -   строка 1: Кто:
2026-03-27 12:01:34,841 - __main__ - DEBUG -   строка 2: EDENN
2026-03-27 12:01:34,841 - __main__ - DEBUG -   строка 3: Где:
2026-03-27 12:01:34,841 - __main__ - DEBUG -   строка 4: ЭХО
2026-03-27 12:01:34,841 - __main__ - DEBUG -   время: 22:00
2026-03-27 12:01:34,841 - __main__ - DEBUG -   title из строки после 'Кто:': EDENN
2026-03-27 12:01:34,841 - __main__ - DEBUG -   place из строки после 'Где:': Пространство ЭХО
2026-03-27 12:01:34,842 - __main__ - DEBUG -   address найден после 'Где:': Просп. Независимости 95/5, Минск
2026-03-27 12:01:34,842 - __main__ - DEBUG -   price: от 15 руб
2026-03-27 12:01:34,842 - __main__ - DEBUG -   age: 18+
2026-03-27 12:01:34,842 - __main__ - DEBUG -   hashtags: ['HardTechno', 'HardTrance']
2026-03-27 12:01:34,842 - __main__ - DEBUG -   РЕЗУЛЬТАТ: title='EDENN', place='Пространство ЭХО', location='Просп. Независимости 95/5, Минск'
2026-03-27 12:01:34,842 - __main__ - DEBUG - === Парсим блок ===
2026-03-27 12:01:34,842 - __main__ - DEBUG -   строка 0: 23:59
2026-03-27 12:01:34,842 - __main__ - DEBUG -   строка 1: Кто:
2026-03-27 12:01:34,842 - __main__ - DEBUG -   строка 2: OPEN DECK
2026-03-27 12:01:34,843 - __main__ - DEBUG -   строка 3: Где:
2026-03-27 12:01:34,843 - __main__ - DEBUG -   строка 4: Modul Art Platform
2026-03-27 12:01:34,843 - __main__ - DEBUG -   время: 23:59
2026-03-27 12:01:34,843 - __main__ - DEBUG -   title из строки после 'Кто:': OPEN DECK
2026-03-27 12:01:34,843 - __main__ - DEBUG -   place из строки после 'Где:': Modul Art Platform
2026-03-27 12:01:34,843 - __main__ - DEBUG -   address найден после 'Где:': Ул. Октябрьская 16/3, Минск
2026-03-27 12:01:34,843 - __main__ - DEBUG -   price: Бесплатно
2026-03-27 12:01:34,843 - __main__ - DEBUG -   age: 18+
2026-03-27 12:01:34,843 - __main__ - DEBUG -   hashtags: ['AllElectronic']
2026-03-27 12:01:34,843 - __main__ - DEBUG -   РЕЗУЛЬТАТ: title='OPEN DECK', place='Modul Art Platform', location='Ул. Октябрьская 16/3, Минск'
2026-03-27 12:01:34,844 - __main__ - DEBUG - === Парсим блок ===
2026-03-27 12:01:34,844 - __main__ - DEBUG -   строка 0: 23:55
2026-03-27 12:01:34,844 - __main__ - DEBUG -   строка 1: Кто:
2026-03-27 12:01:34,844 - __main__ - DEBUG -   строка 2: BLESS
2026-03-27 12:01:34,844 - __main__ - DEBUG -   строка 3: Где:
2026-03-27 12:01:34,844 - __main__ - DEBUG -   строка 4: 375
2026-03-27 12:01:34,844 - __main__ - DEBUG -   время: 23:55
2026-03-27 12:01:34,844 - __main__ - DEBUG -   title из строки после 'Кто:': BLESS
2026-03-27 12:01:34,844 - __main__ - DEBUG -   place из строки после 'Где:': 375 Place
2026-03-27 12:01:34,844 - __main__ - DEBUG -   address найден после 'Где:': Просп. Машерова 11, Минск
2026-03-27 12:01:34,844 - __main__ - DEBUG -   price: от 10 руб
2026-03-27 12:01:34,844 - __main__ - DEBUG -   age: 18+
2026-03-27 12:01:34,845 - __main__ - DEBUG -   hashtags: ['pop', 'rap', 'HipHop']
2026-03-27 12:01:34,845 - __main__ - DEBUG -   РЕЗУЛЬТАТ: title='BLESS', place='375 Place', location='Просп. Машерова 11, Минск'
2026-03-27 12:01:34,845 - __main__ - DEBUG - === Парсим блок ===
2026-03-27 12:01:34,845 - __main__ - DEBUG -   строка 0: 22:00
2026-03-27 12:01:34,845 - __main__ - DEBUG -   строка 1: Кто:
2026-03-27 12:01:34,845 - __main__ - DEBUG -   строка 2: BLOCK
2026-03-27 12:01:34,845 - __main__ - DEBUG -   строка 3: Где:
2026-03-27 12:01:34,845 - __main__ - DEBUG -   строка 4: ЦЕХ
2026-03-27 12:01:34,845 - __main__ - DEBUG -   время: 22:00
2026-03-27 12:01:34,845 - __main__ - DEBUG -   title из строки после 'Кто:': BLOCK
2026-03-27 12:01:34,845 - __main__ - DEBUG -   place из строки после 'Где:': Пространство ЦЕХ
2026-03-27 12:01:34,845 - __main__ - DEBUG -   address найден после 'Где:': Ул. Машерова 11/2, Минск
2026-03-27 12:01:34,846 - __main__ - DEBUG -   price: от 25 руб
2026-03-27 12:01:34,846 - __main__ - DEBUG -   age: 18+
2026-03-27 12:01:34,846 - __main__ - DEBUG -   hashtags: ['HardTechno']
2026-03-27 12:01:34,846 - __main__ - DEBUG -   РЕЗУЛЬТАТ: title='BLOCK', place='Пространство ЦЕХ', location='Ул. Машерова 11/2, Минск'
2026-03-27 12:01:34,846 - __main__ - DEBUG - === Парсим блок ===
2026-03-27 12:01:34,846 - __main__ - DEBUG -   строка 0: 23:55
2026-03-27 12:01:34,846 - __main__ - DEBUG -   строка 1: Кто:
2026-03-27 12:01:34,846 - __main__ - DEBUG -   строка 2: RANDOM
2026-03-27 12:01:34,846 - __main__ - DEBUG -   строка 3: Где:
2026-03-27 12:01:34,846 - __main__ - DEBUG -   строка 4: CLUB 58
2026-03-27 12:01:34,846 - __main__ - DEBUG -   время: 23:55
2026-03-27 12:01:34,846 - __main__ - DEBUG -   title из строки после 'Кто:': RANDOM
2026-03-27 12:01:34,847 - __main__ - DEBUG -   place из строки после 'Где:': Club 58
2026-03-27 12:01:34,847 - __main__ - DEBUG -   address найден после 'Где:': Ул. Независимости 58/1, Минск
2026-03-27 12:01:34,847 - __main__ - DEBUG -   price: от 20 руб
2026-03-27 12:01:34,847 - __main__ - DEBUG -   age: 18+
2026-03-27 12:01:34,847 - __main__ - DEBUG -   hashtags: ['remix', 'pop', 'rap']
2026-03-27 12:01:34,847 - __main__ - DEBUG -   РЕЗУЛЬТАТ: title='RANDOM', place='Club 58', location='Ул. Независимости 58/1, Минск'
2026-03-27 12:01:34,847 - __main__ - DEBUG - === Парсим блок ===
2026-03-27 12:01:34,847 - __main__ - DEBUG -   строка 0: 19:00
2026-03-27 12:01:34,847 - __main__ - DEBUG -   строка 1: Кто:
2026-03-27 12:01:34,847 - __main__ - DEBUG -   строка 2: МУЗЛОТО x КАРАОКЕ-ВЕЧЕРИНКА
2026-03-27 12:01:34,847 - __main__ - DEBUG -   строка 3: Где:
2026-03-27 12:01:34,847 - __main__ - DEBUG -   строка 4: ЭХО
2026-03-27 12:01:34,847 - __main__ - DEBUG -   время: 19:00
2026-03-27 12:01:34,847 - __main__ - DEBUG -   title из строки после 'Кто:': МУЗЛОТО x КАРАОКЕ-ВЕЧЕРИНКА
2026-03-27 12:01:34,848 - __main__ - DEBUG -   place из строки после 'Где:': Пространство ЭХО
2026-03-27 12:01:34,848 - __main__ - DEBUG -   address найден после 'Где:': Просп. Независимости 95/5, Минск
2026-03-27 12:01:34,848 - __main__ - DEBUG -   price: Бесплатно
2026-03-27 12:01:34,848 - __main__ - DEBUG -   age: 18+
2026-03-27 12:01:34,848 - __main__ - DEBUG -   hashtags: ['pop', 'electronic']
2026-03-27 12:01:34,848 - __main__ - DEBUG -   РЕЗУЛЬТАТ: title='МУЗЛОТО x КАРАОКЕ-ВЕЧЕРИНКА', place='Пространство ЭХО', location='Просп. Независимости 95/5, Минск'
2026-03-27 12:01:34,850 - __main__ - INFO -   ✅ 2026-03-27 23:00 | VIBE 58                        | Club 58 | от 20 руб
2026-03-27 12:01:34,850 - __main__ - DEBUG -   ↩ дубль: EDENN / 2026-03-27
2026-03-27 12:01:34,852 - __main__ - INFO -   ✅ 2026-03-27 23:59 | OPEN DECK                      | Modul Art Platform | Бесплатно
2026-03-27 12:01:34,854 - __main__ - INFO -   ✅ 2026-03-28 23:55 | BLESS                          | 375 Place | от 10 руб
2026-03-27 12:01:34,856 - __main__ - INFO -   ✅ 2026-03-28 22:00 | BLOCK                          | Пространство ЦЕХ | от 25 руб
2026-03-27 12:01:34,856 - __main__ - DEBUG -   ↩ дубль: RANDOM / 2026-03-28
2026-03-27 12:01:34,858 - __main__ - INFO -   ✅ 2026-03-28 19:00 | МУЗЛОТО x КАРАОКЕ-ВЕЧЕРИНКА    | Пространство ЭХО | Бесплатно
2026-03-27 12:01:34,858 - __main__ - INFO - =======================================================
2026-03-27 12:01:34,858 - __main__ - INFO - 📊 Итого: постов 2, событий 7, сохранено 5, дублей 2
2026-03-27 12:20:10,435 - __main__ - INFO - =======================================================
2026-03-27 12:20:10,435 - __main__ - INFO - 📱 TELEGRAM ПАРСЕР: @partywall_minsk
2026-03-27 12:20:10,435 - __main__ - INFO - =======================================================
2026-03-27 12:20:10,448 - __main__ - INFO - 🗑 Удалено 5 старых записей tg_partywall
2026-03-27 12:20:12,270 - __main__ - INFO - 📋 Индекс дублей (другие источники): 7564 событий
2026-03-27 12:20:12,763 - __main__ - INFO -   стр.1: 7 постов
2026-03-27 12:20:14,644 - __main__ - INFO -   стр.2: 14 постов
2026-03-27 12:20:14,646 - __main__ - INFO -   Загружено 2 постов
2026-03-27 12:20:14,661 - __main__ - INFO -   ✅ 2026-03-27 23:00 | VIBE 58                        | Club 58 | от 20 руб
2026-03-27 12:20:14,664 - __main__ - INFO -   ✅ 2026-03-27 23:59 | OPEN DECK                      | Modul Art Platform | Бесплатно
2026-03-27 12:20:14,666 - __main__ - INFO -   ✅ 2026-03-28 23:55 | BLESS                          | 375 Place | от 10 руб
2026-03-27 12:20:14,668 - __main__ - INFO -   ✅ 2026-03-28 22:00 | BLOCK                          | Пространство ЦЕХ | от 25 руб
2026-03-27 12:20:14,671 - __main__ - INFO -   ✅ 2026-03-28 19:00 | МУЗЛОТО x КАРАОКЕ-ВЕЧЕРИНКА    | Пространство ЭХО | Бесплатно
2026-03-27 12:20:14,671 - __main__ - INFO - =======================================================
2026-03-27 12:20:14,671 - __main__ - INFO - 📊 Итого: постов 2, событий 7, сохранено 5, дублей 2
2026-03-27 12:29:08,037 - __main__ - INFO - =======================================================
2026-03-27 12:29:08,037 - __main__ - INFO - 📱 TELEGRAM ПАРСЕР: @partywall_minsk
2026-03-27 12:29:08,037 - __main__ - INFO - =======================================================
2026-03-27 12:29:08,049 - __main__ - INFO - 🗑 Удалено 5 старых записей tg_partywall
2026-03-27 12:29:09,970 - __main__ - INFO - 📋 Индекс дублей (другие источники): 7564 событий
2026-03-27 12:29:10,415 - __main__ - INFO -   стр.1: 7 постов
2026-03-27 12:29:12,309 - __main__ - INFO -   стр.2: 14 постов
2026-03-27 12:29:12,311 - __main__ - INFO -   Загружено 2 постов
2026-03-27 12:29:12,327 - __main__ - INFO -   ✅ 2026-03-27 23:00 | VIBE 58                        | Club 58 | от 20 руб
2026-03-27 12:29:12,329 - __main__ - INFO -   ✅ 2026-03-27 23:59 | OPEN DECK                      | Modul Art Platform | Бесплатно
2026-03-27 12:29:12,331 - __main__ - INFO - =======================================================
2026-03-27 12:29:12,331 - __main__ - INFO - 📊 Итого: постов 2, событий 7, сохранено 2, дублей 5
2026-03-27 12:36:33,099 - __main__ - INFO - =======================================================
2026-03-27 12:36:33,099 - __main__ - INFO - 📱 TELEGRAM ПАРСЕР: @partywall_minsk
2026-03-27 12:36:33,099 - __main__ - INFO - =======================================================
2026-03-27 12:36:33,111 - __main__ - INFO - 🗑 Удалено 2 старых записей tg_partywall
2026-03-27 12:36:34,830 - __main__ - INFO - 📋 Индекс дублей (другие источники): 7564 событий
2026-03-27 12:36:35,288 - __main__ - INFO -   стр.1: 7 постов
2026-03-27 12:36:37,164 - __main__ - INFO -   стр.2: 14 постов
2026-03-27 12:36:37,166 - __main__ - INFO -   Загружено 2 постов
2026-03-27 12:36:37,181 - __main__ - INFO -   ✅ 2026-03-27 23:00 | VIBE 58                        | Club 58 | от 20 руб
2026-03-27 12:36:37,184 - __main__ - INFO -   ✅ 2026-03-27 23:59 | OPEN DECK                      | Modul Art Platform | Бесплатно
2026-03-27 12:36:37,185 - __main__ - INFO - =======================================================
2026-03-27 12:36:37,185 - __main__ - INFO - 📊 Итого: постов 2, событий 7, сохранено 2, дублей 5
2026-03-27 12:39:43,917 - __main__ - INFO - =======================================================
2026-03-27 12:39:43,918 - __main__ - INFO - 📱 TELEGRAM ПАРСЕР: @partywall_minsk
2026-03-27 12:39:43,918 - __main__ - INFO - =======================================================
2026-03-27 12:39:43,929 - __main__ - INFO - 🗑 Удалено 2 старых записей tg_partywall
2026-03-27 12:39:45,716 - __main__ - INFO - 📋 Индекс дублей (другие источники): 7564 событий
2026-03-27 12:39:46,096 - __main__ - INFO -   стр.1: 7 постов
2026-03-27 12:39:48,006 - __main__ - INFO -   стр.2: 14 постов
2026-03-27 12:39:48,008 - __main__ - INFO -   Загружено 2 постов
2026-03-27 12:39:48,025 - __main__ - INFO -   ✅ 2026-03-27 23:00 | VIBE 58                        | Club 58 | от 20 руб
2026-03-27 12:39:48,028 - __main__ - INFO -   ✅ 2026-03-27 23:59 | OPEN DECK                      | Modul Art Platform | Бесплатно
2026-03-27 12:39:48,030 - __main__ - INFO - =======================================================
2026-03-27 12:39:48,030 - __main__ - INFO - 📊 Итого: постов 2, событий 7, сохранено 2, дублей 5
2026-03-27 12:49:10,352 - __main__ - INFO - =======================================================
2026-03-27 12:49:10,352 - __main__ - INFO - 📱 TELEGRAM ПАРСЕР: @partywall_minsk
2026-03-27 12:49:10,352 - __main__ - INFO - =======================================================
2026-03-27 12:49:10,364 - __main__ - INFO - 🗑 Удалено 2 старых записей tg_partywall
2026-03-27 12:49:12,071 - __main__ - INFO - 📋 Индекс дублей (другие источники): 7564 событий
2026-03-27 12:49:12,516 - __main__ - INFO -   стр.1: 7 постов
2026-03-27 12:49:14,389 - __main__ - INFO -   стр.2: 14 постов
2026-03-27 12:49:14,391 - __main__ - INFO -   Загружено 2 постов
2026-03-27 12:49:14,406 - __main__ - INFO -   ✅ 2026-03-27 23:00 | VIBE 58                        | Club 58 | от 20 руб
2026-03-27 12:49:14,409 - __main__ - INFO -   ✅ 2026-03-27 23:59 | OPEN DECK                      | Modul Art Platform | Бесплатно
2026-03-27 12:49:14,410 - __main__ - INFO - =======================================================
2026-03-27 12:49:14,410 - __main__ - INFO - 📊 Итого: постов 2, событий 7, сохранено 2, дублей 5
2026-03-27 13:00:38,824 - __main__ - INFO - =======================================================
2026-03-27 13:00:38,825 - __main__ - INFO - 📱 TELEGRAM ПАРСЕР: @partywall_minsk
2026-03-27 13:00:38,825 - __main__ - INFO - =======================================================
2026-03-27 13:00:38,836 - __main__ - INFO - 🗑 Удалено 2 старых записей tg_partywall
2026-03-27 13:00:40,591 - __main__ - INFO - 📋 Индекс дублей (другие источники): 7564 событий
2026-03-27 13:00:41,037 - __main__ - INFO -   стр.1: 7 постов
2026-03-27 13:00:42,941 - __main__ - INFO -   стр.2: 14 постов
2026-03-27 13:00:42,944 - __main__ - INFO -   Загружено 2 постов
2026-03-27 13:00:42,959 - __main__ - INFO -   ✅ 2026-03-27 23:00 | VIBE 58                        | Club 58 | от 20 руб
2026-03-27 13:00:42,961 - __main__ - INFO -   ✅ 2026-03-27 23:59 | OPEN DECK                      | Modul Art Platform | Бесплатно
2026-03-27 13:00:42,963 - __main__ - INFO - =======================================================
2026-03-27 13:00:42,963 - __main__ - INFO - 📊 Итого: постов 2, событий 7, сохранено 2, дублей 5
